{"/Users/mayank.narula/Documents/Workspace/personal/BloodConnect/frontend/components/themed-text.tsx": {"path":"/Users/mayank.narula/Documents/Workspace/personal/BloodConnect/frontend/components/themed-text.tsx","statementMap":{"0":{"start":{"line":18,"column":16},"end":{"line":18,"column":77}},"1":{"start":{"line":20,"column":2},"end":{"line":33,"column":4}},"2":{"start":{"line":36,"column":15},"end":{"line":60,"column":2}}},"fnMap":{"0":{"name":"ThemedText","decl":{"start":{"line":11,"column":16},"end":{"line":11,"column":26}},"loc":{"start":{"line":17,"column":20},"end":{"line":34,"column":1}},"line":17}},"branchMap":{"0":{"loc":{"start":{"line":15,"column":2},"end":{"line":15,"column":18}},"type":"default-arg","locations":[{"start":{"line":15,"column":9},"end":{"line":15,"column":18}}],"line":15},"1":{"loc":{"start":{"line":24,"column":8},"end":{"line":24,"column":55}},"type":"cond-expr","locations":[{"start":{"line":24,"column":29},"end":{"line":24,"column":43}},{"start":{"line":24,"column":46},"end":{"line":24,"column":55}}],"line":24},"2":{"loc":{"start":{"line":25,"column":8},"end":{"line":25,"column":51}},"type":"cond-expr","locations":[{"start":{"line":25,"column":27},"end":{"line":25,"column":39}},{"start":{"line":25,"column":42},"end":{"line":25,"column":51}}],"line":25},"3":{"loc":{"start":{"line":26,"column":8},"end":{"line":26,"column":71}},"type":"cond-expr","locations":[{"start":{"line":26,"column":37},"end":{"line":26,"column":59}},{"start":{"line":26,"column":62},"end":{"line":26,"column":71}}],"line":26},"4":{"loc":{"start":{"line":27,"column":8},"end":{"line":27,"column":57}},"type":"cond-expr","locations":[{"start":{"line":27,"column":30},"end":{"line":27,"column":45}},{"start":{"line":27,"column":48},"end":{"line":27,"column":57}}],"line":27},"5":{"loc":{"start":{"line":28,"column":8},"end":{"line":28,"column":49}},"type":"cond-expr","locations":[{"start":{"line":28,"column":26},"end":{"line":28,"column":37}},{"start":{"line":28,"column":40},"end":{"line":28,"column":49}}],"line":28}},"s":{"0":5,"1":5,"2":1},"f":{"0":5},"b":{"0":[0],"1":[1,4],"2":[1,4],"3":[1,4],"4":[1,4],"5":[1,4]},"_coverageSchema":"1a1c01bbd47fc00a2c39e90264f33305004495a9","hash":"d9a028d03b0db96d1e7665fbe227ff08d7ee726a"}
,"/Users/mayank.narula/Documents/Workspace/personal/BloodConnect/frontend/components/themed-view.tsx": {"path":"/Users/mayank.narula/Documents/Workspace/personal/BloodConnect/frontend/components/themed-view.tsx","statementMap":{"0":{"start":{"line":11,"column":26},"end":{"line":11,"column":93}},"1":{"start":{"line":13,"column":2},"end":{"line":13,"column":71}}},"fnMap":{"0":{"name":"ThemedView","decl":{"start":{"line":10,"column":16},"end":{"line":10,"column":26}},"loc":{"start":{"line":10,"column":93},"end":{"line":14,"column":1}},"line":10}},"branchMap":{},"s":{"0":1,"1":1},"f":{"0":1},"b":{},"_coverageSchema":"1a1c01bbd47fc00a2c39e90264f33305004495a9","hash":"c6d8484d38099462da5471c932a4361c8ada6f5d"}
,"/Users/mayank.narula/Documents/Workspace/personal/BloodConnect/frontend/constants/data.ts": {"path":"/Users/mayank.narula/Documents/Workspace/personal/BloodConnect/frontend/constants/data.ts","statementMap":{"0":{"start":{"line":14,"column":28},"end":{"line":14,"column":78}},"1":{"start":{"line":21,"column":43},"end":{"line":93,"column":1}},"2":{"start":{"line":95,"column":41},"end":{"line":119,"column":1}}},"fnMap":{},"branchMap":{},"s":{"0":1,"1":1,"2":1},"f":{},"b":{},"_coverageSchema":"1a1c01bbd47fc00a2c39e90264f33305004495a9","hash":"81456610373cd7796d2b0bde9a9b36fccc80c822"}
,"/Users/mayank.narula/Documents/Workspace/personal/BloodConnect/frontend/context/AuthContext.tsx": {"path":"/Users/mayank.narula/Documents/Workspace/personal/BloodConnect/frontend/context/AuthContext.tsx","statementMap":{"0":{"start":{"line":16,"column":20},"end":{"line":16,"column":73}},"1":{"start":{"line":18,"column":69},"end":{"line":115,"column":1}},"2":{"start":{"line":19,"column":26},"end":{"line":19,"column":53}},"3":{"start":{"line":20,"column":28},"end":{"line":20,"column":57}},"4":{"start":{"line":21,"column":36},"end":{"line":21,"column":50}},"5":{"start":{"line":23,"column":2},"end":{"line":44,"column":9}},"6":{"start":{"line":24,"column":20},"end":{"line":24,"column":25}},"7":{"start":{"line":26,"column":27},"end":{"line":40,"column":5}},"8":{"start":{"line":27,"column":6},"end":{"line":39,"column":7}},"9":{"start":{"line":28,"column":28},"end":{"line":28,"column":64}},"10":{"start":{"line":29,"column":27},"end":{"line":29,"column":56}},"11":{"start":{"line":31,"column":8},"end":{"line":34,"column":9}},"12":{"start":{"line":32,"column":10},"end":{"line":32,"column":32}},"13":{"start":{"line":33,"column":10},"end":{"line":33,"column":42}},"14":{"start":{"line":36,"column":8},"end":{"line":36,"column":53}},"15":{"start":{"line":38,"column":8},"end":{"line":38,"column":44}},"16":{"start":{"line":38,"column":24},"end":{"line":38,"column":44}},"17":{"start":{"line":42,"column":4},"end":{"line":42,"column":21}},"18":{"start":{"line":43,"column":4},"end":{"line":43,"column":39}},"19":{"start":{"line":43,"column":19},"end":{"line":43,"column":36}},"20":{"start":{"line":46,"column":16},"end":{"line":61,"column":3}},"21":{"start":{"line":47,"column":4},"end":{"line":60,"column":5}},"22":{"start":{"line":48,"column":23},"end":{"line":48,"column":67}},"23":{"start":{"line":49,"column":60},"end":{"line":49,"column":73}},"24":{"start":{"line":51,"column":6},"end":{"line":51,"column":56}},"25":{"start":{"line":52,"column":6},"end":{"line":52,"column":58}},"26":{"start":{"line":53,"column":6},"end":{"line":53,"column":62}},"27":{"start":{"line":55,"column":6},"end":{"line":55,"column":28}},"28":{"start":{"line":56,"column":6},"end":{"line":56,"column":24}},"29":{"start":{"line":58,"column":18},"end":{"line":58,"column":85}},"30":{"start":{"line":59,"column":6},"end":{"line":59,"column":82}},"31":{"start":{"line":63,"column":19},"end":{"line":82,"column":3}},"32":{"start":{"line":64,"column":4},"end":{"line":81,"column":5}},"33":{"start":{"line":65,"column":23},"end":{"line":65,"column":59}},"34":{"start":{"line":66,"column":59},"end":{"line":66,"column":72}},"35":{"start":{"line":68,"column":6},"end":{"line":70,"column":7}},"36":{"start":{"line":69,"column":8},"end":{"line":69,"column":56}},"37":{"start":{"line":72,"column":6},"end":{"line":72,"column":64}},"38":{"start":{"line":73,"column":6},"end":{"line":73,"column":66}},"39":{"start":{"line":74,"column":6},"end":{"line":74,"column":61}},"40":{"start":{"line":76,"column":6},"end":{"line":76,"column":28}},"41":{"start":{"line":77,"column":6},"end":{"line":77,"column":23}},"42":{"start":{"line":79,"column":18},"end":{"line":79,"column":85}},"43":{"start":{"line":80,"column":6},"end":{"line":80,"column":89}},"44":{"start":{"line":84,"column":21},"end":{"line":95,"column":3}},"45":{"start":{"line":85,"column":4},"end":{"line":94,"column":5}},"46":{"start":{"line":86,"column":23},"end":{"line":86,"column":91}},"47":{"start":{"line":87,"column":26},"end":{"line":87,"column":44}},"48":{"start":{"line":89,"column":6},"end":{"line":89,"column":65}},"49":{"start":{"line":90,"column":6},"end":{"line":90,"column":27}},"50":{"start":{"line":92,"column":18},"end":{"line":92,"column":85}},"51":{"start":{"line":93,"column":6},"end":{"line":93,"column":83}},"52":{"start":{"line":97,"column":17},"end":{"line":108,"column":3}},"53":{"start":{"line":98,"column":4},"end":{"line":107,"column":5}},"54":{"start":{"line":99,"column":6},"end":{"line":99,"column":49}},"55":{"start":{"line":100,"column":6},"end":{"line":100,"column":46}},"56":{"start":{"line":101,"column":6},"end":{"line":101,"column":47}},"57":{"start":{"line":102,"column":6},"end":{"line":102,"column":39}},"58":{"start":{"line":103,"column":6},"end":{"line":103,"column":21}},"59":{"start":{"line":104,"column":6},"end":{"line":104,"column":20}},"60":{"start":{"line":106,"column":6},"end":{"line":106,"column":40}},"61":{"start":{"line":110,"column":2},"end":{"line":114,"column":4}},"62":{"start":{"line":117,"column":23},"end":{"line":123,"column":1}},"63":{"start":{"line":118,"column":18},"end":{"line":118,"column":41}},"64":{"start":{"line":119,"column":2},"end":{"line":121,"column":3}},"65":{"start":{"line":120,"column":4},"end":{"line":120,"column":67}},"66":{"start":{"line":122,"column":2},"end":{"line":122,"column":17}}},"fnMap":{"0":{"name":"(anonymous_0)","decl":{"start":{"line":18,"column":69},"end":{"line":18,"column":70}},"loc":{"start":{"line":18,"column":87},"end":{"line":115,"column":1}},"line":18},"1":{"name":"(anonymous_1)","decl":{"start":{"line":23,"column":12},"end":{"line":23,"column":13}},"loc":{"start":{"line":23,"column":18},"end":{"line":44,"column":3}},"line":23},"2":{"name":"(anonymous_2)","decl":{"start":{"line":26,"column":27},"end":{"line":26,"column":28}},"loc":{"start":{"line":26,"column":39},"end":{"line":40,"column":5}},"line":26},"3":{"name":"(anonymous_3)","decl":{"start":{"line":43,"column":11},"end":{"line":43,"column":12}},"loc":{"start":{"line":43,"column":17},"end":{"line":43,"column":38}},"line":43},"4":{"name":"(anonymous_4)","decl":{"start":{"line":46,"column":16},"end":{"line":46,"column":17}},"loc":{"start":{"line":46,"column":59},"end":{"line":61,"column":3}},"line":46},"5":{"name":"(anonymous_5)","decl":{"start":{"line":63,"column":19},"end":{"line":63,"column":20}},"loc":{"start":{"line":63,"column":53},"end":{"line":82,"column":3}},"line":63},"6":{"name":"(anonymous_6)","decl":{"start":{"line":84,"column":21},"end":{"line":84,"column":22}},"loc":{"start":{"line":84,"column":56},"end":{"line":95,"column":3}},"line":84},"7":{"name":"(anonymous_7)","decl":{"start":{"line":97,"column":17},"end":{"line":97,"column":18}},"loc":{"start":{"line":97,"column":29},"end":{"line":108,"column":3}},"line":97},"8":{"name":"(anonymous_8)","decl":{"start":{"line":99,"column":39},"end":{"line":99,"column":40}},"loc":{"start":{"line":99,"column":45},"end":{"line":99,"column":47}},"line":99},"9":{"name":"(anonymous_9)","decl":{"start":{"line":117,"column":23},"end":{"line":117,"column":24}},"loc":{"start":{"line":117,"column":29},"end":{"line":123,"column":1}},"line":117}},"branchMap":{"0":{"loc":{"start":{"line":31,"column":8},"end":{"line":34,"column":9}},"type":"if","locations":[{"start":{"line":31,"column":8},"end":{"line":34,"column":9}},{"start":{},"end":{}}],"line":31},"1":{"loc":{"start":{"line":31,"column":12},"end":{"line":31,"column":51}},"type":"binary-expr","locations":[{"start":{"line":31,"column":12},"end":{"line":31,"column":22}},{"start":{"line":31,"column":26},"end":{"line":31,"column":37}},{"start":{"line":31,"column":41},"end":{"line":31,"column":51}}],"line":31},"2":{"loc":{"start":{"line":38,"column":8},"end":{"line":38,"column":44}},"type":"if","locations":[{"start":{"line":38,"column":8},"end":{"line":38,"column":44}},{"start":{},"end":{}}],"line":38},"3":{"loc":{"start":{"line":59,"column":22},"end":{"line":59,"column":80}},"type":"binary-expr","locations":[{"start":{"line":59,"column":22},"end":{"line":59,"column":47}},{"start":{"line":59,"column":51},"end":{"line":59,"column":62}},{"start":{"line":59,"column":66},"end":{"line":59,"column":80}}],"line":59},"4":{"loc":{"start":{"line":68,"column":6},"end":{"line":70,"column":7}},"type":"if","locations":[{"start":{"line":68,"column":6},"end":{"line":70,"column":7}},{"start":{},"end":{}}],"line":68},"5":{"loc":{"start":{"line":68,"column":10},"end":{"line":68,"column":34}},"type":"binary-expr","locations":[{"start":{"line":68,"column":10},"end":{"line":68,"column":22}},{"start":{"line":68,"column":26},"end":{"line":68,"column":34}}],"line":68},"6":{"loc":{"start":{"line":80,"column":22},"end":{"line":80,"column":87}},"type":"binary-expr","locations":[{"start":{"line":80,"column":22},"end":{"line":80,"column":47}},{"start":{"line":80,"column":51},"end":{"line":80,"column":62}},{"start":{"line":80,"column":66},"end":{"line":80,"column":87}}],"line":80},"7":{"loc":{"start":{"line":93,"column":22},"end":{"line":93,"column":81}},"type":"binary-expr","locations":[{"start":{"line":93,"column":22},"end":{"line":93,"column":47}},{"start":{"line":93,"column":51},"end":{"line":93,"column":62}},{"start":{"line":93,"column":66},"end":{"line":93,"column":81}}],"line":93},"8":{"loc":{"start":{"line":119,"column":2},"end":{"line":121,"column":3}},"type":"if","locations":[{"start":{"line":119,"column":2},"end":{"line":121,"column":3}},{"start":{},"end":{}}],"line":119}},"s":{"0":1,"1":1,"2":23,"3":23,"4":23,"5":23,"6":9,"7":9,"8":9,"9":9,"10":8,"11":8,"12":1,"13":1,"14":1,"15":9,"16":9,"17":9,"18":9,"19":9,"20":23,"21":2,"22":2,"23":1,"24":1,"25":1,"26":1,"27":1,"28":1,"29":1,"30":1,"31":23,"32":2,"33":2,"34":2,"35":2,"36":1,"37":1,"38":1,"39":1,"40":1,"41":1,"42":1,"43":1,"44":23,"45":2,"46":2,"47":1,"48":1,"49":1,"50":1,"51":1,"52":23,"53":2,"54":2,"55":2,"56":2,"57":2,"58":2,"59":2,"60":0,"61":23,"62":1,"63":24,"64":24,"65":2,"66":22},"f":{"0":23,"1":9,"2":9,"3":9,"4":2,"5":2,"6":2,"7":2,"8":1,"9":24},"b":{"0":[1,7],"1":[8,8,1],"2":[9,0],"3":[1,0,0],"4":[1,1],"5":[2,1],"6":[1,1,0],"7":[1,0,0],"8":[2,22]},"_coverageSchema":"1a1c01bbd47fc00a2c39e90264f33305004495a9","hash":"2e4eea83f2ab793da8da96c422b40558e67ba70e"}
,"/Users/mayank.narula/Documents/Workspace/personal/BloodConnect/frontend/context/ChatContext.tsx": {"path":"/Users/mayank.narula/Documents/Workspace/personal/BloodConnect/frontend/context/ChatContext.tsx","statementMap":{"0":{"start":{"line":5,"column":19},"end":{"line":5,"column":103}},"1":{"start":{"line":13,"column":20},"end":{"line":13,"column":73}},"2":{"start":{"line":15,"column":69},"end":{"line":73,"column":1}},"3":{"start":{"line":16,"column":26},"end":{"line":16,"column":35}},"4":{"start":{"line":17,"column":30},"end":{"line":17,"column":59}},"5":{"start":{"line":18,"column":24},"end":{"line":18,"column":51}},"6":{"start":{"line":20,"column":2},"end":{"line":47,"column":14}},"7":{"start":{"line":21,"column":4},"end":{"line":27,"column":5}},"8":{"start":{"line":22,"column":6},"end":{"line":25,"column":7}},"9":{"start":{"line":23,"column":8},"end":{"line":23,"column":28}},"10":{"start":{"line":24,"column":8},"end":{"line":24,"column":24}},"11":{"start":{"line":26,"column":6},"end":{"line":26,"column":13}},"12":{"start":{"line":29,"column":22},"end":{"line":34,"column":6}},"13":{"start":{"line":36,"column":4},"end":{"line":40,"column":7}},"14":{"start":{"line":37,"column":6},"end":{"line":39,"column":7}},"15":{"start":{"line":38,"column":8},"end":{"line":38,"column":59}},"16":{"start":{"line":42,"column":4},"end":{"line":42,"column":25}},"17":{"start":{"line":44,"column":4},"end":{"line":46,"column":6}},"18":{"start":{"line":45,"column":6},"end":{"line":45,"column":29}},"19":{"start":{"line":49,"column":19},"end":{"line":57,"column":3}},"20":{"start":{"line":51,"column":6},"end":{"line":51,"column":37}},"21":{"start":{"line":52,"column":6},"end":{"line":54,"column":7}},"22":{"start":{"line":53,"column":8},"end":{"line":53,"column":41}},"23":{"start":{"line":59,"column":22},"end":{"line":66,"column":3}},"24":{"start":{"line":61,"column":6},"end":{"line":63,"column":7}},"25":{"start":{"line":62,"column":8},"end":{"line":62,"column":77}},"26":{"start":{"line":68,"column":2},"end":{"line":72,"column":4}},"27":{"start":{"line":75,"column":23},"end":{"line":81,"column":1}},"28":{"start":{"line":76,"column":18},"end":{"line":76,"column":41}},"29":{"start":{"line":77,"column":2},"end":{"line":79,"column":3}},"30":{"start":{"line":78,"column":4},"end":{"line":78,"column":66}},"31":{"start":{"line":80,"column":2},"end":{"line":80,"column":17}}},"fnMap":{"0":{"name":"(anonymous_0)","decl":{"start":{"line":15,"column":69},"end":{"line":15,"column":70}},"loc":{"start":{"line":15,"column":87},"end":{"line":73,"column":1}},"line":15},"1":{"name":"(anonymous_1)","decl":{"start":{"line":20,"column":12},"end":{"line":20,"column":13}},"loc":{"start":{"line":20,"column":18},"end":{"line":47,"column":3}},"line":20},"2":{"name":"(anonymous_2)","decl":{"start":{"line":36,"column":28},"end":{"line":36,"column":29}},"loc":{"start":{"line":36,"column":34},"end":{"line":40,"column":5}},"line":36},"3":{"name":"(anonymous_3)","decl":{"start":{"line":44,"column":11},"end":{"line":44,"column":12}},"loc":{"start":{"line":44,"column":17},"end":{"line":46,"column":5}},"line":44},"4":{"name":"(anonymous_4)","decl":{"start":{"line":50,"column":4},"end":{"line":50,"column":5}},"loc":{"start":{"line":50,"column":24},"end":{"line":55,"column":5}},"line":50},"5":{"name":"(anonymous_5)","decl":{"start":{"line":60,"column":4},"end":{"line":60,"column":5}},"loc":{"start":{"line":60,"column":38},"end":{"line":64,"column":5}},"line":60},"6":{"name":"(anonymous_6)","decl":{"start":{"line":75,"column":23},"end":{"line":75,"column":24}},"loc":{"start":{"line":75,"column":29},"end":{"line":81,"column":1}},"line":75}},"branchMap":{"0":{"loc":{"start":{"line":5,"column":19},"end":{"line":5,"column":103}},"type":"binary-expr","locations":[{"start":{"line":5,"column":19},"end":{"line":5,"column":76}},{"start":{"line":5,"column":80},"end":{"line":5,"column":103}}],"line":5},"1":{"loc":{"start":{"line":21,"column":4},"end":{"line":27,"column":5}},"type":"if","locations":[{"start":{"line":21,"column":4},"end":{"line":27,"column":5}},{"start":{},"end":{}}],"line":21},"2":{"loc":{"start":{"line":22,"column":6},"end":{"line":25,"column":7}},"type":"if","locations":[{"start":{"line":22,"column":6},"end":{"line":25,"column":7}},{"start":{},"end":{}}],"line":22},"3":{"loc":{"start":{"line":37,"column":6},"end":{"line":39,"column":7}},"type":"if","locations":[{"start":{"line":37,"column":6},"end":{"line":39,"column":7}},{"start":{},"end":{}}],"line":37},"4":{"loc":{"start":{"line":52,"column":6},"end":{"line":54,"column":7}},"type":"if","locations":[{"start":{"line":52,"column":6},"end":{"line":54,"column":7}},{"start":{},"end":{}}],"line":52},"5":{"loc":{"start":{"line":61,"column":6},"end":{"line":63,"column":7}},"type":"if","locations":[{"start":{"line":61,"column":6},"end":{"line":63,"column":7}},{"start":{},"end":{}}],"line":61},"6":{"loc":{"start":{"line":61,"column":10},"end":{"line":61,"column":35}},"type":"binary-expr","locations":[{"start":{"line":61,"column":10},"end":{"line":61,"column":27}},{"start":{"line":61,"column":31},"end":{"line":61,"column":35}}],"line":61},"7":{"loc":{"start":{"line":77,"column":2},"end":{"line":79,"column":3}},"type":"if","locations":[{"start":{"line":77,"column":2},"end":{"line":79,"column":3}},{"start":{},"end":{}}],"line":77}},"s":{"0":1,"1":1,"2":1,"3":10,"4":10,"5":10,"6":10,"7":5,"8":1,"9":1,"10":1,"11":1,"12":4,"13":4,"14":1,"15":1,"16":4,"17":4,"18":4,"19":10,"20":2,"21":2,"22":2,"23":10,"24":2,"25":1,"26":10,"27":1,"28":12,"29":12,"30":2,"31":10},"f":{"0":10,"1":5,"2":1,"3":4,"4":2,"5":2,"6":12},"b":{"0":[1,1],"1":[1,4],"2":[1,0],"3":[1,0],"4":[2,0],"5":[1,1],"6":[2,2],"7":[2,10]},"_coverageSchema":"1a1c01bbd47fc00a2c39e90264f33305004495a9","hash":"1c0272b4bb4ec9c2f07dc2e1402451f7b1955ffb"}
,"/Users/mayank.narula/Documents/Workspace/personal/BloodConnect/frontend/context/ToastContext.tsx": {"path":"/Users/mayank.narula/Documents/Workspace/personal/BloodConnect/frontend/context/ToastContext.tsx","statementMap":{"0":{"start":{"line":17,"column":21},"end":{"line":17,"column":75}},"1":{"start":{"line":19,"column":70},"end":{"line":54,"column":1}},"2":{"start":{"line":20,"column":28},"end":{"line":24,"column":4}},"3":{"start":{"line":26,"column":21},"end":{"line":26,"column":71}},"4":{"start":{"line":28,"column":2},"end":{"line":32,"column":9}},"5":{"start":{"line":29,"column":4},"end":{"line":31,"column":6}},"6":{"start":{"line":30,"column":6},"end":{"line":30,"column":63}},"7":{"start":{"line":30,"column":30},"end":{"line":30,"column":63}},"8":{"start":{"line":34,"column":20},"end":{"line":42,"column":8}},"9":{"start":{"line":35,"column":4},"end":{"line":35,"column":61}},"10":{"start":{"line":35,"column":28},"end":{"line":35,"column":61}},"11":{"start":{"line":37,"column":4},"end":{"line":37,"column":47}},"12":{"start":{"line":39,"column":4},"end":{"line":41,"column":17}},"13":{"start":{"line":40,"column":6},"end":{"line":40,"column":56}},"14":{"start":{"line":40,"column":26},"end":{"line":40,"column":53}},"15":{"start":{"line":44,"column":20},"end":{"line":47,"column":8}},"16":{"start":{"line":45,"column":4},"end":{"line":45,"column":61}},"17":{"start":{"line":45,"column":28},"end":{"line":45,"column":61}},"18":{"start":{"line":46,"column":4},"end":{"line":46,"column":54}},"19":{"start":{"line":46,"column":24},"end":{"line":46,"column":51}},"20":{"start":{"line":49,"column":2},"end":{"line":53,"column":4}},"21":{"start":{"line":56,"column":24},"end":{"line":62,"column":1}},"22":{"start":{"line":57,"column":18},"end":{"line":57,"column":42}},"23":{"start":{"line":58,"column":2},"end":{"line":60,"column":3}},"24":{"start":{"line":59,"column":4},"end":{"line":59,"column":68}},"25":{"start":{"line":61,"column":2},"end":{"line":61,"column":17}},"26":{"start":{"line":64,"column":29},"end":{"line":67,"column":1}},"27":{"start":{"line":65,"column":18},"end":{"line":65,"column":42}},"28":{"start":{"line":66,"column":2},"end":{"line":66,"column":17}}},"fnMap":{"0":{"name":"(anonymous_0)","decl":{"start":{"line":19,"column":70},"end":{"line":19,"column":71}},"loc":{"start":{"line":19,"column":88},"end":{"line":54,"column":1}},"line":19},"1":{"name":"(anonymous_1)","decl":{"start":{"line":28,"column":12},"end":{"line":28,"column":13}},"loc":{"start":{"line":28,"column":18},"end":{"line":32,"column":3}},"line":28},"2":{"name":"(anonymous_2)","decl":{"start":{"line":29,"column":11},"end":{"line":29,"column":12}},"loc":{"start":{"line":29,"column":17},"end":{"line":31,"column":5}},"line":29},"3":{"name":"(anonymous_3)","decl":{"start":{"line":34,"column":32},"end":{"line":34,"column":33}},"loc":{"start":{"line":34,"column":98},"end":{"line":42,"column":3}},"line":34},"4":{"name":"(anonymous_4)","decl":{"start":{"line":39,"column":36},"end":{"line":39,"column":37}},"loc":{"start":{"line":39,"column":42},"end":{"line":41,"column":5}},"line":39},"5":{"name":"(anonymous_5)","decl":{"start":{"line":40,"column":15},"end":{"line":40,"column":16}},"loc":{"start":{"line":40,"column":26},"end":{"line":40,"column":53}},"line":40},"6":{"name":"(anonymous_6)","decl":{"start":{"line":44,"column":32},"end":{"line":44,"column":33}},"loc":{"start":{"line":44,"column":38},"end":{"line":47,"column":3}},"line":44},"7":{"name":"(anonymous_7)","decl":{"start":{"line":46,"column":13},"end":{"line":46,"column":14}},"loc":{"start":{"line":46,"column":24},"end":{"line":46,"column":51}},"line":46},"8":{"name":"(anonymous_8)","decl":{"start":{"line":56,"column":24},"end":{"line":56,"column":25}},"loc":{"start":{"line":56,"column":30},"end":{"line":62,"column":1}},"line":56},"9":{"name":"(anonymous_9)","decl":{"start":{"line":64,"column":29},"end":{"line":64,"column":30}},"loc":{"start":{"line":64,"column":35},"end":{"line":67,"column":1}},"line":64}},"branchMap":{"0":{"loc":{"start":{"line":30,"column":6},"end":{"line":30,"column":63}},"type":"if","locations":[{"start":{"line":30,"column":6},"end":{"line":30,"column":63}},{"start":{},"end":{}}],"line":30},"1":{"loc":{"start":{"line":34,"column":44},"end":{"line":34,"column":60}},"type":"default-arg","locations":[{"start":{"line":34,"column":51},"end":{"line":34,"column":60}}],"line":34},"2":{"loc":{"start":{"line":34,"column":62},"end":{"line":34,"column":77}},"type":"default-arg","locations":[{"start":{"line":34,"column":73},"end":{"line":34,"column":77}}],"line":34},"3":{"loc":{"start":{"line":35,"column":4},"end":{"line":35,"column":61}},"type":"if","locations":[{"start":{"line":35,"column":4},"end":{"line":35,"column":61}},{"start":{},"end":{}}],"line":35},"4":{"loc":{"start":{"line":45,"column":4},"end":{"line":45,"column":61}},"type":"if","locations":[{"start":{"line":45,"column":4},"end":{"line":45,"column":61}},{"start":{},"end":{}}],"line":45},"5":{"loc":{"start":{"line":58,"column":2},"end":{"line":60,"column":3}},"type":"if","locations":[{"start":{"line":58,"column":2},"end":{"line":60,"column":3}},{"start":{},"end":{}}],"line":58}},"s":{"0":1,"1":1,"2":7,"3":7,"4":7,"5":3,"6":3,"7":2,"8":7,"9":2,"10":0,"11":2,"12":2,"13":1,"14":1,"15":7,"16":1,"17":1,"18":1,"19":1,"20":7,"21":1,"22":8,"23":8,"24":2,"25":6,"26":1,"27":1,"28":1},"f":{"0":7,"1":3,"2":3,"3":2,"4":1,"5":1,"6":1,"7":1,"8":8,"9":1},"b":{"0":[2,1],"1":[1],"2":[0],"3":[0,2],"4":[1,0],"5":[2,6]},"_coverageSchema":"1a1c01bbd47fc00a2c39e90264f33305004495a9","hash":"9ff3f6291cb09c5820885348100e5d6e60842388"}
,"/Users/mayank.narula/Documents/Workspace/personal/BloodConnect/frontend/hooks/use-theme-color.ts": {"path":"/Users/mayank.narula/Documents/Workspace/personal/BloodConnect/frontend/hooks/use-theme-color.ts","statementMap":{"0":{"start":{"line":13,"column":16},"end":{"line":13,"column":43}},"1":{"start":{"line":14,"column":25},"end":{"line":14,"column":37}},"2":{"start":{"line":16,"column":2},"end":{"line":20,"column":3}},"3":{"start":{"line":17,"column":4},"end":{"line":17,"column":26}},"4":{"start":{"line":19,"column":4},"end":{"line":19,"column":36}}},"fnMap":{"0":{"name":"useThemeColor","decl":{"start":{"line":9,"column":16},"end":{"line":9,"column":29}},"loc":{"start":{"line":12,"column":2},"end":{"line":21,"column":1}},"line":12}},"branchMap":{"0":{"loc":{"start":{"line":13,"column":16},"end":{"line":13,"column":43}},"type":"binary-expr","locations":[{"start":{"line":13,"column":16},"end":{"line":13,"column":32}},{"start":{"line":13,"column":36},"end":{"line":13,"column":43}}],"line":13},"1":{"loc":{"start":{"line":16,"column":2},"end":{"line":20,"column":3}},"type":"if","locations":[{"start":{"line":16,"column":2},"end":{"line":20,"column":3}},{"start":{"line":18,"column":9},"end":{"line":20,"column":3}}],"line":16}},"s":{"0":9,"1":9,"2":9,"3":2,"4":7},"f":{"0":9},"b":{"0":[9,0],"1":[2,7]},"_coverageSchema":"1a1c01bbd47fc00a2c39e90264f33305004495a9","hash":"ddfd58c9496d389fd0426d46791979a560577d2e"}
,"/Users/mayank.narula/Documents/Workspace/personal/BloodConnect/frontend/utils/accessibility.ts": {"path":"/Users/mayank.narula/Documents/Workspace/personal/BloodConnect/frontend/utils/accessibility.ts","statementMap":{"0":{"start":{"line":4,"column":2},"end":{"line":9,"column":4}},"1":{"start":{"line":13,"column":2},"end":{"line":17,"column":4}}},"fnMap":{"0":{"name":"a11yButton","decl":{"start":{"line":3,"column":16},"end":{"line":3,"column":26}},"loc":{"start":{"line":3,"column":57},"end":{"line":10,"column":1}},"line":3},"1":{"name":"a11yTextField","decl":{"start":{"line":12,"column":16},"end":{"line":12,"column":29}},"loc":{"start":{"line":12,"column":61},"end":{"line":18,"column":1}},"line":12}},"branchMap":{"0":{"loc":{"start":{"line":8,"column":8},"end":{"line":8,"column":47}},"type":"cond-expr","locations":[{"start":{"line":8,"column":15},"end":{"line":8,"column":42}},{"start":{"line":8,"column":45},"end":{"line":8,"column":47}}],"line":8},"1":{"loc":{"start":{"line":16,"column":23},"end":{"line":16,"column":41}},"type":"binary-expr","locations":[{"start":{"line":16,"column":23},"end":{"line":16,"column":28}},{"start":{"line":16,"column":32},"end":{"line":16,"column":41}}],"line":16}},"s":{"0":2,"1":2},"f":{"0":2,"1":2},"b":{"0":[1,1],"1":[2,1]},"_coverageSchema":"1a1c01bbd47fc00a2c39e90264f33305004495a9","hash":"b87fee2f66aae3c10f735cf464de37bf61b923c0"}
,"/Users/mayank.narula/Documents/Workspace/personal/BloodConnect/frontend/utils/select.ts": {"path":"/Users/mayank.narula/Documents/Workspace/personal/BloodConnect/frontend/utils/select.ts","statementMap":{"0":{"start":{"line":4,"column":12},"end":{"line":4,"column":38}},"1":{"start":{"line":5,"column":2},"end":{"line":5,"column":25}},"2":{"start":{"line":5,"column":10},"end":{"line":5,"column":25}},"3":{"start":{"line":6,"column":2},"end":{"line":10,"column":4}},"4":{"start":{"line":8,"column":6},"end":{"line":9,"column":59}}},"fnMap":{"0":{"name":"filterSelectOptions","decl":{"start":{"line":3,"column":16},"end":{"line":3,"column":35}},"loc":{"start":{"line":3,"column":101},"end":{"line":11,"column":1}},"line":3},"1":{"name":"(anonymous_1)","decl":{"start":{"line":7,"column":4},"end":{"line":7,"column":5}},"loc":{"start":{"line":8,"column":6},"end":{"line":9,"column":59}},"line":8}},"branchMap":{"0":{"loc":{"start":{"line":5,"column":2},"end":{"line":5,"column":25}},"type":"if","locations":[{"start":{"line":5,"column":2},"end":{"line":5,"column":25}},{"start":{},"end":{}}],"line":5},"1":{"loc":{"start":{"line":8,"column":6},"end":{"line":9,"column":59}},"type":"binary-expr","locations":[{"start":{"line":8,"column":6},"end":{"line":8,"column":44}},{"start":{"line":9,"column":7},"end":{"line":9,"column":49}},{"start":{"line":9,"column":53},"end":{"line":9,"column":58}}],"line":8}},"s":{"0":4,"1":4,"2":1,"3":3,"4":5},"f":{"0":4,"1":5},"b":{"0":[1,3],"1":[5,3,0]},"_coverageSchema":"1a1c01bbd47fc00a2c39e90264f33305004495a9","hash":"398cf1771c5fbd939d20c1ec540c1af55b0084e8"}
,"/Users/mayank.narula/Documents/Workspace/personal/BloodConnect/frontend/utils/storage.ts": {"path":"/Users/mayank.narula/Documents/Workspace/personal/BloodConnect/frontend/utils/storage.ts","statementMap":{"0":{"start":{"line":5,"column":20},"end":{"line":5,"column":51}},"1":{"start":{"line":7,"column":23},"end":{"line":41,"column":1}},"2":{"start":{"line":9,"column":4},"end":{"line":19,"column":5}},"3":{"start":{"line":10,"column":6},"end":{"line":14,"column":7}},"4":{"start":{"line":11,"column":8},"end":{"line":11,"column":41}},"5":{"start":{"line":13,"column":8},"end":{"line":13,"column":48}},"6":{"start":{"line":15,"column":11},"end":{"line":19,"column":5}},"7":{"start":{"line":16,"column":6},"end":{"line":16,"column":49}},"8":{"start":{"line":18,"column":6},"end":{"line":18,"column":45}},"9":{"start":{"line":23,"column":4},"end":{"line":29,"column":5}},"10":{"start":{"line":24,"column":6},"end":{"line":24,"column":39}},"11":{"start":{"line":25,"column":11},"end":{"line":29,"column":5}},"12":{"start":{"line":26,"column":6},"end":{"line":26,"column":49}},"13":{"start":{"line":28,"column":6},"end":{"line":28,"column":45}},"14":{"start":{"line":33,"column":4},"end":{"line":39,"column":5}},"15":{"start":{"line":34,"column":6},"end":{"line":34,"column":35}},"16":{"start":{"line":35,"column":11},"end":{"line":39,"column":5}},"17":{"start":{"line":36,"column":6},"end":{"line":36,"column":45}},"18":{"start":{"line":38,"column":6},"end":{"line":38,"column":41}}},"fnMap":{"0":{"name":"(anonymous_0)","decl":{"start":{"line":8,"column":2},"end":{"line":8,"column":3}},"loc":{"start":{"line":8,"column":44},"end":{"line":20,"column":3}},"line":8},"1":{"name":"(anonymous_1)","decl":{"start":{"line":22,"column":2},"end":{"line":22,"column":3}},"loc":{"start":{"line":22,"column":53},"end":{"line":30,"column":3}},"line":22},"2":{"name":"(anonymous_2)","decl":{"start":{"line":32,"column":2},"end":{"line":32,"column":3}},"loc":{"start":{"line":32,"column":32},"end":{"line":40,"column":3}},"line":32}},"branchMap":{"0":{"loc":{"start":{"line":9,"column":4},"end":{"line":19,"column":5}},"type":"if","locations":[{"start":{"line":9,"column":4},"end":{"line":19,"column":5}},{"start":{"line":15,"column":11},"end":{"line":19,"column":5}}],"line":9},"1":{"loc":{"start":{"line":15,"column":11},"end":{"line":19,"column":5}},"type":"if","locations":[{"start":{"line":15,"column":11},"end":{"line":19,"column":5}},{"start":{"line":17,"column":11},"end":{"line":19,"column":5}}],"line":15},"2":{"loc":{"start":{"line":23,"column":4},"end":{"line":29,"column":5}},"type":"if","locations":[{"start":{"line":23,"column":4},"end":{"line":29,"column":5}},{"start":{"line":25,"column":11},"end":{"line":29,"column":5}}],"line":23},"3":{"loc":{"start":{"line":25,"column":11},"end":{"line":29,"column":5}},"type":"if","locations":[{"start":{"line":25,"column":11},"end":{"line":29,"column":5}},{"start":{"line":27,"column":11},"end":{"line":29,"column":5}}],"line":25},"4":{"loc":{"start":{"line":33,"column":4},"end":{"line":39,"column":5}},"type":"if","locations":[{"start":{"line":33,"column":4},"end":{"line":39,"column":5}},{"start":{"line":35,"column":11},"end":{"line":39,"column":5}}],"line":33},"5":{"loc":{"start":{"line":35,"column":11},"end":{"line":39,"column":5}},"type":"if","locations":[{"start":{"line":35,"column":11},"end":{"line":39,"column":5}},{"start":{"line":37,"column":11},"end":{"line":39,"column":5}}],"line":35}},"s":{"0":2,"1":2,"2":4,"3":2,"4":2,"5":1,"6":2,"7":1,"8":1,"9":2,"10":1,"11":1,"12":1,"13":0,"14":3,"15":1,"16":2,"17":1,"18":1},"f":{"0":4,"1":2,"2":3},"b":{"0":[2,2],"1":[1,1],"2":[1,1],"3":[1,0],"4":[1,2],"5":[1,1]},"_coverageSchema":"1a1c01bbd47fc00a2c39e90264f33305004495a9","hash":"f3f2f80b8683412237cd71177607dfe8347fb2d2"}
,"/Users/mayank.narula/Documents/Workspace/personal/BloodConnect/frontend/utils/validation.ts": {"path":"/Users/mayank.narula/Documents/Workspace/personal/BloodConnect/frontend/utils/validation.ts","statementMap":{"0":{"start":{"line":7,"column":2},"end":{"line":9,"column":3}},"1":{"start":{"line":8,"column":4},"end":{"line":8,"column":66}},"2":{"start":{"line":10,"column":2},"end":{"line":12,"column":3}},"3":{"start":{"line":11,"column":4},"end":{"line":11,"column":67}},"4":{"start":{"line":13,"column":2},"end":{"line":13,"column":25}},"5":{"start":{"line":17,"column":2},"end":{"line":19,"column":3}},"6":{"start":{"line":18,"column":4},"end":{"line":18,"column":61}},"7":{"start":{"line":20,"column":2},"end":{"line":20,"column":25}},"8":{"start":{"line":24,"column":22},"end":{"line":24,"column":42}},"9":{"start":{"line":25,"column":25},"end":{"line":25,"column":63}},"10":{"start":{"line":26,"column":2},"end":{"line":30,"column":4}}},"fnMap":{"0":{"name":"validateEmail","decl":{"start":{"line":6,"column":16},"end":{"line":6,"column":29}},"loc":{"start":{"line":6,"column":68},"end":{"line":14,"column":1}},"line":6},"1":{"name":"validateRequired","decl":{"start":{"line":16,"column":16},"end":{"line":16,"column":32}},"loc":{"start":{"line":16,"column":86},"end":{"line":21,"column":1}},"line":16},"2":{"name":"validateLoginForm","decl":{"start":{"line":23,"column":16},"end":{"line":23,"column":33}},"loc":{"start":{"line":23,"column":67},"end":{"line":31,"column":1}},"line":23}},"branchMap":{"0":{"loc":{"start":{"line":7,"column":2},"end":{"line":9,"column":3}},"type":"if","locations":[{"start":{"line":7,"column":2},"end":{"line":9,"column":3}},{"start":{},"end":{}}],"line":7},"1":{"loc":{"start":{"line":10,"column":2},"end":{"line":12,"column":3}},"type":"if","locations":[{"start":{"line":10,"column":2},"end":{"line":12,"column":3}},{"start":{},"end":{}}],"line":10},"2":{"loc":{"start":{"line":17,"column":2},"end":{"line":19,"column":3}},"type":"if","locations":[{"start":{"line":17,"column":2},"end":{"line":19,"column":3}},{"start":{},"end":{}}],"line":17},"3":{"loc":{"start":{"line":27,"column":16},"end":{"line":27,"column":66}},"type":"cond-expr","locations":[{"start":{"line":27,"column":36},"end":{"line":27,"column":38}},{"start":{"line":27,"column":41},"end":{"line":27,"column":66}}],"line":27},"4":{"loc":{"start":{"line":27,"column":41},"end":{"line":27,"column":66}},"type":"binary-expr","locations":[{"start":{"line":27,"column":41},"end":{"line":27,"column":60}},{"start":{"line":27,"column":64},"end":{"line":27,"column":66}}],"line":27},"5":{"loc":{"start":{"line":28,"column":19},"end":{"line":28,"column":75}},"type":"cond-expr","locations":[{"start":{"line":28,"column":42},"end":{"line":28,"column":44}},{"start":{"line":28,"column":47},"end":{"line":28,"column":75}}],"line":28},"6":{"loc":{"start":{"line":28,"column":47},"end":{"line":28,"column":75}},"type":"binary-expr","locations":[{"start":{"line":28,"column":47},"end":{"line":28,"column":69}},{"start":{"line":28,"column":73},"end":{"line":28,"column":75}}],"line":28},"7":{"loc":{"start":{"line":29,"column":13},"end":{"line":29,"column":54}},"type":"binary-expr","locations":[{"start":{"line":29,"column":13},"end":{"line":29,"column":30}},{"start":{"line":29,"column":34},"end":{"line":29,"column":54}}],"line":29}},"s":{"0":5,"1":2,"2":3,"3":1,"4":2,"5":4,"6":2,"7":2,"8":2,"9":2,"10":2},"f":{"0":5,"1":4,"2":2},"b":{"0":[2,3],"1":[1,2],"2":[2,2],"3":[1,1],"4":[1,0],"5":[1,1],"6":[1,0],"7":[2,1]},"_coverageSchema":"1a1c01bbd47fc00a2c39e90264f33305004495a9","hash":"752b970e457edceeaa3d663713c0112a957e0460"}
}
