TN:
SF:components/themed-text.tsx
FN:11,ThemedText
FNF:1
FNH:1
FNDA:5,ThemedText
DA:18,5
DA:20,5
DA:36,1
LF:3
LH:3
BRDA:15,0,0,0
BRDA:24,1,0,1
BRDA:24,1,1,4
BRDA:25,2,0,1
BRDA:25,2,1,4
BRDA:26,3,0,1
BRDA:26,3,1,4
BRDA:27,4,0,1
BRDA:27,4,1,4
BRDA:28,5,0,1
BRDA:28,5,1,4
BRF:11
BRH:10
end_of_record
TN:
SF:components/themed-view.tsx
FN:10,ThemedView
FNF:1
FNH:1
FNDA:1,ThemedView
DA:11,1
DA:13,1
LF:2
LH:2
BRF:0
BRH:0
end_of_record
TN:
SF:constants/data.ts
FNF:0
FNH:0
DA:14,1
DA:21,1
DA:95,1
LF:3
LH:3
BRF:0
BRH:0
end_of_record
TN:
SF:context/AuthContext.tsx
FN:18,(anonymous_0)
FN:23,(anonymous_1)
FN:26,(anonymous_2)
FN:43,(anonymous_3)
FN:46,(anonymous_4)
FN:63,(anonymous_5)
FN:84,(anonymous_6)
FN:97,(anonymous_7)
FN:99,(anonymous_8)
FN:117,(anonymous_9)
FNF:10
FNH:10
FNDA:23,(anonymous_0)
FNDA:9,(anonymous_1)
FNDA:9,(anonymous_2)
FNDA:9,(anonymous_3)
FNDA:2,(anonymous_4)
FNDA:2,(anonymous_5)
FNDA:2,(anonymous_6)
FNDA:2,(anonymous_7)
FNDA:1,(anonymous_8)
FNDA:24,(anonymous_9)
DA:16,1
DA:18,1
DA:19,23
DA:20,23
DA:21,23
DA:23,23
DA:24,9
DA:26,9
DA:27,9
DA:28,9
DA:29,8
DA:31,8
DA:32,1
DA:33,1
DA:36,1
DA:38,9
DA:42,9
DA:43,9
DA:46,23
DA:47,2
DA:48,2
DA:49,1
DA:51,1
DA:52,1
DA:53,1
DA:55,1
DA:56,1
DA:58,1
DA:59,1
DA:63,23
DA:64,2
DA:65,2
DA:66,2
DA:68,2
DA:69,1
DA:72,1
DA:73,1
DA:74,1
DA:76,1
DA:77,1
DA:79,1
DA:80,1
DA:84,23
DA:85,2
DA:86,2
DA:87,1
DA:89,1
DA:90,1
DA:92,1
DA:93,1
DA:97,23
DA:98,2
DA:99,2
DA:100,2
DA:101,2
DA:102,2
DA:103,2
DA:104,2
DA:106,0
DA:110,23
DA:117,1
DA:118,24
DA:119,24
DA:120,2
DA:122,22
LF:65
LH:64
BRDA:31,0,0,1
BRDA:31,0,1,7
BRDA:31,1,0,8
BRDA:31,1,1,8
BRDA:31,1,2,1
BRDA:38,2,0,9
BRDA:38,2,1,0
BRDA:59,3,0,1
BRDA:59,3,1,0
BRDA:59,3,2,0
BRDA:68,4,0,1
BRDA:68,4,1,1
BRDA:68,5,0,2
BRDA:68,5,1,1
BRDA:80,6,0,1
BRDA:80,6,1,1
BRDA:80,6,2,0
BRDA:93,7,0,1
BRDA:93,7,1,0
BRDA:93,7,2,0
BRDA:119,8,0,2
BRDA:119,8,1,22
BRF:22
BRH:16
end_of_record
TN:
SF:context/ChatContext.tsx
FN:15,(anonymous_0)
FN:20,(anonymous_1)
FN:36,(anonymous_2)
FN:44,(anonymous_3)
FN:50,(anonymous_4)
FN:60,(anonymous_5)
FN:75,(anonymous_6)
FNF:7
FNH:7
FNDA:10,(anonymous_0)
FNDA:5,(anonymous_1)
FNDA:1,(anonymous_2)
FNDA:4,(anonymous_3)
FNDA:2,(anonymous_4)
FNDA:2,(anonymous_5)
FNDA:12,(anonymous_6)
DA:5,1
DA:13,1
DA:15,1
DA:16,10
DA:17,10
DA:18,10
DA:20,10
DA:21,5
DA:22,1
DA:23,1
DA:24,1
DA:26,1
DA:29,4
DA:36,4
DA:37,1
DA:38,1
DA:42,4
DA:44,4
DA:45,4
DA:49,10
DA:51,2
DA:52,2
DA:53,2
DA:59,10
DA:61,2
DA:62,1
DA:68,10
DA:75,1
DA:76,12
DA:77,12
DA:78,2
DA:80,10
LF:32
LH:32
BRDA:5,0,0,1
BRDA:5,0,1,1
BRDA:21,1,0,1
BRDA:21,1,1,4
BRDA:22,2,0,1
BRDA:22,2,1,0
BRDA:37,3,0,1
BRDA:37,3,1,0
BRDA:52,4,0,2
BRDA:52,4,1,0
BRDA:61,5,0,1
BRDA:61,5,1,1
BRDA:61,6,0,2
BRDA:61,6,1,2
BRDA:77,7,0,2
BRDA:77,7,1,10
BRF:16
BRH:13
end_of_record
TN:
SF:context/ToastContext.tsx
FN:19,(anonymous_0)
FN:28,(anonymous_1)
FN:29,(anonymous_2)
FN:34,(anonymous_3)
FN:39,(anonymous_4)
FN:40,(anonymous_5)
FN:44,(anonymous_6)
FN:46,(anonymous_7)
FN:56,(anonymous_8)
FN:64,(anonymous_9)
FNF:10
FNH:10
FNDA:7,(anonymous_0)
FNDA:3,(anonymous_1)
FNDA:3,(anonymous_2)
FNDA:2,(anonymous_3)
FNDA:1,(anonymous_4)
FNDA:1,(anonymous_5)
FNDA:1,(anonymous_6)
FNDA:1,(anonymous_7)
FNDA:8,(anonymous_8)
FNDA:1,(anonymous_9)
DA:17,1
DA:19,1
DA:20,7
DA:26,7
DA:28,7
DA:29,3
DA:30,3
DA:34,7
DA:35,2
DA:37,2
DA:39,2
DA:40,1
DA:44,7
DA:45,1
DA:46,1
DA:49,7
DA:56,1
DA:57,8
DA:58,8
DA:59,2
DA:61,6
DA:64,1
DA:65,1
DA:66,1
LF:24
LH:24
BRDA:30,0,0,2
BRDA:30,0,1,1
BRDA:34,1,0,1
BRDA:34,2,0,0
BRDA:35,3,0,0
BRDA:35,3,1,2
BRDA:45,4,0,1
BRDA:45,4,1,0
BRDA:58,5,0,2
BRDA:58,5,1,6
BRF:10
BRH:7
end_of_record
TN:
SF:hooks/use-theme-color.ts
FN:9,useThemeColor
FNF:1
FNH:1
FNDA:9,useThemeColor
DA:13,9
DA:14,9
DA:16,9
DA:17,2
DA:19,7
LF:5
LH:5
BRDA:13,0,0,9
BRDA:13,0,1,0
BRDA:16,1,0,2
BRDA:16,1,1,7
BRF:4
BRH:3
end_of_record
TN:
SF:utils/accessibility.ts
FN:3,a11yButton
FN:12,a11yTextField
FNF:2
FNH:2
FNDA:2,a11yButton
FNDA:2,a11yTextField
DA:4,2
DA:13,2
LF:2
LH:2
BRDA:8,0,0,1
BRDA:8,0,1,1
BRDA:16,1,0,2
BRDA:16,1,1,1
BRF:4
BRH:4
end_of_record
TN:
SF:utils/select.ts
FN:3,filterSelectOptions
FN:7,(anonymous_1)
FNF:2
FNH:2
FNDA:4,filterSelectOptions
FNDA:5,(anonymous_1)
DA:4,4
DA:5,4
DA:6,3
DA:8,5
LF:4
LH:4
BRDA:5,0,0,1
BRDA:5,0,1,3
BRDA:8,1,0,5
BRDA:8,1,1,3
BRDA:8,1,2,0
BRF:5
BRH:4
end_of_record
TN:
SF:utils/storage.ts
FN:8,(anonymous_0)
FN:22,(anonymous_1)
FN:32,(anonymous_2)
FNF:3
FNH:3
FNDA:4,(anonymous_0)
FNDA:2,(anonymous_1)
FNDA:3,(anonymous_2)
DA:5,2
DA:7,2
DA:9,4
DA:10,2
DA:11,2
DA:13,1
DA:15,2
DA:16,1
DA:18,1
DA:23,2
DA:24,1
DA:25,1
DA:26,1
DA:28,0
DA:33,3
DA:34,1
DA:35,2
DA:36,1
DA:38,1
LF:19
LH:18
BRDA:9,0,0,2
BRDA:9,0,1,2
BRDA:15,1,0,1
BRDA:15,1,1,1
BRDA:23,2,0,1
BRDA:23,2,1,1
BRDA:25,3,0,1
BRDA:25,3,1,0
BRDA:33,4,0,1
BRDA:33,4,1,2
BRDA:35,5,0,1
BRDA:35,5,1,1
BRF:12
BRH:11
end_of_record
TN:
SF:utils/validation.ts
FN:6,validateEmail
FN:16,validateRequired
FN:23,validateLoginForm
FNF:3
FNH:3
FNDA:5,validateEmail
FNDA:4,validateRequired
FNDA:2,validateLoginForm
DA:7,5
DA:8,2
DA:10,3
DA:11,1
DA:13,2
DA:17,4
DA:18,2
DA:20,2
DA:24,2
DA:25,2
DA:26,2
LF:11
LH:11
BRDA:7,0,0,2
BRDA:7,0,1,3
BRDA:10,1,0,1
BRDA:10,1,1,2
BRDA:17,2,0,2
BRDA:17,2,1,2
BRDA:27,3,0,1
BRDA:27,3,1,1
BRDA:27,4,0,1
BRDA:27,4,1,0
BRDA:28,5,0,1
BRDA:28,5,1,1
BRDA:28,6,0,1
BRDA:28,6,1,0
BRDA:29,7,0,2
BRDA:29,7,1,1
BRF:16
BRH:14
end_of_record
