{"/Users/mayank.narula/Documents/Workspace/personal/BloodConnect/backend/controllers/auth.js": {"path":"/Users/mayank.narula/Documents/Workspace/personal/BloodConnect/backend/controllers/auth.js","statementMap":{"0":{"start":{"line":1,"column":13},"end":{"line":1,"column":38}},"1":{"start":{"line":2,"column":12},"end":{"line":2,"column":35}},"2":{"start":{"line":3,"column":15},"end":{"line":3,"column":32}},"3":{"start":{"line":4,"column":12},"end":{"line":4,"column":36}},"4":{"start":{"line":5,"column":15},"end":{"line":5,"column":42}},"5":{"start":{"line":6,"column":21},"end":{"line":6,"column":58}},"6":{"start":{"line":8,"column":0},"end":{"line":41,"column":2}},"7":{"start":{"line":9,"column":2},"end":{"line":40,"column":3}},"8":{"start":{"line":10,"column":94},"end":{"line":10,"column":102}},"9":{"start":{"line":12,"column":21},"end":{"line":12,"column":78}},"10":{"start":{"line":14,"column":4},"end":{"line":16,"column":5}},"11":{"start":{"line":15,"column":6},"end":{"line":15,"column":98}},"12":{"start":{"line":18,"column":23},"end":{"line":18,"column":52}},"13":{"start":{"line":19,"column":4},"end":{"line":21,"column":5}},"14":{"start":{"line":20,"column":6},"end":{"line":20,"column":106}},"15":{"start":{"line":23,"column":21},"end":{"line":23,"column":79}},"16":{"start":{"line":25,"column":4},"end":{"line":30,"column":5}},"17":{"start":{"line":26,"column":6},"end":{"line":29,"column":8}},"18":{"start":{"line":32,"column":4},"end":{"line":34,"column":5}},"19":{"start":{"line":33,"column":6},"end":{"line":33,"column":39}},"20":{"start":{"line":36,"column":17},"end":{"line":36,"column":44}},"21":{"start":{"line":37,"column":4},"end":{"line":37,"column":38}},"22":{"start":{"line":39,"column":4},"end":{"line":39,"column":14}},"23":{"start":{"line":43,"column":0},"end":{"line":61,"column":2}},"24":{"start":{"line":44,"column":2},"end":{"line":60,"column":3}},"25":{"start":{"line":45,"column":32},"end":{"line":45,"column":40}},"26":{"start":{"line":47,"column":17},"end":{"line":47,"column":66}},"27":{"start":{"line":48,"column":4},"end":{"line":50,"column":5}},"28":{"start":{"line":49,"column":6},"end":{"line":49,"column":84}},"29":{"start":{"line":52,"column":20},"end":{"line":52,"column":54}},"30":{"start":{"line":53,"column":4},"end":{"line":55,"column":5}},"31":{"start":{"line":54,"column":6},"end":{"line":54,"column":84}},"32":{"start":{"line":57,"column":4},"end":{"line":57,"column":38}},"33":{"start":{"line":59,"column":4},"end":{"line":59,"column":14}},"34":{"start":{"line":63,"column":0},"end":{"line":88,"column":2}},"35":{"start":{"line":64,"column":2},"end":{"line":87,"column":3}},"36":{"start":{"line":65,"column":17},"end":{"line":65,"column":62}},"37":{"start":{"line":67,"column":4},"end":{"line":72,"column":5}},"38":{"start":{"line":68,"column":6},"end":{"line":71,"column":9}},"39":{"start":{"line":74,"column":23},"end":{"line":74,"column":51}},"40":{"start":{"line":75,"column":4},"end":{"line":75,"column":51}},"41":{"start":{"line":77,"column":4},"end":{"line":79,"column":5}},"42":{"start":{"line":78,"column":6},"end":{"line":78,"column":102}},"43":{"start":{"line":81,"column":4},"end":{"line":84,"column":7}},"44":{"start":{"line":86,"column":4},"end":{"line":86,"column":14}},"45":{"start":{"line":90,"column":0},"end":{"line":115,"column":2}},"46":{"start":{"line":91,"column":2},"end":{"line":114,"column":3}},"47":{"start":{"line":92,"column":31},"end":{"line":95,"column":20}},"48":{"start":{"line":97,"column":17},"end":{"line":100,"column":6}},"49":{"start":{"line":102,"column":4},"end":{"line":104,"column":5}},"50":{"start":{"line":103,"column":6},"end":{"line":103,"column":89}},"51":{"start":{"line":106,"column":4},"end":{"line":106,"column":38}},"52":{"start":{"line":107,"column":4},"end":{"line":107,"column":40}},"53":{"start":{"line":108,"column":4},"end":{"line":108,"column":41}},"54":{"start":{"line":109,"column":4},"end":{"line":109,"column":22}},"55":{"start":{"line":111,"column":4},"end":{"line":111,"column":79}},"56":{"start":{"line":113,"column":4},"end":{"line":113,"column":14}},"57":{"start":{"line":117,"column":0},"end":{"line":140,"column":2}},"58":{"start":{"line":118,"column":2},"end":{"line":139,"column":3}},"59":{"start":{"line":119,"column":29},"end":{"line":119,"column":37}},"60":{"start":{"line":120,"column":4},"end":{"line":122,"column":5}},"61":{"start":{"line":121,"column":6},"end":{"line":121,"column":90}},"62":{"start":{"line":125,"column":4},"end":{"line":129,"column":5}},"63":{"start":{"line":126,"column":6},"end":{"line":126,"column":57}},"64":{"start":{"line":128,"column":6},"end":{"line":128,"column":97}},"65":{"start":{"line":131,"column":17},"end":{"line":131,"column":48}},"66":{"start":{"line":132,"column":4},"end":{"line":134,"column":5}},"67":{"start":{"line":133,"column":6},"end":{"line":133,"column":86}},"68":{"start":{"line":136,"column":4},"end":{"line":136,"column":38}},"69":{"start":{"line":138,"column":4},"end":{"line":138,"column":14}},"70":{"start":{"line":142,"column":0},"end":{"line":149,"column":2}},"71":{"start":{"line":143,"column":2},"end":{"line":148,"column":3}},"72":{"start":{"line":144,"column":4},"end":{"line":144,"column":75}},"73":{"start":{"line":145,"column":4},"end":{"line":145,"column":77}},"74":{"start":{"line":147,"column":4},"end":{"line":147,"column":14}},"75":{"start":{"line":151,"column":26},"end":{"line":179,"column":1}},"76":{"start":{"line":152,"column":22},"end":{"line":152,"column":102}},"77":{"start":{"line":153,"column":23},"end":{"line":153,"column":121}},"78":{"start":{"line":155,"column":27},"end":{"line":155,"column":89}},"79":{"start":{"line":156,"column":2},"end":{"line":156,"column":77}},"80":{"start":{"line":158,"column":2},"end":{"line":178,"column":5}}},"fnMap":{"0":{"name":"(anonymous_0)","decl":{"start":{"line":8,"column":19},"end":{"line":8,"column":20}},"loc":{"start":{"line":8,"column":45},"end":{"line":41,"column":1}},"line":8},"1":{"name":"(anonymous_1)","decl":{"start":{"line":43,"column":16},"end":{"line":43,"column":17}},"loc":{"start":{"line":43,"column":42},"end":{"line":61,"column":1}},"line":43},"2":{"name":"(anonymous_2)","decl":{"start":{"line":63,"column":25},"end":{"line":63,"column":26}},"loc":{"start":{"line":63,"column":51},"end":{"line":88,"column":1}},"line":63},"3":{"name":"(anonymous_3)","decl":{"start":{"line":90,"column":24},"end":{"line":90,"column":25}},"loc":{"start":{"line":90,"column":50},"end":{"line":115,"column":1}},"line":90},"4":{"name":"(anonymous_4)","decl":{"start":{"line":117,"column":23},"end":{"line":117,"column":24}},"loc":{"start":{"line":117,"column":49},"end":{"line":140,"column":1}},"line":117},"5":{"name":"(anonymous_5)","decl":{"start":{"line":142,"column":21},"end":{"line":142,"column":22}},"loc":{"start":{"line":142,"column":47},"end":{"line":149,"column":1}},"line":142},"6":{"name":"(anonymous_6)","decl":{"start":{"line":151,"column":26},"end":{"line":151,"column":27}},"loc":{"start":{"line":151,"column":59},"end":{"line":179,"column":1}},"line":151}},"branchMap":{"0":{"loc":{"start":{"line":12,"column":21},"end":{"line":12,"column":78}},"type":"cond-expr","locations":[{"start":{"line":12,"column":58},"end":{"line":12,"column":68}},{"start":{"line":12,"column":71},"end":{"line":12,"column":78}}],"line":12},"1":{"loc":{"start":{"line":14,"column":4},"end":{"line":16,"column":5}},"type":"if","locations":[{"start":{"line":14,"column":4},"end":{"line":16,"column":5}},{"start":{},"end":{}}],"line":14},"2":{"loc":{"start":{"line":14,"column":8},"end":{"line":14,"column":43}},"type":"binary-expr","locations":[{"start":{"line":14,"column":8},"end":{"line":14,"column":28}},{"start":{"line":14,"column":32},"end":{"line":14,"column":43}}],"line":14},"3":{"loc":{"start":{"line":19,"column":4},"end":{"line":21,"column":5}},"type":"if","locations":[{"start":{"line":19,"column":4},"end":{"line":21,"column":5}},{"start":{},"end":{}}],"line":19},"4":{"loc":{"start":{"line":25,"column":4},"end":{"line":30,"column":5}},"type":"if","locations":[{"start":{"line":25,"column":4},"end":{"line":30,"column":5}},{"start":{},"end":{}}],"line":25},"5":{"loc":{"start":{"line":25,"column":8},"end":{"line":25,"column":29}},"type":"binary-expr","locations":[{"start":{"line":25,"column":8},"end":{"line":25,"column":16}},{"start":{"line":25,"column":20},"end":{"line":25,"column":29}}],"line":25},"6":{"loc":{"start":{"line":32,"column":4},"end":{"line":34,"column":5}},"type":"if","locations":[{"start":{"line":32,"column":4},"end":{"line":34,"column":5}},{"start":{},"end":{}}],"line":32},"7":{"loc":{"start":{"line":48,"column":4},"end":{"line":50,"column":5}},"type":"if","locations":[{"start":{"line":48,"column":4},"end":{"line":50,"column":5}},{"start":{},"end":{}}],"line":48},"8":{"loc":{"start":{"line":53,"column":4},"end":{"line":55,"column":5}},"type":"if","locations":[{"start":{"line":53,"column":4},"end":{"line":55,"column":5}},{"start":{},"end":{}}],"line":53},"9":{"loc":{"start":{"line":67,"column":4},"end":{"line":72,"column":5}},"type":"if","locations":[{"start":{"line":67,"column":4},"end":{"line":72,"column":5}},{"start":{},"end":{}}],"line":67},"10":{"loc":{"start":{"line":77,"column":4},"end":{"line":79,"column":5}},"type":"if","locations":[{"start":{"line":77,"column":4},"end":{"line":79,"column":5}},{"start":{},"end":{}}],"line":77},"11":{"loc":{"start":{"line":102,"column":4},"end":{"line":104,"column":5}},"type":"if","locations":[{"start":{"line":102,"column":4},"end":{"line":104,"column":5}},{"start":{},"end":{}}],"line":102},"12":{"loc":{"start":{"line":120,"column":4},"end":{"line":122,"column":5}},"type":"if","locations":[{"start":{"line":120,"column":4},"end":{"line":122,"column":5}},{"start":{},"end":{}}],"line":120},"13":{"loc":{"start":{"line":132,"column":4},"end":{"line":134,"column":5}},"type":"if","locations":[{"start":{"line":132,"column":4},"end":{"line":134,"column":5}},{"start":{},"end":{}}],"line":132},"14":{"loc":{"start":{"line":132,"column":8},"end":{"line":132,"column":101}},"type":"binary-expr","locations":[{"start":{"line":132,"column":8},"end":{"line":132,"column":13}},{"start":{"line":132,"column":17},"end":{"line":132,"column":101}}],"line":132},"15":{"loc":{"start":{"line":175,"column":16},"end":{"line":175,"column":58}},"type":"binary-expr","locations":[{"start":{"line":175,"column":16},"end":{"line":175,"column":50}},{"start":{"line":175,"column":54},"end":{"line":175,"column":58}}],"line":175},"16":{"loc":{"start":{"line":176,"column":17},"end":{"line":176,"column":59}},"type":"binary-expr","locations":[{"start":{"line":176,"column":17},"end":{"line":176,"column":51}},{"start":{"line":176,"column":55},"end":{"line":176,"column":59}}],"line":176}},"s":{"0":0,"1":0,"2":0,"3":0,"4":0,"5":0,"6":0,"7":0,"8":0,"9":0,"10":0,"11":0,"12":0,"13":0,"14":0,"15":0,"16":0,"17":0,"18":0,"19":0,"20":0,"21":0,"22":0,"23":0,"24":0,"25":0,"26":0,"27":0,"28":0,"29":0,"30":0,"31":0,"32":0,"33":0,"34":0,"35":0,"36":0,"37":0,"38":0,"39":0,"40":0,"41":0,"42":0,"43":0,"44":0,"45":0,"46":0,"47":0,"48":0,"49":0,"50":0,"51":0,"52":0,"53":0,"54":0,"55":0,"56":0,"57":0,"58":0,"59":0,"60":0,"61":0,"62":0,"63":0,"64":0,"65":0,"66":0,"67":0,"68":0,"69":0,"70":0,"71":0,"72":0,"73":0,"74":0,"75":0,"76":0,"77":0,"78":0,"79":0,"80":0},"f":{"0":0,"1":0,"2":0,"3":0,"4":0,"5":0,"6":0},"b":{"0":[0,0],"1":[0,0],"2":[0,0],"3":[0,0],"4":[0,0],"5":[0,0],"6":[0,0],"7":[0,0],"8":[0,0],"9":[0,0],"10":[0,0],"11":[0,0],"12":[0,0],"13":[0,0],"14":[0,0],"15":[0,0],"16":[0,0]}}
,"/Users/mayank.narula/Documents/Workspace/personal/BloodConnect/backend/controllers/chats.js": {"path":"/Users/mayank.narula/Documents/Workspace/personal/BloodConnect/backend/controllers/chats.js","statementMap":{"0":{"start":{"line":1,"column":17},"end":{"line":1,"column":36}},"1":{"start":{"line":2,"column":13},"end":{"line":2,"column":38}},"2":{"start":{"line":3,"column":16},"end":{"line":3,"column":44}},"3":{"start":{"line":4,"column":15},"end":{"line":4,"column":42}},"4":{"start":{"line":6,"column":0},"end":{"line":35,"column":2}},"5":{"start":{"line":7,"column":2},"end":{"line":34,"column":3}},"6":{"start":{"line":8,"column":17},"end":{"line":8,"column":59}},"7":{"start":{"line":9,"column":18},"end":{"line":9,"column":76}},"8":{"start":{"line":10,"column":17},"end":{"line":10,"column":35}},"9":{"start":{"line":12,"column":19},"end":{"line":12,"column":59}},"10":{"start":{"line":14,"column":32},"end":{"line":22,"column":6}},"11":{"start":{"line":24,"column":4},"end":{"line":31,"column":7}},"12":{"start":{"line":33,"column":4},"end":{"line":33,"column":14}},"13":{"start":{"line":37,"column":0},"end":{"line":56,"column":2}},"14":{"start":{"line":38,"column":2},"end":{"line":55,"column":3}},"15":{"start":{"line":39,"column":17},"end":{"line":41,"column":30}},"16":{"start":{"line":43,"column":4},"end":{"line":45,"column":5}},"17":{"start":{"line":44,"column":6},"end":{"line":44,"column":79}},"18":{"start":{"line":47,"column":26},"end":{"line":47,"column":89}},"19":{"start":{"line":47,"column":56},"end":{"line":47,"column":88}},"20":{"start":{"line":48,"column":4},"end":{"line":50,"column":5}},"21":{"start":{"line":49,"column":6},"end":{"line":49,"column":97}},"22":{"start":{"line":52,"column":4},"end":{"line":52,"column":56}},"23":{"start":{"line":54,"column":4},"end":{"line":54,"column":14}},"24":{"start":{"line":58,"column":0},"end":{"line":90,"column":2}},"25":{"start":{"line":59,"column":2},"end":{"line":89,"column":3}},"26":{"start":{"line":60,"column":17},"end":{"line":60,"column":51}},"27":{"start":{"line":61,"column":4},"end":{"line":63,"column":5}},"28":{"start":{"line":62,"column":6},"end":{"line":62,"column":79}},"29":{"start":{"line":65,"column":26},"end":{"line":65,"column":85}},"30":{"start":{"line":65,"column":56},"end":{"line":65,"column":84}},"31":{"start":{"line":66,"column":4},"end":{"line":68,"column":5}},"32":{"start":{"line":67,"column":6},"end":{"line":67,"column":97}},"33":{"start":{"line":70,"column":17},"end":{"line":70,"column":59}},"34":{"start":{"line":71,"column":18},"end":{"line":71,"column":77}},"35":{"start":{"line":72,"column":17},"end":{"line":72,"column":35}},"36":{"start":{"line":74,"column":35},"end":{"line":77,"column":6}},"37":{"start":{"line":79,"column":4},"end":{"line":86,"column":7}},"38":{"start":{"line":88,"column":4},"end":{"line":88,"column":14}},"39":{"start":{"line":92,"column":0},"end":{"line":112,"column":2}},"40":{"start":{"line":93,"column":42},"end":{"line":93,"column":50}},"41":{"start":{"line":95,"column":2},"end":{"line":111,"column":3}},"42":{"start":{"line":96,"column":15},"end":{"line":99,"column":6}},"43":{"start":{"line":101,"column":4},"end":{"line":106,"column":5}},"44":{"start":{"line":102,"column":6},"end":{"line":105,"column":9}},"45":{"start":{"line":108,"column":4},"end":{"line":108,"column":56}},"46":{"start":{"line":110,"column":4},"end":{"line":110,"column":14}},"47":{"start":{"line":114,"column":0},"end":{"line":146,"column":2}},"48":{"start":{"line":115,"column":18},"end":{"line":115,"column":47}},"49":{"start":{"line":116,"column":2},"end":{"line":145,"column":3}},"50":{"start":{"line":117,"column":4},"end":{"line":117,"column":31}},"51":{"start":{"line":119,"column":17},"end":{"line":119,"column":68}},"52":{"start":{"line":120,"column":4},"end":{"line":123,"column":5}},"53":{"start":{"line":121,"column":6},"end":{"line":121,"column":39}},"54":{"start":{"line":122,"column":6},"end":{"line":122,"column":79}},"55":{"start":{"line":125,"column":26},"end":{"line":125,"column":85}},"56":{"start":{"line":125,"column":56},"end":{"line":125,"column":84}},"57":{"start":{"line":126,"column":4},"end":{"line":129,"column":5}},"58":{"start":{"line":127,"column":6},"end":{"line":127,"column":39}},"59":{"start":{"line":128,"column":6},"end":{"line":128,"column":109}},"60":{"start":{"line":131,"column":22},"end":{"line":134,"column":5}},"61":{"start":{"line":136,"column":4},"end":{"line":136,"column":91}},"62":{"start":{"line":138,"column":4},"end":{"line":138,"column":38}},"63":{"start":{"line":139,"column":4},"end":{"line":139,"column":59}},"64":{"start":{"line":141,"column":4},"end":{"line":141,"column":37}},"65":{"start":{"line":142,"column":4},"end":{"line":142,"column":14}},"66":{"start":{"line":144,"column":4},"end":{"line":144,"column":25}}},"fnMap":{"0":{"name":"(anonymous_0)","decl":{"start":{"line":6,"column":19},"end":{"line":6,"column":20}},"loc":{"start":{"line":6,"column":45},"end":{"line":35,"column":1}},"line":6},"1":{"name":"(anonymous_1)","decl":{"start":{"line":37,"column":22},"end":{"line":37,"column":23}},"loc":{"start":{"line":37,"column":48},"end":{"line":56,"column":1}},"line":37},"2":{"name":"(anonymous_2)","decl":{"start":{"line":47,"column":49},"end":{"line":47,"column":50}},"loc":{"start":{"line":47,"column":56},"end":{"line":47,"column":88}},"line":47},"3":{"name":"(anonymous_3)","decl":{"start":{"line":58,"column":22},"end":{"line":58,"column":23}},"loc":{"start":{"line":58,"column":48},"end":{"line":90,"column":1}},"line":58},"4":{"name":"(anonymous_4)","decl":{"start":{"line":65,"column":49},"end":{"line":65,"column":50}},"loc":{"start":{"line":65,"column":56},"end":{"line":65,"column":84}},"line":65},"5":{"name":"(anonymous_5)","decl":{"start":{"line":92,"column":20},"end":{"line":92,"column":21}},"loc":{"start":{"line":92,"column":46},"end":{"line":112,"column":1}},"line":92},"6":{"name":"(anonymous_6)","decl":{"start":{"line":114,"column":22},"end":{"line":114,"column":23}},"loc":{"start":{"line":114,"column":48},"end":{"line":146,"column":1}},"line":114},"7":{"name":"(anonymous_7)","decl":{"start":{"line":125,"column":49},"end":{"line":125,"column":50}},"loc":{"start":{"line":125,"column":56},"end":{"line":125,"column":84}},"line":125}},"branchMap":{"0":{"loc":{"start":{"line":8,"column":29},"end":{"line":8,"column":58}},"type":"binary-expr","locations":[{"start":{"line":8,"column":29},"end":{"line":8,"column":53}},{"start":{"line":8,"column":57},"end":{"line":8,"column":58}}],"line":8},"1":{"loc":{"start":{"line":9,"column":43},"end":{"line":9,"column":74}},"type":"binary-expr","locations":[{"start":{"line":9,"column":43},"end":{"line":9,"column":68}},{"start":{"line":9,"column":72},"end":{"line":9,"column":74}}],"line":9},"2":{"loc":{"start":{"line":43,"column":4},"end":{"line":45,"column":5}},"type":"if","locations":[{"start":{"line":43,"column":4},"end":{"line":45,"column":5}},{"start":{},"end":{}}],"line":43},"3":{"loc":{"start":{"line":48,"column":4},"end":{"line":50,"column":5}},"type":"if","locations":[{"start":{"line":48,"column":4},"end":{"line":50,"column":5}},{"start":{},"end":{}}],"line":48},"4":{"loc":{"start":{"line":61,"column":4},"end":{"line":63,"column":5}},"type":"if","locations":[{"start":{"line":61,"column":4},"end":{"line":63,"column":5}},{"start":{},"end":{}}],"line":61},"5":{"loc":{"start":{"line":66,"column":4},"end":{"line":68,"column":5}},"type":"if","locations":[{"start":{"line":66,"column":4},"end":{"line":68,"column":5}},{"start":{},"end":{}}],"line":66},"6":{"loc":{"start":{"line":70,"column":29},"end":{"line":70,"column":58}},"type":"binary-expr","locations":[{"start":{"line":70,"column":29},"end":{"line":70,"column":53}},{"start":{"line":70,"column":57},"end":{"line":70,"column":58}}],"line":70},"7":{"loc":{"start":{"line":71,"column":44},"end":{"line":71,"column":75}},"type":"binary-expr","locations":[{"start":{"line":71,"column":44},"end":{"line":71,"column":69}},{"start":{"line":71,"column":73},"end":{"line":71,"column":75}}],"line":71},"8":{"loc":{"start":{"line":98,"column":22},"end":{"line":98,"column":58}},"type":"binary-expr","locations":[{"start":{"line":98,"column":22},"end":{"line":98,"column":36}},{"start":{"line":98,"column":40},"end":{"line":98,"column":58}}],"line":98},"9":{"loc":{"start":{"line":101,"column":4},"end":{"line":106,"column":5}},"type":"if","locations":[{"start":{"line":101,"column":4},"end":{"line":106,"column":5}},{"start":{},"end":{}}],"line":101},"10":{"loc":{"start":{"line":120,"column":4},"end":{"line":123,"column":5}},"type":"if","locations":[{"start":{"line":120,"column":4},"end":{"line":123,"column":5}},{"start":{},"end":{}}],"line":120},"11":{"loc":{"start":{"line":126,"column":4},"end":{"line":129,"column":5}},"type":"if","locations":[{"start":{"line":126,"column":4},"end":{"line":129,"column":5}},{"start":{},"end":{}}],"line":126}},"s":{"0":0,"1":0,"2":0,"3":0,"4":0,"5":0,"6":0,"7":0,"8":0,"9":0,"10":0,"11":0,"12":0,"13":0,"14":0,"15":0,"16":0,"17":0,"18":0,"19":0,"20":0,"21":0,"22":0,"23":0,"24":0,"25":0,"26":0,"27":0,"28":0,"29":0,"30":0,"31":0,"32":0,"33":0,"34":0,"35":0,"36":0,"37":0,"38":0,"39":0,"40":0,"41":0,"42":0,"43":0,"44":0,"45":0,"46":0,"47":0,"48":0,"49":0,"50":0,"51":0,"52":0,"53":0,"54":0,"55":0,"56":0,"57":0,"58":0,"59":0,"60":0,"61":0,"62":0,"63":0,"64":0,"65":0,"66":0},"f":{"0":0,"1":0,"2":0,"3":0,"4":0,"5":0,"6":0,"7":0},"b":{"0":[0,0],"1":[0,0],"2":[0,0],"3":[0,0],"4":[0,0],"5":[0,0],"6":[0,0],"7":[0,0],"8":[0,0],"9":[0,0],"10":[0,0],"11":[0,0]}}
,"/Users/mayank.narula/Documents/Workspace/personal/BloodConnect/backend/controllers/donors.js": {"path":"/Users/mayank.narula/Documents/Workspace/personal/BloodConnect/backend/controllers/donors.js","statementMap":{"0":{"start":{"line":1,"column":13},"end":{"line":1,"column":38}},"1":{"start":{"line":2,"column":21},"end":{"line":2,"column":54}},"2":{"start":{"line":3,"column":15},"end":{"line":3,"column":42}},"3":{"start":{"line":5,"column":30},"end":{"line":5,"column":134}},"4":{"start":{"line":6,"column":28},"end":{"line":6,"column":75}},"5":{"start":{"line":8,"column":0},"end":{"line":84,"column":2}},"6":{"start":{"line":9,"column":2},"end":{"line":83,"column":3}},"7":{"start":{"line":10,"column":17},"end":{"line":10,"column":59}},"8":{"start":{"line":11,"column":18},"end":{"line":11,"column":77}},"9":{"start":{"line":12,"column":17},"end":{"line":12,"column":35}},"10":{"start":{"line":14,"column":19},"end":{"line":19,"column":5}},"11":{"start":{"line":21,"column":4},"end":{"line":26,"column":5}},"12":{"start":{"line":22,"column":26},"end":{"line":22,"column":76}},"13":{"start":{"line":23,"column":6},"end":{"line":25,"column":7}},"14":{"start":{"line":24,"column":8},"end":{"line":24,"column":49}},"15":{"start":{"line":28,"column":4},"end":{"line":41,"column":5}},"16":{"start":{"line":29,"column":18},"end":{"line":29,"column":48}},"17":{"start":{"line":30,"column":18},"end":{"line":30,"column":49}},"18":{"start":{"line":31,"column":21},"end":{"line":31,"column":55}},"19":{"start":{"line":33,"column":6},"end":{"line":40,"column":7}},"20":{"start":{"line":34,"column":8},"end":{"line":39,"column":10}},"21":{"start":{"line":43,"column":16},"end":{"line":43,"column":33}},"22":{"start":{"line":45,"column":4},"end":{"line":51,"column":5}},"23":{"start":{"line":46,"column":30},"end":{"line":46,"column":57}},"24":{"start":{"line":47,"column":25},"end":{"line":47,"column":96}},"25":{"start":{"line":47,"column":55},"end":{"line":47,"column":95}},"26":{"start":{"line":48,"column":6},"end":{"line":50,"column":7}},"27":{"start":{"line":49,"column":8},"end":{"line":49,"column":51}},"28":{"start":{"line":53,"column":4},"end":{"line":66,"column":5}},"29":{"start":{"line":54,"column":29},"end":{"line":54,"column":54}},"30":{"start":{"line":55,"column":24},"end":{"line":58,"column":8}},"31":{"start":{"line":56,"column":22},"end":{"line":56,"column":48}},"32":{"start":{"line":57,"column":8},"end":{"line":57,"column":51}},"33":{"start":{"line":59,"column":6},"end":{"line":63,"column":7}},"34":{"start":{"line":60,"column":8},"end":{"line":60,"column":48}},"35":{"start":{"line":62,"column":8},"end":{"line":62,"column":41}},"36":{"start":{"line":65,"column":6},"end":{"line":65,"column":39}},"37":{"start":{"line":68,"column":33},"end":{"line":71,"column":6}},"38":{"start":{"line":73,"column":4},"end":{"line":80,"column":7}},"39":{"start":{"line":82,"column":4},"end":{"line":82,"column":14}},"40":{"start":{"line":86,"column":0},"end":{"line":98,"column":2}},"41":{"start":{"line":87,"column":2},"end":{"line":97,"column":3}},"42":{"start":{"line":88,"column":18},"end":{"line":88,"column":52}},"43":{"start":{"line":90,"column":4},"end":{"line":92,"column":5}},"44":{"start":{"line":91,"column":6},"end":{"line":91,"column":80}},"45":{"start":{"line":94,"column":4},"end":{"line":94,"column":57}},"46":{"start":{"line":96,"column":4},"end":{"line":96,"column":14}},"47":{"start":{"line":100,"column":0},"end":{"line":127,"column":2}},"48":{"start":{"line":101,"column":2},"end":{"line":126,"column":3}},"49":{"start":{"line":102,"column":30},"end":{"line":107,"column":5}},"50":{"start":{"line":109,"column":49},"end":{"line":116,"column":6}},"51":{"start":{"line":118,"column":4},"end":{"line":123,"column":7}},"52":{"start":{"line":122,"column":41},"end":{"line":122,"column":73}},"53":{"start":{"line":125,"column":4},"end":{"line":125,"column":14}}},"fnMap":{"0":{"name":"(anonymous_0)","decl":{"start":{"line":8,"column":20},"end":{"line":8,"column":21}},"loc":{"start":{"line":8,"column":46},"end":{"line":84,"column":1}},"line":8},"1":{"name":"(anonymous_1)","decl":{"start":{"line":47,"column":48},"end":{"line":47,"column":49}},"loc":{"start":{"line":47,"column":55},"end":{"line":47,"column":95}},"line":47},"2":{"name":"(anonymous_2)","decl":{"start":{"line":55,"column":46},"end":{"line":55,"column":47}},"loc":{"start":{"line":55,"column":53},"end":{"line":58,"column":7}},"line":55},"3":{"name":"(anonymous_3)","decl":{"start":{"line":86,"column":19},"end":{"line":86,"column":20}},"loc":{"start":{"line":86,"column":45},"end":{"line":98,"column":1}},"line":86},"4":{"name":"(anonymous_4)","decl":{"start":{"line":100,"column":24},"end":{"line":100,"column":25}},"loc":{"start":{"line":100,"column":50},"end":{"line":127,"column":1}},"line":100},"5":{"name":"(anonymous_5)","decl":{"start":{"line":122,"column":33},"end":{"line":122,"column":34}},"loc":{"start":{"line":122,"column":41},"end":{"line":122,"column":73}},"line":122}},"branchMap":{"0":{"loc":{"start":{"line":10,"column":29},"end":{"line":10,"column":58}},"type":"binary-expr","locations":[{"start":{"line":10,"column":29},"end":{"line":10,"column":53}},{"start":{"line":10,"column":57},"end":{"line":10,"column":58}}],"line":10},"1":{"loc":{"start":{"line":11,"column":44},"end":{"line":11,"column":75}},"type":"binary-expr","locations":[{"start":{"line":11,"column":44},"end":{"line":11,"column":69}},{"start":{"line":11,"column":73},"end":{"line":11,"column":75}}],"line":11},"2":{"loc":{"start":{"line":21,"column":4},"end":{"line":26,"column":5}},"type":"if","locations":[{"start":{"line":21,"column":4},"end":{"line":26,"column":5}},{"start":{},"end":{}}],"line":21},"3":{"loc":{"start":{"line":23,"column":6},"end":{"line":25,"column":7}},"type":"if","locations":[{"start":{"line":23,"column":6},"end":{"line":25,"column":7}},{"start":{},"end":{}}],"line":23},"4":{"loc":{"start":{"line":28,"column":4},"end":{"line":41,"column":5}},"type":"if","locations":[{"start":{"line":28,"column":4},"end":{"line":41,"column":5}},{"start":{},"end":{}}],"line":28},"5":{"loc":{"start":{"line":28,"column":8},"end":{"line":28,"column":49}},"type":"binary-expr","locations":[{"start":{"line":28,"column":8},"end":{"line":28,"column":26}},{"start":{"line":28,"column":30},"end":{"line":28,"column":49}}],"line":28},"6":{"loc":{"start":{"line":31,"column":21},"end":{"line":31,"column":55}},"type":"binary-expr","locations":[{"start":{"line":31,"column":21},"end":{"line":31,"column":49}},{"start":{"line":31,"column":53},"end":{"line":31,"column":55}}],"line":31},"7":{"loc":{"start":{"line":33,"column":6},"end":{"line":40,"column":7}},"type":"if","locations":[{"start":{"line":33,"column":6},"end":{"line":40,"column":7}},{"start":{},"end":{}}],"line":33},"8":{"loc":{"start":{"line":33,"column":10},"end":{"line":33,"column":92}},"type":"binary-expr","locations":[{"start":{"line":33,"column":10},"end":{"line":33,"column":21}},{"start":{"line":33,"column":25},"end":{"line":33,"column":36}},{"start":{"line":33,"column":40},"end":{"line":33,"column":50}},{"start":{"line":33,"column":54},"end":{"line":33,"column":63}},{"start":{"line":33,"column":67},"end":{"line":33,"column":78}},{"start":{"line":33,"column":82},"end":{"line":33,"column":92}}],"line":33},"9":{"loc":{"start":{"line":45,"column":4},"end":{"line":51,"column":5}},"type":"if","locations":[{"start":{"line":45,"column":4},"end":{"line":51,"column":5}},{"start":{},"end":{}}],"line":45},"10":{"loc":{"start":{"line":48,"column":6},"end":{"line":50,"column":7}},"type":"if","locations":[{"start":{"line":48,"column":6},"end":{"line":50,"column":7}},{"start":{},"end":{}}],"line":48},"11":{"loc":{"start":{"line":53,"column":4},"end":{"line":66,"column":5}},"type":"if","locations":[{"start":{"line":53,"column":4},"end":{"line":66,"column":5}},{"start":{"line":64,"column":11},"end":{"line":66,"column":5}}],"line":53},"12":{"loc":{"start":{"line":59,"column":6},"end":{"line":63,"column":7}},"type":"if","locations":[{"start":{"line":59,"column":6},"end":{"line":63,"column":7}},{"start":{"line":61,"column":13},"end":{"line":63,"column":7}}],"line":59},"13":{"loc":{"start":{"line":90,"column":4},"end":{"line":92,"column":5}},"type":"if","locations":[{"start":{"line":90,"column":4},"end":{"line":92,"column":5}},{"start":{},"end":{}}],"line":90},"14":{"loc":{"start":{"line":90,"column":8},"end":{"line":90,"column":40}},"type":"binary-expr","locations":[{"start":{"line":90,"column":8},"end":{"line":90,"column":14}},{"start":{"line":90,"column":18},"end":{"line":90,"column":40}}],"line":90}},"s":{"0":0,"1":0,"2":0,"3":0,"4":0,"5":0,"6":0,"7":0,"8":0,"9":0,"10":0,"11":0,"12":0,"13":0,"14":0,"15":0,"16":0,"17":0,"18":0,"19":0,"20":0,"21":0,"22":0,"23":0,"24":0,"25":0,"26":0,"27":0,"28":0,"29":0,"30":0,"31":0,"32":0,"33":0,"34":0,"35":0,"36":0,"37":0,"38":0,"39":0,"40":0,"41":0,"42":0,"43":0,"44":0,"45":0,"46":0,"47":0,"48":0,"49":0,"50":0,"51":0,"52":0,"53":0},"f":{"0":0,"1":0,"2":0,"3":0,"4":0,"5":0},"b":{"0":[0,0],"1":[0,0],"2":[0,0],"3":[0,0],"4":[0,0],"5":[0,0],"6":[0,0],"7":[0,0],"8":[0,0,0,0,0,0],"9":[0,0],"10":[0,0],"11":[0,0],"12":[0,0],"13":[0,0],"14":[0,0]}}
,"/Users/mayank.narula/Documents/Workspace/personal/BloodConnect/backend/controllers/notifications.js": {"path":"/Users/mayank.narula/Documents/Workspace/personal/BloodConnect/backend/controllers/notifications.js","statementMap":{"0":{"start":{"line":1,"column":18},"end":{"line":1,"column":48}},"1":{"start":{"line":2,"column":15},"end":{"line":2,"column":42}},"2":{"start":{"line":4,"column":0},"end":{"line":27,"column":2}},"3":{"start":{"line":5,"column":2},"end":{"line":26,"column":3}},"4":{"start":{"line":6,"column":32},"end":{"line":6,"column":40}},"5":{"start":{"line":8,"column":4},"end":{"line":10,"column":5}},"6":{"start":{"line":9,"column":6},"end":{"line":9,"column":96}},"7":{"start":{"line":12,"column":4},"end":{"line":14,"column":5}},"8":{"start":{"line":13,"column":6},"end":{"line":13,"column":81}},"9":{"start":{"line":16,"column":4},"end":{"line":20,"column":6}},"10":{"start":{"line":22,"column":4},"end":{"line":22,"column":76}},"11":{"start":{"line":23,"column":4},"end":{"line":23,"column":70}},"12":{"start":{"line":25,"column":4},"end":{"line":25,"column":14}},"13":{"start":{"line":29,"column":0},"end":{"line":44,"column":2}},"14":{"start":{"line":30,"column":2},"end":{"line":43,"column":3}},"15":{"start":{"line":31,"column":22},"end":{"line":31,"column":30}},"16":{"start":{"line":33,"column":4},"end":{"line":35,"column":5}},"17":{"start":{"line":34,"column":6},"end":{"line":34,"column":82}},"18":{"start":{"line":37,"column":4},"end":{"line":37,"column":69}},"19":{"start":{"line":39,"column":4},"end":{"line":39,"column":68}},"20":{"start":{"line":40,"column":4},"end":{"line":40,"column":72}},"21":{"start":{"line":42,"column":4},"end":{"line":42,"column":14}}},"fnMap":{"0":{"name":"(anonymous_0)","decl":{"start":{"line":4,"column":24},"end":{"line":4,"column":25}},"loc":{"start":{"line":4,"column":50},"end":{"line":27,"column":1}},"line":4},"1":{"name":"(anonymous_1)","decl":{"start":{"line":29,"column":26},"end":{"line":29,"column":27}},"loc":{"start":{"line":29,"column":52},"end":{"line":44,"column":1}},"line":29}},"branchMap":{"0":{"loc":{"start":{"line":8,"column":4},"end":{"line":10,"column":5}},"type":"if","locations":[{"start":{"line":8,"column":4},"end":{"line":10,"column":5}},{"start":{},"end":{}}],"line":8},"1":{"loc":{"start":{"line":8,"column":8},"end":{"line":8,"column":27}},"type":"binary-expr","locations":[{"start":{"line":8,"column":8},"end":{"line":8,"column":14}},{"start":{"line":8,"column":18},"end":{"line":8,"column":27}}],"line":8},"2":{"loc":{"start":{"line":12,"column":4},"end":{"line":14,"column":5}},"type":"if","locations":[{"start":{"line":12,"column":4},"end":{"line":14,"column":5}},{"start":{},"end":{}}],"line":12},"3":{"loc":{"start":{"line":33,"column":4},"end":{"line":35,"column":5}},"type":"if","locations":[{"start":{"line":33,"column":4},"end":{"line":35,"column":5}},{"start":{},"end":{}}],"line":33}},"s":{"0":0,"1":0,"2":0,"3":0,"4":0,"5":0,"6":0,"7":0,"8":0,"9":0,"10":0,"11":0,"12":0,"13":0,"14":0,"15":0,"16":0,"17":0,"18":0,"19":0,"20":0,"21":0},"f":{"0":0,"1":0},"b":{"0":[0,0],"1":[0,0],"2":[0,0],"3":[0,0]}}
,"/Users/mayank.narula/Documents/Workspace/personal/BloodConnect/backend/controllers/requests.js": {"path":"/Users/mayank.narula/Documents/Workspace/personal/BloodConnect/backend/controllers/requests.js","statementMap":{"0":{"start":{"line":1,"column":17},"end":{"line":1,"column":36}},"1":{"start":{"line":2,"column":21},"end":{"line":2,"column":54}},"2":{"start":{"line":3,"column":13},"end":{"line":3,"column":38}},"3":{"start":{"line":4,"column":15},"end":{"line":4,"column":42}},"4":{"start":{"line":6,"column":0},"end":{"line":37,"column":2}},"5":{"start":{"line":7,"column":2},"end":{"line":36,"column":3}},"6":{"start":{"line":8,"column":17},"end":{"line":8,"column":59}},"7":{"start":{"line":9,"column":18},"end":{"line":9,"column":76}},"8":{"start":{"line":10,"column":17},"end":{"line":10,"column":35}},"9":{"start":{"line":12,"column":19},"end":{"line":12,"column":21}},"10":{"start":{"line":13,"column":4},"end":{"line":13,"column":71}},"11":{"start":{"line":13,"column":30},"end":{"line":13,"column":71}},"12":{"start":{"line":14,"column":4},"end":{"line":14,"column":62}},"13":{"start":{"line":14,"column":27},"end":{"line":14,"column":62}},"14":{"start":{"line":15,"column":4},"end":{"line":15,"column":59}},"15":{"start":{"line":15,"column":26},"end":{"line":15,"column":59}},"16":{"start":{"line":17,"column":35},"end":{"line":24,"column":6}},"17":{"start":{"line":26,"column":4},"end":{"line":33,"column":7}},"18":{"start":{"line":35,"column":4},"end":{"line":35,"column":14}},"19":{"start":{"line":39,"column":0},"end":{"line":58,"column":2}},"20":{"start":{"line":40,"column":2},"end":{"line":57,"column":3}},"21":{"start":{"line":41,"column":85},"end":{"line":41,"column":93}},"22":{"start":{"line":43,"column":20},"end":{"line":52,"column":6}},"23":{"start":{"line":54,"column":4},"end":{"line":54,"column":59}},"24":{"start":{"line":56,"column":4},"end":{"line":56,"column":14}},"25":{"start":{"line":60,"column":0},"end":{"line":110,"column":2}},"26":{"start":{"line":61,"column":18},"end":{"line":61,"column":47}},"27":{"start":{"line":62,"column":2},"end":{"line":109,"column":3}},"28":{"start":{"line":63,"column":4},"end":{"line":63,"column":31}},"29":{"start":{"line":65,"column":18},"end":{"line":65,"column":77}},"30":{"start":{"line":66,"column":4},"end":{"line":69,"column":5}},"31":{"start":{"line":67,"column":6},"end":{"line":67,"column":39}},"32":{"start":{"line":68,"column":6},"end":{"line":68,"column":82}},"33":{"start":{"line":71,"column":4},"end":{"line":74,"column":5}},"34":{"start":{"line":72,"column":6},"end":{"line":72,"column":39}},"35":{"start":{"line":73,"column":6},"end":{"line":73,"column":102}},"36":{"start":{"line":76,"column":4},"end":{"line":86,"column":5}},"37":{"start":{"line":77,"column":27},"end":{"line":77,"column":29}},"38":{"start":{"line":78,"column":27},"end":{"line":78,"column":37}},"39":{"start":{"line":79,"column":6},"end":{"line":79,"column":66}},"40":{"start":{"line":81,"column":6},"end":{"line":85,"column":8}},"41":{"start":{"line":88,"column":27},"end":{"line":88,"column":116}},"42":{"start":{"line":89,"column":23},"end":{"line":89,"column":25}},"43":{"start":{"line":90,"column":4},"end":{"line":94,"column":5}},"44":{"start":{"line":91,"column":6},"end":{"line":93,"column":7}},"45":{"start":{"line":92,"column":8},"end":{"line":92,"column":44}},"46":{"start":{"line":96,"column":4},"end":{"line":100,"column":7}},"47":{"start":{"line":102,"column":4},"end":{"line":102,"column":38}},"48":{"start":{"line":103,"column":4},"end":{"line":103,"column":59}},"49":{"start":{"line":105,"column":4},"end":{"line":105,"column":37}},"50":{"start":{"line":106,"column":4},"end":{"line":106,"column":14}},"51":{"start":{"line":108,"column":4},"end":{"line":108,"column":25}},"52":{"start":{"line":112,"column":0},"end":{"line":128,"column":2}},"53":{"start":{"line":113,"column":2},"end":{"line":127,"column":3}},"54":{"start":{"line":114,"column":20},"end":{"line":114,"column":62}},"55":{"start":{"line":115,"column":4},"end":{"line":117,"column":5}},"56":{"start":{"line":116,"column":6},"end":{"line":116,"column":82}},"57":{"start":{"line":119,"column":4},"end":{"line":121,"column":5}},"58":{"start":{"line":120,"column":6},"end":{"line":120,"column":102}},"59":{"start":{"line":123,"column":4},"end":{"line":123,"column":30}},"60":{"start":{"line":124,"column":4},"end":{"line":124,"column":54}},"61":{"start":{"line":126,"column":4},"end":{"line":126,"column":14}}},"fnMap":{"0":{"name":"(anonymous_0)","decl":{"start":{"line":6,"column":22},"end":{"line":6,"column":23}},"loc":{"start":{"line":6,"column":48},"end":{"line":37,"column":1}},"line":6},"1":{"name":"(anonymous_1)","decl":{"start":{"line":39,"column":24},"end":{"line":39,"column":25}},"loc":{"start":{"line":39,"column":50},"end":{"line":58,"column":1}},"line":39},"2":{"name":"(anonymous_2)","decl":{"start":{"line":60,"column":24},"end":{"line":60,"column":25}},"loc":{"start":{"line":60,"column":50},"end":{"line":110,"column":1}},"line":60},"3":{"name":"(anonymous_3)","decl":{"start":{"line":112,"column":24},"end":{"line":112,"column":25}},"loc":{"start":{"line":112,"column":50},"end":{"line":128,"column":1}},"line":112}},"branchMap":{"0":{"loc":{"start":{"line":8,"column":29},"end":{"line":8,"column":58}},"type":"binary-expr","locations":[{"start":{"line":8,"column":29},"end":{"line":8,"column":53}},{"start":{"line":8,"column":57},"end":{"line":8,"column":58}}],"line":8},"1":{"loc":{"start":{"line":9,"column":43},"end":{"line":9,"column":74}},"type":"binary-expr","locations":[{"start":{"line":9,"column":43},"end":{"line":9,"column":68}},{"start":{"line":9,"column":72},"end":{"line":9,"column":74}}],"line":9},"2":{"loc":{"start":{"line":13,"column":4},"end":{"line":13,"column":71}},"type":"if","locations":[{"start":{"line":13,"column":4},"end":{"line":13,"column":71}},{"start":{},"end":{}}],"line":13},"3":{"loc":{"start":{"line":14,"column":4},"end":{"line":14,"column":62}},"type":"if","locations":[{"start":{"line":14,"column":4},"end":{"line":14,"column":62}},{"start":{},"end":{}}],"line":14},"4":{"loc":{"start":{"line":15,"column":4},"end":{"line":15,"column":59}},"type":"if","locations":[{"start":{"line":15,"column":4},"end":{"line":15,"column":59}},{"start":{},"end":{}}],"line":15},"5":{"loc":{"start":{"line":66,"column":4},"end":{"line":69,"column":5}},"type":"if","locations":[{"start":{"line":66,"column":4},"end":{"line":69,"column":5}},{"start":{},"end":{}}],"line":66},"6":{"loc":{"start":{"line":71,"column":4},"end":{"line":74,"column":5}},"type":"if","locations":[{"start":{"line":71,"column":4},"end":{"line":74,"column":5}},{"start":{},"end":{}}],"line":71},"7":{"loc":{"start":{"line":71,"column":8},"end":{"line":71,"column":81}},"type":"binary-expr","locations":[{"start":{"line":71,"column":8},"end":{"line":71,"column":52}},{"start":{"line":71,"column":56},"end":{"line":71,"column":81}}],"line":71},"8":{"loc":{"start":{"line":76,"column":4},"end":{"line":86,"column":5}},"type":"if","locations":[{"start":{"line":76,"column":4},"end":{"line":86,"column":5}},{"start":{},"end":{}}],"line":76},"9":{"loc":{"start":{"line":76,"column":8},"end":{"line":76,"column":57}},"type":"binary-expr","locations":[{"start":{"line":76,"column":8},"end":{"line":76,"column":39}},{"start":{"line":76,"column":43},"end":{"line":76,"column":57}}],"line":76},"10":{"loc":{"start":{"line":91,"column":6},"end":{"line":93,"column":7}},"type":"if","locations":[{"start":{"line":91,"column":6},"end":{"line":93,"column":7}},{"start":{},"end":{}}],"line":91},"11":{"loc":{"start":{"line":115,"column":4},"end":{"line":117,"column":5}},"type":"if","locations":[{"start":{"line":115,"column":4},"end":{"line":117,"column":5}},{"start":{},"end":{}}],"line":115},"12":{"loc":{"start":{"line":119,"column":4},"end":{"line":121,"column":5}},"type":"if","locations":[{"start":{"line":119,"column":4},"end":{"line":121,"column":5}},{"start":{},"end":{}}],"line":119},"13":{"loc":{"start":{"line":119,"column":8},"end":{"line":119,"column":81}},"type":"binary-expr","locations":[{"start":{"line":119,"column":8},"end":{"line":119,"column":52}},{"start":{"line":119,"column":56},"end":{"line":119,"column":81}}],"line":119}},"s":{"0":0,"1":0,"2":0,"3":0,"4":0,"5":0,"6":0,"7":0,"8":0,"9":0,"10":0,"11":0,"12":0,"13":0,"14":0,"15":0,"16":0,"17":0,"18":0,"19":0,"20":0,"21":0,"22":0,"23":0,"24":0,"25":0,"26":0,"27":0,"28":0,"29":0,"30":0,"31":0,"32":0,"33":0,"34":0,"35":0,"36":0,"37":0,"38":0,"39":0,"40":0,"41":0,"42":0,"43":0,"44":0,"45":0,"46":0,"47":0,"48":0,"49":0,"50":0,"51":0,"52":0,"53":0,"54":0,"55":0,"56":0,"57":0,"58":0,"59":0,"60":0,"61":0},"f":{"0":0,"1":0,"2":0,"3":0},"b":{"0":[0,0],"1":[0,0],"2":[0,0],"3":[0,0],"4":[0,0],"5":[0,0],"6":[0,0],"7":[0,0],"8":[0,0],"9":[0,0],"10":[0,0],"11":[0,0],"12":[0,0],"13":[0,0]}}
,"/Users/mayank.narula/Documents/Workspace/personal/BloodConnect/backend/controllers/users.js": {"path":"/Users/mayank.narula/Documents/Workspace/personal/BloodConnect/backend/controllers/users.js","statementMap":{"0":{"start":{"line":1,"column":13},"end":{"line":1,"column":38}},"1":{"start":{"line":2,"column":15},"end":{"line":2,"column":42}},"2":{"start":{"line":4,"column":0},"end":{"line":60,"column":2}},"3":{"start":{"line":5,"column":2},"end":{"line":59,"column":3}},"4":{"start":{"line":6,"column":26},"end":{"line":9,"column":5}},"5":{"start":{"line":11,"column":27},"end":{"line":11,"column":29}},"6":{"start":{"line":12,"column":4},"end":{"line":16,"column":5}},"7":{"start":{"line":13,"column":6},"end":{"line":15,"column":7}},"8":{"start":{"line":14,"column":8},"end":{"line":14,"column":48}},"9":{"start":{"line":18,"column":4},"end":{"line":27,"column":5}},"10":{"start":{"line":19,"column":18},"end":{"line":19,"column":47}},"11":{"start":{"line":20,"column":18},"end":{"line":20,"column":48}},"12":{"start":{"line":21,"column":6},"end":{"line":26,"column":7}},"13":{"start":{"line":22,"column":8},"end":{"line":25,"column":10}},"14":{"start":{"line":29,"column":17},"end":{"line":32,"column":6}},"15":{"start":{"line":34,"column":4},"end":{"line":36,"column":5}},"16":{"start":{"line":35,"column":6},"end":{"line":35,"column":79}},"17":{"start":{"line":38,"column":4},"end":{"line":56,"column":7}},"18":{"start":{"line":58,"column":4},"end":{"line":58,"column":14}}},"fnMap":{"0":{"name":"(anonymous_0)","decl":{"start":{"line":4,"column":24},"end":{"line":4,"column":25}},"loc":{"start":{"line":4,"column":50},"end":{"line":60,"column":1}},"line":4}},"branchMap":{"0":{"loc":{"start":{"line":13,"column":6},"end":{"line":15,"column":7}},"type":"if","locations":[{"start":{"line":13,"column":6},"end":{"line":15,"column":7}},{"start":{},"end":{}}],"line":13},"1":{"loc":{"start":{"line":18,"column":4},"end":{"line":27,"column":5}},"type":"if","locations":[{"start":{"line":18,"column":4},"end":{"line":27,"column":5}},{"start":{},"end":{}}],"line":18},"2":{"loc":{"start":{"line":18,"column":8},"end":{"line":18,"column":47}},"type":"binary-expr","locations":[{"start":{"line":18,"column":8},"end":{"line":18,"column":25}},{"start":{"line":18,"column":29},"end":{"line":18,"column":47}}],"line":18},"3":{"loc":{"start":{"line":21,"column":6},"end":{"line":26,"column":7}},"type":"if","locations":[{"start":{"line":21,"column":6},"end":{"line":26,"column":7}},{"start":{},"end":{}}],"line":21},"4":{"loc":{"start":{"line":21,"column":10},"end":{"line":21,"column":36}},"type":"binary-expr","locations":[{"start":{"line":21,"column":10},"end":{"line":21,"column":21}},{"start":{"line":21,"column":25},"end":{"line":21,"column":36}}],"line":21},"5":{"loc":{"start":{"line":34,"column":4},"end":{"line":36,"column":5}},"type":"if","locations":[{"start":{"line":34,"column":4},"end":{"line":36,"column":5}},{"start":{},"end":{}}],"line":34},"6":{"loc":{"start":{"line":53,"column":18},"end":{"line":53,"column":60}},"type":"binary-expr","locations":[{"start":{"line":53,"column":18},"end":{"line":53,"column":52}},{"start":{"line":53,"column":56},"end":{"line":53,"column":60}}],"line":53},"7":{"loc":{"start":{"line":54,"column":19},"end":{"line":54,"column":61}},"type":"binary-expr","locations":[{"start":{"line":54,"column":19},"end":{"line":54,"column":53}},{"start":{"line":54,"column":57},"end":{"line":54,"column":61}}],"line":54}},"s":{"0":0,"1":0,"2":0,"3":0,"4":0,"5":0,"6":0,"7":0,"8":0,"9":0,"10":0,"11":0,"12":0,"13":0,"14":0,"15":0,"16":0,"17":0,"18":0},"f":{"0":0},"b":{"0":[0,0],"1":[0,0],"2":[0,0],"3":[0,0],"4":[0,0],"5":[0,0],"6":[0,0],"7":[0,0]}}
,"/Users/mayank.narula/Documents/Workspace/personal/BloodConnect/backend/middleware/auth.js": {"path":"/Users/mayank.narula/Documents/Workspace/personal/BloodConnect/backend/middleware/auth.js","statementMap":{"0":{"start":{"line":1,"column":12},"end":{"line":1,"column":35}},"1":{"start":{"line":2,"column":13},"end":{"line":2,"column":38}},"2":{"start":{"line":3,"column":12},"end":{"line":3,"column":36}},"3":{"start":{"line":4,"column":15},"end":{"line":4,"column":42}},"4":{"start":{"line":6,"column":0},"end":{"line":31,"column":2}},"5":{"start":{"line":9,"column":2},"end":{"line":11,"column":3}},"6":{"start":{"line":10,"column":4},"end":{"line":10,"column":52}},"7":{"start":{"line":13,"column":2},"end":{"line":15,"column":3}},"8":{"start":{"line":14,"column":4},"end":{"line":14,"column":98}},"9":{"start":{"line":17,"column":2},"end":{"line":30,"column":3}},"10":{"start":{"line":18,"column":20},"end":{"line":18,"column":53}},"11":{"start":{"line":19,"column":17},"end":{"line":19,"column":48}},"12":{"start":{"line":21,"column":4},"end":{"line":23,"column":5}},"13":{"start":{"line":22,"column":6},"end":{"line":22,"column":86}},"14":{"start":{"line":25,"column":4},"end":{"line":25,"column":20}},"15":{"start":{"line":26,"column":4},"end":{"line":26,"column":11}},"16":{"start":{"line":28,"column":4},"end":{"line":28,"column":72}},"17":{"start":{"line":29,"column":4},"end":{"line":29,"column":98}},"18":{"start":{"line":33,"column":0},"end":{"line":43,"column":2}},"19":{"start":{"line":34,"column":2},"end":{"line":42,"column":4}},"20":{"start":{"line":35,"column":4},"end":{"line":40,"column":5}},"21":{"start":{"line":36,"column":6},"end":{"line":39,"column":9}},"22":{"start":{"line":41,"column":4},"end":{"line":41,"column":11}}},"fnMap":{"0":{"name":"(anonymous_0)","decl":{"start":{"line":6,"column":18},"end":{"line":6,"column":19}},"loc":{"start":{"line":6,"column":44},"end":{"line":31,"column":1}},"line":6},"1":{"name":"(anonymous_1)","decl":{"start":{"line":33,"column":20},"end":{"line":33,"column":21}},"loc":{"start":{"line":33,"column":34},"end":{"line":43,"column":1}},"line":33},"2":{"name":"(anonymous_2)","decl":{"start":{"line":34,"column":9},"end":{"line":34,"column":10}},"loc":{"start":{"line":34,"column":29},"end":{"line":42,"column":3}},"line":34}},"branchMap":{"0":{"loc":{"start":{"line":9,"column":2},"end":{"line":11,"column":3}},"type":"if","locations":[{"start":{"line":9,"column":2},"end":{"line":11,"column":3}},{"start":{},"end":{}}],"line":9},"1":{"loc":{"start":{"line":9,"column":6},"end":{"line":9,"column":81}},"type":"binary-expr","locations":[{"start":{"line":9,"column":6},"end":{"line":9,"column":31}},{"start":{"line":9,"column":35},"end":{"line":9,"column":81}}],"line":9},"2":{"loc":{"start":{"line":13,"column":2},"end":{"line":15,"column":3}},"type":"if","locations":[{"start":{"line":13,"column":2},"end":{"line":15,"column":3}},{"start":{},"end":{}}],"line":13},"3":{"loc":{"start":{"line":21,"column":4},"end":{"line":23,"column":5}},"type":"if","locations":[{"start":{"line":21,"column":4},"end":{"line":23,"column":5}},{"start":{},"end":{}}],"line":21},"4":{"loc":{"start":{"line":35,"column":4},"end":{"line":40,"column":5}},"type":"if","locations":[{"start":{"line":35,"column":4},"end":{"line":40,"column":5}},{"start":{},"end":{}}],"line":35}},"s":{"0":0,"1":0,"2":0,"3":0,"4":0,"5":0,"6":0,"7":0,"8":0,"9":0,"10":0,"11":0,"12":0,"13":0,"14":0,"15":0,"16":0,"17":0,"18":0,"19":0,"20":0,"21":0,"22":0},"f":{"0":0,"1":0,"2":0},"b":{"0":[0,0],"1":[0,0],"2":[0,0],"3":[0,0],"4":[0,0]}}
,"/Users/mayank.narula/Documents/Workspace/personal/BloodConnect/backend/middleware/errorHandler.js": {"path":"/Users/mayank.narula/Documents/Workspace/personal/BloodConnect/backend/middleware/errorHandler.js","statementMap":{"0":{"start":{"line":1,"column":15},"end":{"line":1,"column":42}},"1":{"start":{"line":2,"column":12},"end":{"line":2,"column":36}},"2":{"start":{"line":6,"column":4},"end":{"line":6,"column":19}},"3":{"start":{"line":7,"column":4},"end":{"line":7,"column":33}},"4":{"start":{"line":8,"column":4},"end":{"line":8,"column":21}},"5":{"start":{"line":9,"column":4},"end":{"line":9,"column":30}},"6":{"start":{"line":13,"column":21},"end":{"line":61,"column":1}},"7":{"start":{"line":14,"column":19},"end":{"line":14,"column":40}},"8":{"start":{"line":15,"column":16},"end":{"line":15,"column":54}},"9":{"start":{"line":16,"column":13},"end":{"line":16,"column":41}},"10":{"start":{"line":19,"column":2},"end":{"line":23,"column":3}},"11":{"start":{"line":20,"column":4},"end":{"line":20,"column":21}},"12":{"start":{"line":21,"column":4},"end":{"line":21,"column":71}},"13":{"start":{"line":21,"column":49},"end":{"line":21,"column":58}},"14":{"start":{"line":22,"column":4},"end":{"line":22,"column":30}},"15":{"start":{"line":26,"column":2},"end":{"line":31,"column":3}},"16":{"start":{"line":27,"column":4},"end":{"line":27,"column":21}},"17":{"start":{"line":28,"column":18},"end":{"line":28,"column":46}},"18":{"start":{"line":29,"column":4},"end":{"line":29,"column":45}},"19":{"start":{"line":30,"column":4},"end":{"line":30,"column":27}},"20":{"start":{"line":34,"column":2},"end":{"line":38,"column":3}},"21":{"start":{"line":35,"column":4},"end":{"line":35,"column":21}},"22":{"start":{"line":36,"column":4},"end":{"line":36,"column":50}},"23":{"start":{"line":37,"column":4},"end":{"line":37,"column":24}},"24":{"start":{"line":41,"column":2},"end":{"line":45,"column":3}},"25":{"start":{"line":42,"column":4},"end":{"line":42,"column":21}},"26":{"start":{"line":43,"column":4},"end":{"line":43,"column":30}},"27":{"start":{"line":44,"column":4},"end":{"line":44,"column":27}},"28":{"start":{"line":46,"column":2},"end":{"line":50,"column":3}},"29":{"start":{"line":47,"column":4},"end":{"line":47,"column":21}},"30":{"start":{"line":48,"column":4},"end":{"line":48,"column":30}},"31":{"start":{"line":49,"column":4},"end":{"line":49,"column":27}},"32":{"start":{"line":52,"column":2},"end":{"line":54,"column":3}},"33":{"start":{"line":53,"column":4},"end":{"line":53,"column":87}},"34":{"start":{"line":56,"column":2},"end":{"line":60,"column":5}},"35":{"start":{"line":63,"column":0},"end":{"line":63,"column":44}}},"fnMap":{"0":{"name":"(anonymous_0)","decl":{"start":{"line":5,"column":2},"end":{"line":5,"column":3}},"loc":{"start":{"line":5,"column":41},"end":{"line":10,"column":3}},"line":5},"1":{"name":"(anonymous_1)","decl":{"start":{"line":13,"column":21},"end":{"line":13,"column":22}},"loc":{"start":{"line":13,"column":46},"end":{"line":61,"column":1}},"line":13},"2":{"name":"(anonymous_2)","decl":{"start":{"line":21,"column":44},"end":{"line":21,"column":45}},"loc":{"start":{"line":21,"column":49},"end":{"line":21,"column":58}},"line":21}},"branchMap":{"0":{"loc":{"start":{"line":14,"column":19},"end":{"line":14,"column":40}},"type":"binary-expr","locations":[{"start":{"line":14,"column":19},"end":{"line":14,"column":33}},{"start":{"line":14,"column":37},"end":{"line":14,"column":40}}],"line":14},"1":{"loc":{"start":{"line":15,"column":16},"end":{"line":15,"column":54}},"type":"binary-expr","locations":[{"start":{"line":15,"column":16},"end":{"line":15,"column":27}},{"start":{"line":15,"column":31},"end":{"line":15,"column":54}}],"line":15},"2":{"loc":{"start":{"line":16,"column":13},"end":{"line":16,"column":41}},"type":"binary-expr","locations":[{"start":{"line":16,"column":13},"end":{"line":16,"column":21}},{"start":{"line":16,"column":25},"end":{"line":16,"column":41}}],"line":16},"3":{"loc":{"start":{"line":19,"column":2},"end":{"line":23,"column":3}},"type":"if","locations":[{"start":{"line":19,"column":2},"end":{"line":23,"column":3}},{"start":{},"end":{}}],"line":19},"4":{"loc":{"start":{"line":26,"column":2},"end":{"line":31,"column":3}},"type":"if","locations":[{"start":{"line":26,"column":2},"end":{"line":31,"column":3}},{"start":{},"end":{}}],"line":26},"5":{"loc":{"start":{"line":34,"column":2},"end":{"line":38,"column":3}},"type":"if","locations":[{"start":{"line":34,"column":2},"end":{"line":38,"column":3}},{"start":{},"end":{}}],"line":34},"6":{"loc":{"start":{"line":41,"column":2},"end":{"line":45,"column":3}},"type":"if","locations":[{"start":{"line":41,"column":2},"end":{"line":45,"column":3}},{"start":{},"end":{}}],"line":41},"7":{"loc":{"start":{"line":46,"column":2},"end":{"line":50,"column":3}},"type":"if","locations":[{"start":{"line":46,"column":2},"end":{"line":50,"column":3}},{"start":{},"end":{}}],"line":46},"8":{"loc":{"start":{"line":52,"column":2},"end":{"line":54,"column":3}},"type":"if","locations":[{"start":{"line":52,"column":2},"end":{"line":54,"column":3}},{"start":{},"end":{}}],"line":52},"9":{"loc":{"start":{"line":58,"column":11},"end":{"line":58,"column":97}},"type":"cond-expr","locations":[{"start":{"line":58,"column":64},"end":{"line":58,"column":87}},{"start":{"line":58,"column":90},"end":{"line":58,"column":97}}],"line":58},"10":{"loc":{"start":{"line":58,"column":11},"end":{"line":58,"column":61}},"type":"binary-expr","locations":[{"start":{"line":58,"column":11},"end":{"line":58,"column":40}},{"start":{"line":58,"column":44},"end":{"line":58,"column":61}}],"line":58},"11":{"loc":{"start":{"line":59,"column":8},"end":{"line":59,"column":24}},"type":"binary-expr","locations":[{"start":{"line":59,"column":8},"end":{"line":59,"column":12}},{"start":{"line":59,"column":16},"end":{"line":59,"column":24}}],"line":59}},"s":{"0":0,"1":0,"2":0,"3":0,"4":0,"5":0,"6":0,"7":0,"8":0,"9":0,"10":0,"11":0,"12":0,"13":0,"14":0,"15":0,"16":0,"17":0,"18":0,"19":0,"20":0,"21":0,"22":0,"23":0,"24":0,"25":0,"26":0,"27":0,"28":0,"29":0,"30":0,"31":0,"32":0,"33":0,"34":0,"35":0},"f":{"0":0,"1":0,"2":0},"b":{"0":[0,0],"1":[0,0],"2":[0,0],"3":[0,0],"4":[0,0],"5":[0,0],"6":[0,0],"7":[0,0],"8":[0,0],"9":[0,0],"10":[0,0],"11":[0,0]}}
,"/Users/mayank.narula/Documents/Workspace/personal/BloodConnect/backend/middleware/validate.js": {"path":"/Users/mayank.narula/Documents/Workspace/personal/BloodConnect/backend/middleware/validate.js","statementMap":{"0":{"start":{"line":1,"column":42},"end":{"line":1,"column":70}},"1":{"start":{"line":3,"column":31},"end":{"line":10,"column":1}},"2":{"start":{"line":4,"column":17},"end":{"line":4,"column":38}},"3":{"start":{"line":5,"column":2},"end":{"line":8,"column":3}},"4":{"start":{"line":6,"column":21},"end":{"line":6,"column":51}},"5":{"start":{"line":6,"column":45},"end":{"line":6,"column":50}},"6":{"start":{"line":7,"column":4},"end":{"line":7,"column":106}},"7":{"start":{"line":9,"column":2},"end":{"line":9,"column":9}},"8":{"start":{"line":12,"column":21},"end":{"line":12,"column":71}},"9":{"start":{"line":14,"column":22},"end":{"line":27,"column":1}},"10":{"start":{"line":29,"column":19},"end":{"line":33,"column":1}},"11":{"start":{"line":35,"column":27},"end":{"line":39,"column":1}},"12":{"start":{"line":41,"column":28},"end":{"line":44,"column":1}},"13":{"start":{"line":46,"column":27},"end":{"line":55,"column":1}},"14":{"start":{"line":57,"column":27},"end":{"line":64,"column":1}},"15":{"start":{"line":66,"column":27},"end":{"line":69,"column":1}},"16":{"start":{"line":71,"column":27},"end":{"line":80,"column":1}},"17":{"start":{"line":82,"column":23},"end":{"line":86,"column":1}},"18":{"start":{"line":88,"column":25},"end":{"line":92,"column":1}},"19":{"start":{"line":94,"column":25},"end":{"line":97,"column":1}},"20":{"start":{"line":99,"column":25},"end":{"line":102,"column":1}},"21":{"start":{"line":104,"column":0},"end":{"line":117,"column":2}}},"fnMap":{"0":{"name":"(anonymous_0)","decl":{"start":{"line":3,"column":31},"end":{"line":3,"column":32}},"loc":{"start":{"line":3,"column":51},"end":{"line":10,"column":1}},"line":3},"1":{"name":"(anonymous_1)","decl":{"start":{"line":6,"column":40},"end":{"line":6,"column":41}},"loc":{"start":{"line":6,"column":45},"end":{"line":6,"column":50}},"line":6}},"branchMap":{"0":{"loc":{"start":{"line":5,"column":2},"end":{"line":8,"column":3}},"type":"if","locations":[{"start":{"line":5,"column":2},"end":{"line":8,"column":3}},{"start":{},"end":{}}],"line":5}},"s":{"0":1,"1":1,"2":6,"3":6,"4":4,"5":13,"6":4,"7":2,"8":1,"9":1,"10":1,"11":1,"12":1,"13":1,"14":1,"15":1,"16":1,"17":1,"18":1,"19":1,"20":1,"21":1},"f":{"0":6,"1":13},"b":{"0":[4,2]},"_coverageSchema":"1a1c01bbd47fc00a2c39e90264f33305004495a9","hash":"522b4f1f1c81823627e2c439f0f69a70914ff2c9"}
}
