{"/Users/mayank.narula/Documents/Workspace/personal/BloodConnect/backend/controllers/auth.js": {"path":"/Users/mayank.narula/Documents/Workspace/personal/BloodConnect/backend/controllers/auth.js","statementMap":{"0":{"start":{"line":1,"column":13},"end":{"line":1,"column":38}},"1":{"start":{"line":2,"column":12},"end":{"line":2,"column":35}},"2":{"start":{"line":3,"column":15},"end":{"line":3,"column":32}},"3":{"start":{"line":4,"column":12},"end":{"line":4,"column":36}},"4":{"start":{"line":5,"column":15},"end":{"line":5,"column":42}},"5":{"start":{"line":6,"column":18},"end":{"line":6,"column":47}},"6":{"start":{"line":8,"column":0},"end":{"line":41,"column":2}},"7":{"start":{"line":9,"column":2},"end":{"line":40,"column":3}},"8":{"start":{"line":10,"column":94},"end":{"line":10,"column":102}},"9":{"start":{"line":12,"column":21},"end":{"line":12,"column":78}},"10":{"start":{"line":14,"column":4},"end":{"line":16,"column":5}},"11":{"start":{"line":15,"column":6},"end":{"line":15,"column":98}},"12":{"start":{"line":18,"column":23},"end":{"line":18,"column":52}},"13":{"start":{"line":19,"column":4},"end":{"line":21,"column":5}},"14":{"start":{"line":20,"column":6},"end":{"line":20,"column":106}},"15":{"start":{"line":23,"column":21},"end":{"line":23,"column":79}},"16":{"start":{"line":25,"column":4},"end":{"line":30,"column":5}},"17":{"start":{"line":26,"column":6},"end":{"line":29,"column":8}},"18":{"start":{"line":32,"column":4},"end":{"line":34,"column":5}},"19":{"start":{"line":33,"column":6},"end":{"line":33,"column":39}},"20":{"start":{"line":36,"column":17},"end":{"line":36,"column":44}},"21":{"start":{"line":37,"column":4},"end":{"line":37,"column":38}},"22":{"start":{"line":39,"column":4},"end":{"line":39,"column":14}},"23":{"start":{"line":43,"column":0},"end":{"line":61,"column":2}},"24":{"start":{"line":44,"column":2},"end":{"line":60,"column":3}},"25":{"start":{"line":45,"column":32},"end":{"line":45,"column":40}},"26":{"start":{"line":47,"column":17},"end":{"line":47,"column":66}},"27":{"start":{"line":48,"column":4},"end":{"line":50,"column":5}},"28":{"start":{"line":49,"column":6},"end":{"line":49,"column":84}},"29":{"start":{"line":52,"column":20},"end":{"line":52,"column":54}},"30":{"start":{"line":53,"column":4},"end":{"line":55,"column":5}},"31":{"start":{"line":54,"column":6},"end":{"line":54,"column":84}},"32":{"start":{"line":57,"column":4},"end":{"line":57,"column":38}},"33":{"start":{"line":59,"column":4},"end":{"line":59,"column":14}},"34":{"start":{"line":63,"column":0},"end":{"line":115,"column":2}},"35":{"start":{"line":64,"column":2},"end":{"line":114,"column":3}},"36":{"start":{"line":65,"column":22},"end":{"line":65,"column":30}},"37":{"start":{"line":67,"column":4},"end":{"line":72,"column":5}},"38":{"start":{"line":68,"column":6},"end":{"line":71,"column":9}},"39":{"start":{"line":74,"column":17},"end":{"line":74,"column":62}},"40":{"start":{"line":76,"column":4},"end":{"line":81,"column":5}},"41":{"start":{"line":77,"column":6},"end":{"line":80,"column":9}},"42":{"start":{"line":83,"column":23},"end":{"line":83,"column":51}},"43":{"start":{"line":84,"column":4},"end":{"line":84,"column":51}},"44":{"start":{"line":86,"column":4},"end":{"line":88,"column":5}},"45":{"start":{"line":87,"column":6},"end":{"line":87,"column":102}},"46":{"start":{"line":90,"column":21},"end":{"line":90,"column":75}},"47":{"start":{"line":92,"column":20},"end":{"line":104,"column":5}},"48":{"start":{"line":106,"column":4},"end":{"line":106,"column":59}},"49":{"start":{"line":108,"column":4},"end":{"line":111,"column":7}},"50":{"start":{"line":113,"column":4},"end":{"line":113,"column":14}},"51":{"start":{"line":117,"column":0},"end":{"line":142,"column":2}},"52":{"start":{"line":118,"column":2},"end":{"line":141,"column":3}},"53":{"start":{"line":119,"column":31},"end":{"line":122,"column":20}},"54":{"start":{"line":124,"column":17},"end":{"line":127,"column":6}},"55":{"start":{"line":129,"column":4},"end":{"line":131,"column":5}},"56":{"start":{"line":130,"column":6},"end":{"line":130,"column":89}},"57":{"start":{"line":133,"column":4},"end":{"line":133,"column":38}},"58":{"start":{"line":134,"column":4},"end":{"line":134,"column":40}},"59":{"start":{"line":135,"column":4},"end":{"line":135,"column":41}},"60":{"start":{"line":136,"column":4},"end":{"line":136,"column":22}},"61":{"start":{"line":138,"column":4},"end":{"line":138,"column":79}},"62":{"start":{"line":140,"column":4},"end":{"line":140,"column":14}},"63":{"start":{"line":144,"column":0},"end":{"line":167,"column":2}},"64":{"start":{"line":145,"column":2},"end":{"line":166,"column":3}},"65":{"start":{"line":146,"column":29},"end":{"line":146,"column":37}},"66":{"start":{"line":147,"column":4},"end":{"line":149,"column":5}},"67":{"start":{"line":148,"column":6},"end":{"line":148,"column":90}},"68":{"start":{"line":152,"column":4},"end":{"line":156,"column":5}},"69":{"start":{"line":153,"column":6},"end":{"line":153,"column":57}},"70":{"start":{"line":155,"column":6},"end":{"line":155,"column":97}},"71":{"start":{"line":158,"column":17},"end":{"line":158,"column":48}},"72":{"start":{"line":159,"column":4},"end":{"line":161,"column":5}},"73":{"start":{"line":160,"column":6},"end":{"line":160,"column":86}},"74":{"start":{"line":163,"column":4},"end":{"line":163,"column":38}},"75":{"start":{"line":165,"column":4},"end":{"line":165,"column":14}},"76":{"start":{"line":169,"column":0},"end":{"line":176,"column":2}},"77":{"start":{"line":170,"column":2},"end":{"line":175,"column":3}},"78":{"start":{"line":171,"column":4},"end":{"line":171,"column":75}},"79":{"start":{"line":172,"column":4},"end":{"line":172,"column":77}},"80":{"start":{"line":174,"column":4},"end":{"line":174,"column":14}},"81":{"start":{"line":178,"column":26},"end":{"line":206,"column":1}},"82":{"start":{"line":179,"column":22},"end":{"line":179,"column":102}},"83":{"start":{"line":180,"column":23},"end":{"line":180,"column":121}},"84":{"start":{"line":182,"column":27},"end":{"line":182,"column":89}},"85":{"start":{"line":183,"column":2},"end":{"line":183,"column":77}},"86":{"start":{"line":185,"column":2},"end":{"line":205,"column":5}}},"fnMap":{"0":{"name":"(anonymous_0)","decl":{"start":{"line":8,"column":19},"end":{"line":8,"column":20}},"loc":{"start":{"line":8,"column":45},"end":{"line":41,"column":1}},"line":8},"1":{"name":"(anonymous_1)","decl":{"start":{"line":43,"column":16},"end":{"line":43,"column":17}},"loc":{"start":{"line":43,"column":42},"end":{"line":61,"column":1}},"line":43},"2":{"name":"(anonymous_2)","decl":{"start":{"line":63,"column":25},"end":{"line":63,"column":26}},"loc":{"start":{"line":63,"column":51},"end":{"line":115,"column":1}},"line":63},"3":{"name":"(anonymous_3)","decl":{"start":{"line":117,"column":24},"end":{"line":117,"column":25}},"loc":{"start":{"line":117,"column":50},"end":{"line":142,"column":1}},"line":117},"4":{"name":"(anonymous_4)","decl":{"start":{"line":144,"column":23},"end":{"line":144,"column":24}},"loc":{"start":{"line":144,"column":49},"end":{"line":167,"column":1}},"line":144},"5":{"name":"(anonymous_5)","decl":{"start":{"line":169,"column":21},"end":{"line":169,"column":22}},"loc":{"start":{"line":169,"column":47},"end":{"line":176,"column":1}},"line":169},"6":{"name":"(anonymous_6)","decl":{"start":{"line":178,"column":26},"end":{"line":178,"column":27}},"loc":{"start":{"line":178,"column":59},"end":{"line":206,"column":1}},"line":178}},"branchMap":{"0":{"loc":{"start":{"line":12,"column":21},"end":{"line":12,"column":78}},"type":"cond-expr","locations":[{"start":{"line":12,"column":58},"end":{"line":12,"column":68}},{"start":{"line":12,"column":71},"end":{"line":12,"column":78}}],"line":12},"1":{"loc":{"start":{"line":14,"column":4},"end":{"line":16,"column":5}},"type":"if","locations":[{"start":{"line":14,"column":4},"end":{"line":16,"column":5}},{"start":{},"end":{}}],"line":14},"2":{"loc":{"start":{"line":14,"column":8},"end":{"line":14,"column":43}},"type":"binary-expr","locations":[{"start":{"line":14,"column":8},"end":{"line":14,"column":28}},{"start":{"line":14,"column":32},"end":{"line":14,"column":43}}],"line":14},"3":{"loc":{"start":{"line":19,"column":4},"end":{"line":21,"column":5}},"type":"if","locations":[{"start":{"line":19,"column":4},"end":{"line":21,"column":5}},{"start":{},"end":{}}],"line":19},"4":{"loc":{"start":{"line":25,"column":4},"end":{"line":30,"column":5}},"type":"if","locations":[{"start":{"line":25,"column":4},"end":{"line":30,"column":5}},{"start":{},"end":{}}],"line":25},"5":{"loc":{"start":{"line":25,"column":8},"end":{"line":25,"column":29}},"type":"binary-expr","locations":[{"start":{"line":25,"column":8},"end":{"line":25,"column":16}},{"start":{"line":25,"column":20},"end":{"line":25,"column":29}}],"line":25},"6":{"loc":{"start":{"line":32,"column":4},"end":{"line":34,"column":5}},"type":"if","locations":[{"start":{"line":32,"column":4},"end":{"line":34,"column":5}},{"start":{},"end":{}}],"line":32},"7":{"loc":{"start":{"line":48,"column":4},"end":{"line":50,"column":5}},"type":"if","locations":[{"start":{"line":48,"column":4},"end":{"line":50,"column":5}},{"start":{},"end":{}}],"line":48},"8":{"loc":{"start":{"line":53,"column":4},"end":{"line":55,"column":5}},"type":"if","locations":[{"start":{"line":53,"column":4},"end":{"line":55,"column":5}},{"start":{},"end":{}}],"line":53},"9":{"loc":{"start":{"line":67,"column":4},"end":{"line":72,"column":5}},"type":"if","locations":[{"start":{"line":67,"column":4},"end":{"line":72,"column":5}},{"start":{},"end":{}}],"line":67},"10":{"loc":{"start":{"line":76,"column":4},"end":{"line":81,"column":5}},"type":"if","locations":[{"start":{"line":76,"column":4},"end":{"line":81,"column":5}},{"start":{},"end":{}}],"line":76},"11":{"loc":{"start":{"line":86,"column":4},"end":{"line":88,"column":5}},"type":"if","locations":[{"start":{"line":86,"column":4},"end":{"line":88,"column":5}},{"start":{},"end":{}}],"line":86},"12":{"loc":{"start":{"line":129,"column":4},"end":{"line":131,"column":5}},"type":"if","locations":[{"start":{"line":129,"column":4},"end":{"line":131,"column":5}},{"start":{},"end":{}}],"line":129},"13":{"loc":{"start":{"line":147,"column":4},"end":{"line":149,"column":5}},"type":"if","locations":[{"start":{"line":147,"column":4},"end":{"line":149,"column":5}},{"start":{},"end":{}}],"line":147},"14":{"loc":{"start":{"line":159,"column":4},"end":{"line":161,"column":5}},"type":"if","locations":[{"start":{"line":159,"column":4},"end":{"line":161,"column":5}},{"start":{},"end":{}}],"line":159},"15":{"loc":{"start":{"line":159,"column":8},"end":{"line":159,"column":101}},"type":"binary-expr","locations":[{"start":{"line":159,"column":8},"end":{"line":159,"column":13}},{"start":{"line":159,"column":17},"end":{"line":159,"column":101}}],"line":159},"16":{"loc":{"start":{"line":202,"column":16},"end":{"line":202,"column":58}},"type":"binary-expr","locations":[{"start":{"line":202,"column":16},"end":{"line":202,"column":50}},{"start":{"line":202,"column":54},"end":{"line":202,"column":58}}],"line":202},"17":{"loc":{"start":{"line":203,"column":17},"end":{"line":203,"column":59}},"type":"binary-expr","locations":[{"start":{"line":203,"column":17},"end":{"line":203,"column":51}},{"start":{"line":203,"column":55},"end":{"line":203,"column":59}}],"line":203}},"s":{"0":1,"1":1,"2":1,"3":1,"4":1,"5":1,"6":1,"7":4,"8":4,"9":4,"10":4,"11":1,"12":3,"13":2,"14":1,"15":1,"16":1,"17":1,"18":1,"19":1,"20":1,"21":1,"22":1,"23":1,"24":3,"25":3,"26":3,"27":3,"28":1,"29":2,"30":2,"31":1,"32":1,"33":0,"34":1,"35":3,"36":3,"37":3,"38":1,"39":2,"40":2,"41":1,"42":1,"43":1,"44":1,"45":1,"46":1,"47":1,"48":1,"49":1,"50":0,"51":1,"52":2,"53":2,"54":2,"55":2,"56":1,"57":1,"58":1,"59":1,"60":1,"61":1,"62":0,"63":1,"64":3,"65":3,"66":3,"67":1,"68":2,"69":2,"70":1,"71":1,"72":1,"73":0,"74":1,"75":0,"76":1,"77":1,"78":1,"79":1,"80":0,"81":1,"82":3,"83":3,"84":3,"85":3,"86":3},"f":{"0":4,"1":3,"2":3,"3":2,"4":3,"5":1,"6":3},"b":{"0":[0,4],"1":[1,3],"2":[4,4],"3":[1,1],"4":[1,0],"5":[1,1],"6":[1,0],"7":[1,2],"8":[1,1],"9":[1,2],"10":[1,1],"11":[1,0],"12":[1,1],"13":[1,2],"14":[0,1],"15":[1,1],"16":[3,3],"17":[3,3]},"_coverageSchema":"1a1c01bbd47fc00a2c39e90264f33305004495a9","hash":"65e08e85a8dda278bf3ca4ee172d647e671f2199"}
,"/Users/mayank.narula/Documents/Workspace/personal/BloodConnect/backend/controllers/chats.js": {"path":"/Users/mayank.narula/Documents/Workspace/personal/BloodConnect/backend/controllers/chats.js","statementMap":{"0":{"start":{"line":1,"column":17},"end":{"line":1,"column":36}},"1":{"start":{"line":2,"column":13},"end":{"line":2,"column":38}},"2":{"start":{"line":3,"column":16},"end":{"line":3,"column":44}},"3":{"start":{"line":4,"column":15},"end":{"line":4,"column":42}},"4":{"start":{"line":6,"column":0},"end":{"line":35,"column":2}},"5":{"start":{"line":7,"column":2},"end":{"line":34,"column":3}},"6":{"start":{"line":8,"column":17},"end":{"line":8,"column":59}},"7":{"start":{"line":9,"column":18},"end":{"line":9,"column":76}},"8":{"start":{"line":10,"column":17},"end":{"line":10,"column":35}},"9":{"start":{"line":12,"column":19},"end":{"line":12,"column":59}},"10":{"start":{"line":14,"column":32},"end":{"line":22,"column":6}},"11":{"start":{"line":24,"column":4},"end":{"line":31,"column":7}},"12":{"start":{"line":33,"column":4},"end":{"line":33,"column":14}},"13":{"start":{"line":37,"column":0},"end":{"line":56,"column":2}},"14":{"start":{"line":38,"column":2},"end":{"line":55,"column":3}},"15":{"start":{"line":39,"column":17},"end":{"line":41,"column":30}},"16":{"start":{"line":43,"column":4},"end":{"line":45,"column":5}},"17":{"start":{"line":44,"column":6},"end":{"line":44,"column":79}},"18":{"start":{"line":47,"column":26},"end":{"line":47,"column":89}},"19":{"start":{"line":47,"column":56},"end":{"line":47,"column":88}},"20":{"start":{"line":48,"column":4},"end":{"line":50,"column":5}},"21":{"start":{"line":49,"column":6},"end":{"line":49,"column":97}},"22":{"start":{"line":52,"column":4},"end":{"line":52,"column":56}},"23":{"start":{"line":54,"column":4},"end":{"line":54,"column":14}},"24":{"start":{"line":58,"column":0},"end":{"line":90,"column":2}},"25":{"start":{"line":59,"column":2},"end":{"line":89,"column":3}},"26":{"start":{"line":60,"column":17},"end":{"line":60,"column":51}},"27":{"start":{"line":61,"column":4},"end":{"line":63,"column":5}},"28":{"start":{"line":62,"column":6},"end":{"line":62,"column":79}},"29":{"start":{"line":65,"column":26},"end":{"line":65,"column":85}},"30":{"start":{"line":65,"column":56},"end":{"line":65,"column":84}},"31":{"start":{"line":66,"column":4},"end":{"line":68,"column":5}},"32":{"start":{"line":67,"column":6},"end":{"line":67,"column":97}},"33":{"start":{"line":70,"column":17},"end":{"line":70,"column":59}},"34":{"start":{"line":71,"column":18},"end":{"line":71,"column":77}},"35":{"start":{"line":72,"column":17},"end":{"line":72,"column":35}},"36":{"start":{"line":74,"column":35},"end":{"line":77,"column":6}},"37":{"start":{"line":79,"column":4},"end":{"line":86,"column":7}},"38":{"start":{"line":88,"column":4},"end":{"line":88,"column":14}},"39":{"start":{"line":92,"column":0},"end":{"line":112,"column":2}},"40":{"start":{"line":93,"column":42},"end":{"line":93,"column":50}},"41":{"start":{"line":95,"column":2},"end":{"line":111,"column":3}},"42":{"start":{"line":96,"column":15},"end":{"line":99,"column":6}},"43":{"start":{"line":101,"column":4},"end":{"line":106,"column":5}},"44":{"start":{"line":102,"column":6},"end":{"line":105,"column":9}},"45":{"start":{"line":108,"column":4},"end":{"line":108,"column":56}},"46":{"start":{"line":110,"column":4},"end":{"line":110,"column":14}},"47":{"start":{"line":114,"column":0},"end":{"line":146,"column":2}},"48":{"start":{"line":115,"column":18},"end":{"line":115,"column":47}},"49":{"start":{"line":116,"column":2},"end":{"line":145,"column":3}},"50":{"start":{"line":117,"column":4},"end":{"line":117,"column":31}},"51":{"start":{"line":119,"column":17},"end":{"line":119,"column":68}},"52":{"start":{"line":120,"column":4},"end":{"line":123,"column":5}},"53":{"start":{"line":121,"column":6},"end":{"line":121,"column":39}},"54":{"start":{"line":122,"column":6},"end":{"line":122,"column":79}},"55":{"start":{"line":125,"column":26},"end":{"line":125,"column":85}},"56":{"start":{"line":125,"column":56},"end":{"line":125,"column":84}},"57":{"start":{"line":126,"column":4},"end":{"line":129,"column":5}},"58":{"start":{"line":127,"column":6},"end":{"line":127,"column":39}},"59":{"start":{"line":128,"column":6},"end":{"line":128,"column":109}},"60":{"start":{"line":131,"column":22},"end":{"line":134,"column":5}},"61":{"start":{"line":136,"column":4},"end":{"line":136,"column":91}},"62":{"start":{"line":138,"column":4},"end":{"line":138,"column":38}},"63":{"start":{"line":139,"column":4},"end":{"line":139,"column":59}},"64":{"start":{"line":141,"column":4},"end":{"line":141,"column":37}},"65":{"start":{"line":142,"column":4},"end":{"line":142,"column":14}},"66":{"start":{"line":144,"column":4},"end":{"line":144,"column":25}}},"fnMap":{"0":{"name":"(anonymous_0)","decl":{"start":{"line":6,"column":19},"end":{"line":6,"column":20}},"loc":{"start":{"line":6,"column":45},"end":{"line":35,"column":1}},"line":6},"1":{"name":"(anonymous_1)","decl":{"start":{"line":37,"column":22},"end":{"line":37,"column":23}},"loc":{"start":{"line":37,"column":48},"end":{"line":56,"column":1}},"line":37},"2":{"name":"(anonymous_2)","decl":{"start":{"line":47,"column":49},"end":{"line":47,"column":50}},"loc":{"start":{"line":47,"column":56},"end":{"line":47,"column":88}},"line":47},"3":{"name":"(anonymous_3)","decl":{"start":{"line":58,"column":22},"end":{"line":58,"column":23}},"loc":{"start":{"line":58,"column":48},"end":{"line":90,"column":1}},"line":58},"4":{"name":"(anonymous_4)","decl":{"start":{"line":65,"column":49},"end":{"line":65,"column":50}},"loc":{"start":{"line":65,"column":56},"end":{"line":65,"column":84}},"line":65},"5":{"name":"(anonymous_5)","decl":{"start":{"line":92,"column":20},"end":{"line":92,"column":21}},"loc":{"start":{"line":92,"column":46},"end":{"line":112,"column":1}},"line":92},"6":{"name":"(anonymous_6)","decl":{"start":{"line":114,"column":22},"end":{"line":114,"column":23}},"loc":{"start":{"line":114,"column":48},"end":{"line":146,"column":1}},"line":114},"7":{"name":"(anonymous_7)","decl":{"start":{"line":125,"column":49},"end":{"line":125,"column":50}},"loc":{"start":{"line":125,"column":56},"end":{"line":125,"column":84}},"line":125}},"branchMap":{"0":{"loc":{"start":{"line":8,"column":29},"end":{"line":8,"column":58}},"type":"binary-expr","locations":[{"start":{"line":8,"column":29},"end":{"line":8,"column":53}},{"start":{"line":8,"column":57},"end":{"line":8,"column":58}}],"line":8},"1":{"loc":{"start":{"line":9,"column":43},"end":{"line":9,"column":74}},"type":"binary-expr","locations":[{"start":{"line":9,"column":43},"end":{"line":9,"column":68}},{"start":{"line":9,"column":72},"end":{"line":9,"column":74}}],"line":9},"2":{"loc":{"start":{"line":43,"column":4},"end":{"line":45,"column":5}},"type":"if","locations":[{"start":{"line":43,"column":4},"end":{"line":45,"column":5}},{"start":{},"end":{}}],"line":43},"3":{"loc":{"start":{"line":48,"column":4},"end":{"line":50,"column":5}},"type":"if","locations":[{"start":{"line":48,"column":4},"end":{"line":50,"column":5}},{"start":{},"end":{}}],"line":48},"4":{"loc":{"start":{"line":61,"column":4},"end":{"line":63,"column":5}},"type":"if","locations":[{"start":{"line":61,"column":4},"end":{"line":63,"column":5}},{"start":{},"end":{}}],"line":61},"5":{"loc":{"start":{"line":66,"column":4},"end":{"line":68,"column":5}},"type":"if","locations":[{"start":{"line":66,"column":4},"end":{"line":68,"column":5}},{"start":{},"end":{}}],"line":66},"6":{"loc":{"start":{"line":70,"column":29},"end":{"line":70,"column":58}},"type":"binary-expr","locations":[{"start":{"line":70,"column":29},"end":{"line":70,"column":53}},{"start":{"line":70,"column":57},"end":{"line":70,"column":58}}],"line":70},"7":{"loc":{"start":{"line":71,"column":44},"end":{"line":71,"column":75}},"type":"binary-expr","locations":[{"start":{"line":71,"column":44},"end":{"line":71,"column":69}},{"start":{"line":71,"column":73},"end":{"line":71,"column":75}}],"line":71},"8":{"loc":{"start":{"line":98,"column":22},"end":{"line":98,"column":58}},"type":"binary-expr","locations":[{"start":{"line":98,"column":22},"end":{"line":98,"column":36}},{"start":{"line":98,"column":40},"end":{"line":98,"column":58}}],"line":98},"9":{"loc":{"start":{"line":101,"column":4},"end":{"line":106,"column":5}},"type":"if","locations":[{"start":{"line":101,"column":4},"end":{"line":106,"column":5}},{"start":{},"end":{}}],"line":101},"10":{"loc":{"start":{"line":120,"column":4},"end":{"line":123,"column":5}},"type":"if","locations":[{"start":{"line":120,"column":4},"end":{"line":123,"column":5}},{"start":{},"end":{}}],"line":120},"11":{"loc":{"start":{"line":126,"column":4},"end":{"line":129,"column":5}},"type":"if","locations":[{"start":{"line":126,"column":4},"end":{"line":129,"column":5}},{"start":{},"end":{}}],"line":126}},"s":{"0":1,"1":1,"2":1,"3":1,"4":1,"5":2,"6":2,"7":2,"8":2,"9":2,"10":2,"11":1,"12":1,"13":1,"14":3,"15":3,"16":3,"17":1,"18":2,"19":2,"20":2,"21":1,"22":1,"23":0,"24":1,"25":2,"26":2,"27":2,"28":1,"29":1,"30":1,"31":1,"32":0,"33":1,"34":1,"35":1,"36":1,"37":1,"38":0,"39":1,"40":2,"41":2,"42":2,"43":2,"44":1,"45":2,"46":0,"47":1,"48":3,"49":3,"50":3,"51":3,"52":3,"53":1,"54":1,"55":2,"56":2,"57":2,"58":1,"59":1,"60":1,"61":1,"62":1,"63":1,"64":0,"65":0,"66":3},"f":{"0":2,"1":3,"2":2,"3":2,"4":1,"5":2,"6":3,"7":2},"b":{"0":[2,2],"1":[2,2],"2":[1,2],"3":[1,1],"4":[1,1],"5":[0,1],"6":[1,1],"7":[1,1],"8":[2,2],"9":[1,1],"10":[1,2],"11":[1,1]},"_coverageSchema":"1a1c01bbd47fc00a2c39e90264f33305004495a9","hash":"e106aa909f884c6cf46f2027b665576dfa450766"}
,"/Users/mayank.narula/Documents/Workspace/personal/BloodConnect/backend/controllers/donors.js": {"path":"/Users/mayank.narula/Documents/Workspace/personal/BloodConnect/backend/controllers/donors.js","statementMap":{"0":{"start":{"line":1,"column":13},"end":{"line":1,"column":38}},"1":{"start":{"line":2,"column":21},"end":{"line":2,"column":54}},"2":{"start":{"line":3,"column":15},"end":{"line":3,"column":42}},"3":{"start":{"line":5,"column":30},"end":{"line":5,"column":134}},"4":{"start":{"line":6,"column":28},"end":{"line":6,"column":75}},"5":{"start":{"line":8,"column":0},"end":{"line":84,"column":2}},"6":{"start":{"line":9,"column":2},"end":{"line":83,"column":3}},"7":{"start":{"line":10,"column":17},"end":{"line":10,"column":59}},"8":{"start":{"line":11,"column":18},"end":{"line":11,"column":77}},"9":{"start":{"line":12,"column":17},"end":{"line":12,"column":35}},"10":{"start":{"line":14,"column":19},"end":{"line":19,"column":5}},"11":{"start":{"line":21,"column":4},"end":{"line":26,"column":5}},"12":{"start":{"line":22,"column":26},"end":{"line":22,"column":76}},"13":{"start":{"line":23,"column":6},"end":{"line":25,"column":7}},"14":{"start":{"line":24,"column":8},"end":{"line":24,"column":49}},"15":{"start":{"line":28,"column":4},"end":{"line":41,"column":5}},"16":{"start":{"line":29,"column":18},"end":{"line":29,"column":48}},"17":{"start":{"line":30,"column":18},"end":{"line":30,"column":49}},"18":{"start":{"line":31,"column":21},"end":{"line":31,"column":55}},"19":{"start":{"line":33,"column":6},"end":{"line":40,"column":7}},"20":{"start":{"line":34,"column":8},"end":{"line":39,"column":10}},"21":{"start":{"line":43,"column":16},"end":{"line":43,"column":33}},"22":{"start":{"line":45,"column":4},"end":{"line":51,"column":5}},"23":{"start":{"line":46,"column":30},"end":{"line":46,"column":57}},"24":{"start":{"line":47,"column":25},"end":{"line":47,"column":96}},"25":{"start":{"line":47,"column":55},"end":{"line":47,"column":95}},"26":{"start":{"line":48,"column":6},"end":{"line":50,"column":7}},"27":{"start":{"line":49,"column":8},"end":{"line":49,"column":51}},"28":{"start":{"line":53,"column":4},"end":{"line":66,"column":5}},"29":{"start":{"line":54,"column":29},"end":{"line":54,"column":54}},"30":{"start":{"line":55,"column":24},"end":{"line":58,"column":8}},"31":{"start":{"line":56,"column":22},"end":{"line":56,"column":48}},"32":{"start":{"line":57,"column":8},"end":{"line":57,"column":51}},"33":{"start":{"line":59,"column":6},"end":{"line":63,"column":7}},"34":{"start":{"line":60,"column":8},"end":{"line":60,"column":48}},"35":{"start":{"line":62,"column":8},"end":{"line":62,"column":41}},"36":{"start":{"line":65,"column":6},"end":{"line":65,"column":39}},"37":{"start":{"line":68,"column":33},"end":{"line":71,"column":6}},"38":{"start":{"line":73,"column":4},"end":{"line":80,"column":7}},"39":{"start":{"line":82,"column":4},"end":{"line":82,"column":14}},"40":{"start":{"line":86,"column":0},"end":{"line":98,"column":2}},"41":{"start":{"line":87,"column":2},"end":{"line":97,"column":3}},"42":{"start":{"line":88,"column":18},"end":{"line":88,"column":52}},"43":{"start":{"line":90,"column":4},"end":{"line":92,"column":5}},"44":{"start":{"line":91,"column":6},"end":{"line":91,"column":80}},"45":{"start":{"line":94,"column":4},"end":{"line":94,"column":57}},"46":{"start":{"line":96,"column":4},"end":{"line":96,"column":14}},"47":{"start":{"line":100,"column":0},"end":{"line":127,"column":2}},"48":{"start":{"line":101,"column":2},"end":{"line":126,"column":3}},"49":{"start":{"line":102,"column":30},"end":{"line":107,"column":5}},"50":{"start":{"line":109,"column":49},"end":{"line":116,"column":6}},"51":{"start":{"line":118,"column":4},"end":{"line":123,"column":7}},"52":{"start":{"line":122,"column":41},"end":{"line":122,"column":73}},"53":{"start":{"line":125,"column":4},"end":{"line":125,"column":14}}},"fnMap":{"0":{"name":"(anonymous_0)","decl":{"start":{"line":8,"column":20},"end":{"line":8,"column":21}},"loc":{"start":{"line":8,"column":46},"end":{"line":84,"column":1}},"line":8},"1":{"name":"(anonymous_1)","decl":{"start":{"line":47,"column":48},"end":{"line":47,"column":49}},"loc":{"start":{"line":47,"column":55},"end":{"line":47,"column":95}},"line":47},"2":{"name":"(anonymous_2)","decl":{"start":{"line":55,"column":46},"end":{"line":55,"column":47}},"loc":{"start":{"line":55,"column":53},"end":{"line":58,"column":7}},"line":55},"3":{"name":"(anonymous_3)","decl":{"start":{"line":86,"column":19},"end":{"line":86,"column":20}},"loc":{"start":{"line":86,"column":45},"end":{"line":98,"column":1}},"line":86},"4":{"name":"(anonymous_4)","decl":{"start":{"line":100,"column":24},"end":{"line":100,"column":25}},"loc":{"start":{"line":100,"column":50},"end":{"line":127,"column":1}},"line":100},"5":{"name":"(anonymous_5)","decl":{"start":{"line":122,"column":33},"end":{"line":122,"column":34}},"loc":{"start":{"line":122,"column":41},"end":{"line":122,"column":73}},"line":122}},"branchMap":{"0":{"loc":{"start":{"line":10,"column":29},"end":{"line":10,"column":58}},"type":"binary-expr","locations":[{"start":{"line":10,"column":29},"end":{"line":10,"column":53}},{"start":{"line":10,"column":57},"end":{"line":10,"column":58}}],"line":10},"1":{"loc":{"start":{"line":11,"column":44},"end":{"line":11,"column":75}},"type":"binary-expr","locations":[{"start":{"line":11,"column":44},"end":{"line":11,"column":69}},{"start":{"line":11,"column":73},"end":{"line":11,"column":75}}],"line":11},"2":{"loc":{"start":{"line":21,"column":4},"end":{"line":26,"column":5}},"type":"if","locations":[{"start":{"line":21,"column":4},"end":{"line":26,"column":5}},{"start":{},"end":{}}],"line":21},"3":{"loc":{"start":{"line":23,"column":6},"end":{"line":25,"column":7}},"type":"if","locations":[{"start":{"line":23,"column":6},"end":{"line":25,"column":7}},{"start":{},"end":{}}],"line":23},"4":{"loc":{"start":{"line":28,"column":4},"end":{"line":41,"column":5}},"type":"if","locations":[{"start":{"line":28,"column":4},"end":{"line":41,"column":5}},{"start":{},"end":{}}],"line":28},"5":{"loc":{"start":{"line":28,"column":8},"end":{"line":28,"column":49}},"type":"binary-expr","locations":[{"start":{"line":28,"column":8},"end":{"line":28,"column":26}},{"start":{"line":28,"column":30},"end":{"line":28,"column":49}}],"line":28},"6":{"loc":{"start":{"line":31,"column":21},"end":{"line":31,"column":55}},"type":"binary-expr","locations":[{"start":{"line":31,"column":21},"end":{"line":31,"column":49}},{"start":{"line":31,"column":53},"end":{"line":31,"column":55}}],"line":31},"7":{"loc":{"start":{"line":33,"column":6},"end":{"line":40,"column":7}},"type":"if","locations":[{"start":{"line":33,"column":6},"end":{"line":40,"column":7}},{"start":{},"end":{}}],"line":33},"8":{"loc":{"start":{"line":33,"column":10},"end":{"line":33,"column":92}},"type":"binary-expr","locations":[{"start":{"line":33,"column":10},"end":{"line":33,"column":21}},{"start":{"line":33,"column":25},"end":{"line":33,"column":36}},{"start":{"line":33,"column":40},"end":{"line":33,"column":50}},{"start":{"line":33,"column":54},"end":{"line":33,"column":63}},{"start":{"line":33,"column":67},"end":{"line":33,"column":78}},{"start":{"line":33,"column":82},"end":{"line":33,"column":92}}],"line":33},"9":{"loc":{"start":{"line":45,"column":4},"end":{"line":51,"column":5}},"type":"if","locations":[{"start":{"line":45,"column":4},"end":{"line":51,"column":5}},{"start":{},"end":{}}],"line":45},"10":{"loc":{"start":{"line":48,"column":6},"end":{"line":50,"column":7}},"type":"if","locations":[{"start":{"line":48,"column":6},"end":{"line":50,"column":7}},{"start":{},"end":{}}],"line":48},"11":{"loc":{"start":{"line":53,"column":4},"end":{"line":66,"column":5}},"type":"if","locations":[{"start":{"line":53,"column":4},"end":{"line":66,"column":5}},{"start":{"line":64,"column":11},"end":{"line":66,"column":5}}],"line":53},"12":{"loc":{"start":{"line":59,"column":6},"end":{"line":63,"column":7}},"type":"if","locations":[{"start":{"line":59,"column":6},"end":{"line":63,"column":7}},{"start":{"line":61,"column":13},"end":{"line":63,"column":7}}],"line":59},"13":{"loc":{"start":{"line":90,"column":4},"end":{"line":92,"column":5}},"type":"if","locations":[{"start":{"line":90,"column":4},"end":{"line":92,"column":5}},{"start":{},"end":{}}],"line":90},"14":{"loc":{"start":{"line":90,"column":8},"end":{"line":90,"column":40}},"type":"binary-expr","locations":[{"start":{"line":90,"column":8},"end":{"line":90,"column":14}},{"start":{"line":90,"column":18},"end":{"line":90,"column":40}}],"line":90}},"s":{"0":1,"1":1,"2":1,"3":1,"4":1,"5":1,"6":3,"7":3,"8":3,"9":3,"10":3,"11":3,"12":1,"13":1,"14":1,"15":3,"16":1,"17":1,"18":1,"19":1,"20":1,"21":3,"22":2,"23":1,"24":1,"25":2,"26":1,"27":1,"28":2,"29":1,"30":1,"31":2,"32":2,"33":1,"34":1,"35":0,"36":1,"37":2,"38":2,"39":1,"40":1,"41":2,"42":2,"43":2,"44":1,"45":1,"46":0,"47":1,"48":1,"49":1,"50":1,"51":1,"52":1,"53":0},"f":{"0":3,"1":2,"2":2,"3":2,"4":1,"5":1},"b":{"0":[3,2],"1":[3,2],"2":[1,2],"3":[1,0],"4":[1,2],"5":[3,1],"6":[1,0],"7":[1,0],"8":[1,1,1,1,1,1],"9":[1,1],"10":[1,0],"11":[1,1],"12":[1,0],"13":[1,1],"14":[2,1]},"_coverageSchema":"1a1c01bbd47fc00a2c39e90264f33305004495a9","hash":"3d4214b51f001f26d14972fe243fbe642cf013fe"}
,"/Users/mayank.narula/Documents/Workspace/personal/BloodConnect/backend/controllers/notifications.js": {"path":"/Users/mayank.narula/Documents/Workspace/personal/BloodConnect/backend/controllers/notifications.js","statementMap":{"0":{"start":{"line":1,"column":18},"end":{"line":1,"column":48}},"1":{"start":{"line":2,"column":15},"end":{"line":2,"column":42}},"2":{"start":{"line":4,"column":0},"end":{"line":27,"column":2}},"3":{"start":{"line":5,"column":2},"end":{"line":26,"column":3}},"4":{"start":{"line":6,"column":32},"end":{"line":6,"column":40}},"5":{"start":{"line":8,"column":4},"end":{"line":10,"column":5}},"6":{"start":{"line":9,"column":6},"end":{"line":9,"column":96}},"7":{"start":{"line":12,"column":4},"end":{"line":14,"column":5}},"8":{"start":{"line":13,"column":6},"end":{"line":13,"column":81}},"9":{"start":{"line":16,"column":4},"end":{"line":20,"column":6}},"10":{"start":{"line":22,"column":4},"end":{"line":22,"column":76}},"11":{"start":{"line":23,"column":4},"end":{"line":23,"column":70}},"12":{"start":{"line":25,"column":4},"end":{"line":25,"column":14}},"13":{"start":{"line":29,"column":0},"end":{"line":44,"column":2}},"14":{"start":{"line":30,"column":2},"end":{"line":43,"column":3}},"15":{"start":{"line":31,"column":22},"end":{"line":31,"column":30}},"16":{"start":{"line":33,"column":4},"end":{"line":35,"column":5}},"17":{"start":{"line":34,"column":6},"end":{"line":34,"column":82}},"18":{"start":{"line":37,"column":4},"end":{"line":37,"column":69}},"19":{"start":{"line":39,"column":4},"end":{"line":39,"column":68}},"20":{"start":{"line":40,"column":4},"end":{"line":40,"column":72}},"21":{"start":{"line":42,"column":4},"end":{"line":42,"column":14}}},"fnMap":{"0":{"name":"(anonymous_0)","decl":{"start":{"line":4,"column":24},"end":{"line":4,"column":25}},"loc":{"start":{"line":4,"column":50},"end":{"line":27,"column":1}},"line":4},"1":{"name":"(anonymous_1)","decl":{"start":{"line":29,"column":26},"end":{"line":29,"column":27}},"loc":{"start":{"line":29,"column":52},"end":{"line":44,"column":1}},"line":29}},"branchMap":{"0":{"loc":{"start":{"line":8,"column":4},"end":{"line":10,"column":5}},"type":"if","locations":[{"start":{"line":8,"column":4},"end":{"line":10,"column":5}},{"start":{},"end":{}}],"line":8},"1":{"loc":{"start":{"line":8,"column":8},"end":{"line":8,"column":27}},"type":"binary-expr","locations":[{"start":{"line":8,"column":8},"end":{"line":8,"column":14}},{"start":{"line":8,"column":18},"end":{"line":8,"column":27}}],"line":8},"2":{"loc":{"start":{"line":12,"column":4},"end":{"line":14,"column":5}},"type":"if","locations":[{"start":{"line":12,"column":4},"end":{"line":14,"column":5}},{"start":{},"end":{}}],"line":12},"3":{"loc":{"start":{"line":33,"column":4},"end":{"line":35,"column":5}},"type":"if","locations":[{"start":{"line":33,"column":4},"end":{"line":35,"column":5}},{"start":{},"end":{}}],"line":33}},"s":{"0":1,"1":1,"2":1,"3":4,"4":4,"5":4,"6":1,"7":3,"8":1,"9":2,"10":1,"11":1,"12":1,"13":1,"14":2,"15":2,"16":2,"17":1,"18":1,"19":1,"20":1,"21":0},"f":{"0":4,"1":2},"b":{"0":[1,3],"1":[4,3],"2":[1,2],"3":[1,1]},"_coverageSchema":"1a1c01bbd47fc00a2c39e90264f33305004495a9","hash":"058b099a9629b2e0b7c12a8c9cfd1b57e54255ba"}
,"/Users/mayank.narula/Documents/Workspace/personal/BloodConnect/backend/controllers/requests.js": {"path":"/Users/mayank.narula/Documents/Workspace/personal/BloodConnect/backend/controllers/requests.js","statementMap":{"0":{"start":{"line":1,"column":17},"end":{"line":1,"column":36}},"1":{"start":{"line":2,"column":21},"end":{"line":2,"column":54}},"2":{"start":{"line":3,"column":13},"end":{"line":3,"column":38}},"3":{"start":{"line":4,"column":15},"end":{"line":4,"column":42}},"4":{"start":{"line":5,"column":33},"end":{"line":5,"column":70}},"5":{"start":{"line":7,"column":0},"end":{"line":38,"column":2}},"6":{"start":{"line":8,"column":2},"end":{"line":37,"column":3}},"7":{"start":{"line":9,"column":17},"end":{"line":9,"column":59}},"8":{"start":{"line":10,"column":18},"end":{"line":10,"column":76}},"9":{"start":{"line":11,"column":17},"end":{"line":11,"column":35}},"10":{"start":{"line":13,"column":19},"end":{"line":13,"column":21}},"11":{"start":{"line":14,"column":4},"end":{"line":14,"column":71}},"12":{"start":{"line":14,"column":30},"end":{"line":14,"column":71}},"13":{"start":{"line":15,"column":4},"end":{"line":15,"column":62}},"14":{"start":{"line":15,"column":27},"end":{"line":15,"column":62}},"15":{"start":{"line":16,"column":4},"end":{"line":16,"column":59}},"16":{"start":{"line":16,"column":26},"end":{"line":16,"column":59}},"17":{"start":{"line":18,"column":35},"end":{"line":25,"column":6}},"18":{"start":{"line":27,"column":4},"end":{"line":34,"column":7}},"19":{"start":{"line":36,"column":4},"end":{"line":36,"column":14}},"20":{"start":{"line":40,"column":0},"end":{"line":63,"column":2}},"21":{"start":{"line":41,"column":2},"end":{"line":62,"column":3}},"22":{"start":{"line":42,"column":85},"end":{"line":42,"column":93}},"23":{"start":{"line":44,"column":20},"end":{"line":53,"column":6}},"24":{"start":{"line":55,"column":4},"end":{"line":55,"column":59}},"25":{"start":{"line":57,"column":4},"end":{"line":59,"column":6}},"26":{"start":{"line":58,"column":6},"end":{"line":58,"column":67}},"27":{"start":{"line":61,"column":4},"end":{"line":61,"column":14}},"28":{"start":{"line":65,"column":0},"end":{"line":115,"column":2}},"29":{"start":{"line":66,"column":18},"end":{"line":66,"column":47}},"30":{"start":{"line":67,"column":2},"end":{"line":114,"column":3}},"31":{"start":{"line":68,"column":4},"end":{"line":68,"column":31}},"32":{"start":{"line":70,"column":18},"end":{"line":70,"column":77}},"33":{"start":{"line":71,"column":4},"end":{"line":74,"column":5}},"34":{"start":{"line":72,"column":6},"end":{"line":72,"column":39}},"35":{"start":{"line":73,"column":6},"end":{"line":73,"column":82}},"36":{"start":{"line":76,"column":4},"end":{"line":79,"column":5}},"37":{"start":{"line":77,"column":6},"end":{"line":77,"column":39}},"38":{"start":{"line":78,"column":6},"end":{"line":78,"column":102}},"39":{"start":{"line":81,"column":4},"end":{"line":91,"column":5}},"40":{"start":{"line":82,"column":27},"end":{"line":82,"column":29}},"41":{"start":{"line":83,"column":27},"end":{"line":83,"column":37}},"42":{"start":{"line":84,"column":6},"end":{"line":84,"column":66}},"43":{"start":{"line":86,"column":6},"end":{"line":90,"column":8}},"44":{"start":{"line":93,"column":27},"end":{"line":93,"column":116}},"45":{"start":{"line":94,"column":23},"end":{"line":94,"column":25}},"46":{"start":{"line":95,"column":4},"end":{"line":99,"column":5}},"47":{"start":{"line":96,"column":6},"end":{"line":98,"column":7}},"48":{"start":{"line":97,"column":8},"end":{"line":97,"column":44}},"49":{"start":{"line":101,"column":4},"end":{"line":105,"column":7}},"50":{"start":{"line":107,"column":4},"end":{"line":107,"column":38}},"51":{"start":{"line":108,"column":4},"end":{"line":108,"column":59}},"52":{"start":{"line":110,"column":4},"end":{"line":110,"column":37}},"53":{"start":{"line":111,"column":4},"end":{"line":111,"column":14}},"54":{"start":{"line":113,"column":4},"end":{"line":113,"column":25}},"55":{"start":{"line":117,"column":0},"end":{"line":133,"column":2}},"56":{"start":{"line":118,"column":2},"end":{"line":132,"column":3}},"57":{"start":{"line":119,"column":20},"end":{"line":119,"column":62}},"58":{"start":{"line":120,"column":4},"end":{"line":122,"column":5}},"59":{"start":{"line":121,"column":6},"end":{"line":121,"column":82}},"60":{"start":{"line":124,"column":4},"end":{"line":126,"column":5}},"61":{"start":{"line":125,"column":6},"end":{"line":125,"column":102}},"62":{"start":{"line":128,"column":4},"end":{"line":128,"column":30}},"63":{"start":{"line":129,"column":4},"end":{"line":129,"column":54}},"64":{"start":{"line":131,"column":4},"end":{"line":131,"column":14}}},"fnMap":{"0":{"name":"(anonymous_0)","decl":{"start":{"line":7,"column":22},"end":{"line":7,"column":23}},"loc":{"start":{"line":7,"column":48},"end":{"line":38,"column":1}},"line":7},"1":{"name":"(anonymous_1)","decl":{"start":{"line":40,"column":24},"end":{"line":40,"column":25}},"loc":{"start":{"line":40,"column":50},"end":{"line":63,"column":1}},"line":40},"2":{"name":"(anonymous_2)","decl":{"start":{"line":57,"column":53},"end":{"line":57,"column":54}},"loc":{"start":{"line":58,"column":6},"end":{"line":58,"column":67}},"line":58},"3":{"name":"(anonymous_3)","decl":{"start":{"line":65,"column":24},"end":{"line":65,"column":25}},"loc":{"start":{"line":65,"column":50},"end":{"line":115,"column":1}},"line":65},"4":{"name":"(anonymous_4)","decl":{"start":{"line":117,"column":24},"end":{"line":117,"column":25}},"loc":{"start":{"line":117,"column":50},"end":{"line":133,"column":1}},"line":117}},"branchMap":{"0":{"loc":{"start":{"line":9,"column":29},"end":{"line":9,"column":58}},"type":"binary-expr","locations":[{"start":{"line":9,"column":29},"end":{"line":9,"column":53}},{"start":{"line":9,"column":57},"end":{"line":9,"column":58}}],"line":9},"1":{"loc":{"start":{"line":10,"column":43},"end":{"line":10,"column":74}},"type":"binary-expr","locations":[{"start":{"line":10,"column":43},"end":{"line":10,"column":68}},{"start":{"line":10,"column":72},"end":{"line":10,"column":74}}],"line":10},"2":{"loc":{"start":{"line":14,"column":4},"end":{"line":14,"column":71}},"type":"if","locations":[{"start":{"line":14,"column":4},"end":{"line":14,"column":71}},{"start":{},"end":{}}],"line":14},"3":{"loc":{"start":{"line":15,"column":4},"end":{"line":15,"column":62}},"type":"if","locations":[{"start":{"line":15,"column":4},"end":{"line":15,"column":62}},{"start":{},"end":{}}],"line":15},"4":{"loc":{"start":{"line":16,"column":4},"end":{"line":16,"column":59}},"type":"if","locations":[{"start":{"line":16,"column":4},"end":{"line":16,"column":59}},{"start":{},"end":{}}],"line":16},"5":{"loc":{"start":{"line":71,"column":4},"end":{"line":74,"column":5}},"type":"if","locations":[{"start":{"line":71,"column":4},"end":{"line":74,"column":5}},{"start":{},"end":{}}],"line":71},"6":{"loc":{"start":{"line":76,"column":4},"end":{"line":79,"column":5}},"type":"if","locations":[{"start":{"line":76,"column":4},"end":{"line":79,"column":5}},{"start":{},"end":{}}],"line":76},"7":{"loc":{"start":{"line":76,"column":8},"end":{"line":76,"column":81}},"type":"binary-expr","locations":[{"start":{"line":76,"column":8},"end":{"line":76,"column":52}},{"start":{"line":76,"column":56},"end":{"line":76,"column":81}}],"line":76},"8":{"loc":{"start":{"line":81,"column":4},"end":{"line":91,"column":5}},"type":"if","locations":[{"start":{"line":81,"column":4},"end":{"line":91,"column":5}},{"start":{},"end":{}}],"line":81},"9":{"loc":{"start":{"line":81,"column":8},"end":{"line":81,"column":57}},"type":"binary-expr","locations":[{"start":{"line":81,"column":8},"end":{"line":81,"column":39}},{"start":{"line":81,"column":43},"end":{"line":81,"column":57}}],"line":81},"10":{"loc":{"start":{"line":96,"column":6},"end":{"line":98,"column":7}},"type":"if","locations":[{"start":{"line":96,"column":6},"end":{"line":98,"column":7}},{"start":{},"end":{}}],"line":96},"11":{"loc":{"start":{"line":120,"column":4},"end":{"line":122,"column":5}},"type":"if","locations":[{"start":{"line":120,"column":4},"end":{"line":122,"column":5}},{"start":{},"end":{}}],"line":120},"12":{"loc":{"start":{"line":124,"column":4},"end":{"line":126,"column":5}},"type":"if","locations":[{"start":{"line":124,"column":4},"end":{"line":126,"column":5}},{"start":{},"end":{}}],"line":124},"13":{"loc":{"start":{"line":124,"column":8},"end":{"line":124,"column":81}},"type":"binary-expr","locations":[{"start":{"line":124,"column":8},"end":{"line":124,"column":52}},{"start":{"line":124,"column":56},"end":{"line":124,"column":81}}],"line":124}},"s":{"0":1,"1":1,"2":1,"3":1,"4":1,"5":1,"6":1,"7":1,"8":1,"9":1,"10":1,"11":1,"12":1,"13":1,"14":0,"15":1,"16":1,"17":1,"18":1,"19":0,"20":1,"21":2,"22":2,"23":2,"24":1,"25":1,"26":0,"27":1,"28":1,"29":4,"30":4,"31":4,"32":4,"33":3,"34":1,"35":1,"36":2,"37":1,"38":1,"39":1,"40":1,"41":1,"42":1,"43":1,"44":1,"45":1,"46":1,"47":8,"48":2,"49":1,"50":1,"51":1,"52":1,"53":1,"54":4,"55":1,"56":3,"57":3,"58":3,"59":1,"60":2,"61":1,"62":1,"63":1,"64":0},"f":{"0":1,"1":2,"2":0,"3":4,"4":3},"b":{"0":[1,1],"1":[1,1],"2":[1,0],"3":[0,1],"4":[1,0],"5":[1,2],"6":[1,1],"7":[2,1],"8":[1,0],"9":[1,1],"10":[2,6],"11":[1,2],"12":[1,1],"13":[2,1]},"_coverageSchema":"1a1c01bbd47fc00a2c39e90264f33305004495a9","hash":"7409e9e3816ba5bc60d7dd843ecf7fab788f8499"}
,"/Users/mayank.narula/Documents/Workspace/personal/BloodConnect/backend/controllers/users.js": {"path":"/Users/mayank.narula/Documents/Workspace/personal/BloodConnect/backend/controllers/users.js","statementMap":{"0":{"start":{"line":1,"column":13},"end":{"line":1,"column":38}},"1":{"start":{"line":2,"column":15},"end":{"line":2,"column":42}},"2":{"start":{"line":4,"column":0},"end":{"line":60,"column":2}},"3":{"start":{"line":5,"column":2},"end":{"line":59,"column":3}},"4":{"start":{"line":6,"column":26},"end":{"line":9,"column":5}},"5":{"start":{"line":11,"column":27},"end":{"line":11,"column":29}},"6":{"start":{"line":12,"column":4},"end":{"line":16,"column":5}},"7":{"start":{"line":13,"column":6},"end":{"line":15,"column":7}},"8":{"start":{"line":14,"column":8},"end":{"line":14,"column":48}},"9":{"start":{"line":18,"column":4},"end":{"line":27,"column":5}},"10":{"start":{"line":19,"column":18},"end":{"line":19,"column":47}},"11":{"start":{"line":20,"column":18},"end":{"line":20,"column":48}},"12":{"start":{"line":21,"column":6},"end":{"line":26,"column":7}},"13":{"start":{"line":22,"column":8},"end":{"line":25,"column":10}},"14":{"start":{"line":29,"column":17},"end":{"line":32,"column":6}},"15":{"start":{"line":34,"column":4},"end":{"line":36,"column":5}},"16":{"start":{"line":35,"column":6},"end":{"line":35,"column":79}},"17":{"start":{"line":38,"column":4},"end":{"line":56,"column":7}},"18":{"start":{"line":58,"column":4},"end":{"line":58,"column":14}}},"fnMap":{"0":{"name":"(anonymous_0)","decl":{"start":{"line":4,"column":24},"end":{"line":4,"column":25}},"loc":{"start":{"line":4,"column":50},"end":{"line":60,"column":1}},"line":4}},"branchMap":{"0":{"loc":{"start":{"line":13,"column":6},"end":{"line":15,"column":7}},"type":"if","locations":[{"start":{"line":13,"column":6},"end":{"line":15,"column":7}},{"start":{},"end":{}}],"line":13},"1":{"loc":{"start":{"line":18,"column":4},"end":{"line":27,"column":5}},"type":"if","locations":[{"start":{"line":18,"column":4},"end":{"line":27,"column":5}},{"start":{},"end":{}}],"line":18},"2":{"loc":{"start":{"line":18,"column":8},"end":{"line":18,"column":47}},"type":"binary-expr","locations":[{"start":{"line":18,"column":8},"end":{"line":18,"column":25}},{"start":{"line":18,"column":29},"end":{"line":18,"column":47}}],"line":18},"3":{"loc":{"start":{"line":21,"column":6},"end":{"line":26,"column":7}},"type":"if","locations":[{"start":{"line":21,"column":6},"end":{"line":26,"column":7}},{"start":{},"end":{}}],"line":21},"4":{"loc":{"start":{"line":21,"column":10},"end":{"line":21,"column":36}},"type":"binary-expr","locations":[{"start":{"line":21,"column":10},"end":{"line":21,"column":21}},{"start":{"line":21,"column":25},"end":{"line":21,"column":36}}],"line":21},"5":{"loc":{"start":{"line":34,"column":4},"end":{"line":36,"column":5}},"type":"if","locations":[{"start":{"line":34,"column":4},"end":{"line":36,"column":5}},{"start":{},"end":{}}],"line":34},"6":{"loc":{"start":{"line":53,"column":18},"end":{"line":53,"column":60}},"type":"binary-expr","locations":[{"start":{"line":53,"column":18},"end":{"line":53,"column":52}},{"start":{"line":53,"column":56},"end":{"line":53,"column":60}}],"line":53},"7":{"loc":{"start":{"line":54,"column":19},"end":{"line":54,"column":61}},"type":"binary-expr","locations":[{"start":{"line":54,"column":19},"end":{"line":54,"column":53}},{"start":{"line":54,"column":57},"end":{"line":54,"column":61}}],"line":54}},"s":{"0":1,"1":1,"2":1,"3":3,"4":3,"5":3,"6":3,"7":33,"8":3,"9":3,"10":1,"11":1,"12":1,"13":1,"14":3,"15":2,"16":1,"17":1,"18":1},"f":{"0":3},"b":{"0":[3,30],"1":[1,2],"2":[3,1],"3":[1,0],"4":[1,1],"5":[1,1],"6":[1,1],"7":[1,1]},"_coverageSchema":"1a1c01bbd47fc00a2c39e90264f33305004495a9","hash":"70768e8ea1ad11b784fc6846aafe7d3cbd163fd1"}
,"/Users/mayank.narula/Documents/Workspace/personal/BloodConnect/backend/middleware/auth.js": {"path":"/Users/mayank.narula/Documents/Workspace/personal/BloodConnect/backend/middleware/auth.js","statementMap":{"0":{"start":{"line":1,"column":12},"end":{"line":1,"column":35}},"1":{"start":{"line":2,"column":13},"end":{"line":2,"column":38}},"2":{"start":{"line":3,"column":12},"end":{"line":3,"column":36}},"3":{"start":{"line":4,"column":15},"end":{"line":4,"column":42}},"4":{"start":{"line":6,"column":0},"end":{"line":31,"column":2}},"5":{"start":{"line":9,"column":2},"end":{"line":11,"column":3}},"6":{"start":{"line":10,"column":4},"end":{"line":10,"column":52}},"7":{"start":{"line":13,"column":2},"end":{"line":15,"column":3}},"8":{"start":{"line":14,"column":4},"end":{"line":14,"column":98}},"9":{"start":{"line":17,"column":2},"end":{"line":30,"column":3}},"10":{"start":{"line":18,"column":20},"end":{"line":18,"column":53}},"11":{"start":{"line":19,"column":17},"end":{"line":19,"column":48}},"12":{"start":{"line":21,"column":4},"end":{"line":23,"column":5}},"13":{"start":{"line":22,"column":6},"end":{"line":22,"column":86}},"14":{"start":{"line":25,"column":4},"end":{"line":25,"column":20}},"15":{"start":{"line":26,"column":4},"end":{"line":26,"column":11}},"16":{"start":{"line":28,"column":4},"end":{"line":28,"column":72}},"17":{"start":{"line":29,"column":4},"end":{"line":29,"column":98}},"18":{"start":{"line":33,"column":0},"end":{"line":43,"column":2}},"19":{"start":{"line":34,"column":2},"end":{"line":42,"column":4}},"20":{"start":{"line":35,"column":4},"end":{"line":40,"column":5}},"21":{"start":{"line":36,"column":6},"end":{"line":39,"column":9}},"22":{"start":{"line":41,"column":4},"end":{"line":41,"column":11}}},"fnMap":{"0":{"name":"(anonymous_0)","decl":{"start":{"line":6,"column":18},"end":{"line":6,"column":19}},"loc":{"start":{"line":6,"column":44},"end":{"line":31,"column":1}},"line":6},"1":{"name":"(anonymous_1)","decl":{"start":{"line":33,"column":20},"end":{"line":33,"column":21}},"loc":{"start":{"line":33,"column":34},"end":{"line":43,"column":1}},"line":33},"2":{"name":"(anonymous_2)","decl":{"start":{"line":34,"column":9},"end":{"line":34,"column":10}},"loc":{"start":{"line":34,"column":29},"end":{"line":42,"column":3}},"line":34}},"branchMap":{"0":{"loc":{"start":{"line":9,"column":2},"end":{"line":11,"column":3}},"type":"if","locations":[{"start":{"line":9,"column":2},"end":{"line":11,"column":3}},{"start":{},"end":{}}],"line":9},"1":{"loc":{"start":{"line":9,"column":6},"end":{"line":9,"column":81}},"type":"binary-expr","locations":[{"start":{"line":9,"column":6},"end":{"line":9,"column":31}},{"start":{"line":9,"column":35},"end":{"line":9,"column":81}}],"line":9},"2":{"loc":{"start":{"line":13,"column":2},"end":{"line":15,"column":3}},"type":"if","locations":[{"start":{"line":13,"column":2},"end":{"line":15,"column":3}},{"start":{},"end":{}}],"line":13},"3":{"loc":{"start":{"line":21,"column":4},"end":{"line":23,"column":5}},"type":"if","locations":[{"start":{"line":21,"column":4},"end":{"line":23,"column":5}},{"start":{},"end":{}}],"line":21},"4":{"loc":{"start":{"line":35,"column":4},"end":{"line":40,"column":5}},"type":"if","locations":[{"start":{"line":35,"column":4},"end":{"line":40,"column":5}},{"start":{},"end":{}}],"line":35}},"s":{"0":1,"1":1,"2":1,"3":1,"4":1,"5":4,"6":3,"7":4,"8":1,"9":3,"10":3,"11":2,"12":2,"13":1,"14":1,"15":1,"16":1,"17":1,"18":1,"19":2,"20":2,"21":1,"22":1},"f":{"0":4,"1":2,"2":2},"b":{"0":[3,1],"1":[4,3],"2":[1,3],"3":[1,1],"4":[1,1]},"_coverageSchema":"1a1c01bbd47fc00a2c39e90264f33305004495a9","hash":"0f17d143b7e4eccd389177af51fe86bb64220932"}
,"/Users/mayank.narula/Documents/Workspace/personal/BloodConnect/backend/middleware/errorHandler.js": {"path":"/Users/mayank.narula/Documents/Workspace/personal/BloodConnect/backend/middleware/errorHandler.js","statementMap":{"0":{"start":{"line":1,"column":15},"end":{"line":1,"column":42}},"1":{"start":{"line":2,"column":12},"end":{"line":2,"column":36}},"2":{"start":{"line":6,"column":4},"end":{"line":6,"column":19}},"3":{"start":{"line":7,"column":4},"end":{"line":7,"column":33}},"4":{"start":{"line":8,"column":4},"end":{"line":8,"column":21}},"5":{"start":{"line":9,"column":4},"end":{"line":9,"column":30}},"6":{"start":{"line":13,"column":21},"end":{"line":61,"column":1}},"7":{"start":{"line":14,"column":19},"end":{"line":14,"column":40}},"8":{"start":{"line":15,"column":16},"end":{"line":15,"column":54}},"9":{"start":{"line":16,"column":13},"end":{"line":16,"column":41}},"10":{"start":{"line":19,"column":2},"end":{"line":23,"column":3}},"11":{"start":{"line":20,"column":4},"end":{"line":20,"column":21}},"12":{"start":{"line":21,"column":4},"end":{"line":21,"column":71}},"13":{"start":{"line":21,"column":49},"end":{"line":21,"column":58}},"14":{"start":{"line":22,"column":4},"end":{"line":22,"column":30}},"15":{"start":{"line":26,"column":2},"end":{"line":31,"column":3}},"16":{"start":{"line":27,"column":4},"end":{"line":27,"column":21}},"17":{"start":{"line":28,"column":18},"end":{"line":28,"column":46}},"18":{"start":{"line":29,"column":4},"end":{"line":29,"column":45}},"19":{"start":{"line":30,"column":4},"end":{"line":30,"column":27}},"20":{"start":{"line":34,"column":2},"end":{"line":38,"column":3}},"21":{"start":{"line":35,"column":4},"end":{"line":35,"column":21}},"22":{"start":{"line":36,"column":4},"end":{"line":36,"column":50}},"23":{"start":{"line":37,"column":4},"end":{"line":37,"column":24}},"24":{"start":{"line":41,"column":2},"end":{"line":45,"column":3}},"25":{"start":{"line":42,"column":4},"end":{"line":42,"column":21}},"26":{"start":{"line":43,"column":4},"end":{"line":43,"column":30}},"27":{"start":{"line":44,"column":4},"end":{"line":44,"column":27}},"28":{"start":{"line":46,"column":2},"end":{"line":50,"column":3}},"29":{"start":{"line":47,"column":4},"end":{"line":47,"column":21}},"30":{"start":{"line":48,"column":4},"end":{"line":48,"column":30}},"31":{"start":{"line":49,"column":4},"end":{"line":49,"column":27}},"32":{"start":{"line":52,"column":2},"end":{"line":54,"column":3}},"33":{"start":{"line":53,"column":4},"end":{"line":53,"column":87}},"34":{"start":{"line":56,"column":2},"end":{"line":60,"column":5}},"35":{"start":{"line":63,"column":0},"end":{"line":63,"column":44}}},"fnMap":{"0":{"name":"(anonymous_0)","decl":{"start":{"line":5,"column":2},"end":{"line":5,"column":3}},"loc":{"start":{"line":5,"column":41},"end":{"line":10,"column":3}},"line":5},"1":{"name":"(anonymous_1)","decl":{"start":{"line":13,"column":21},"end":{"line":13,"column":22}},"loc":{"start":{"line":13,"column":46},"end":{"line":61,"column":1}},"line":13},"2":{"name":"(anonymous_2)","decl":{"start":{"line":21,"column":44},"end":{"line":21,"column":45}},"loc":{"start":{"line":21,"column":49},"end":{"line":21,"column":58}},"line":21}},"branchMap":{"0":{"loc":{"start":{"line":14,"column":19},"end":{"line":14,"column":40}},"type":"binary-expr","locations":[{"start":{"line":14,"column":19},"end":{"line":14,"column":33}},{"start":{"line":14,"column":37},"end":{"line":14,"column":40}}],"line":14},"1":{"loc":{"start":{"line":15,"column":16},"end":{"line":15,"column":54}},"type":"binary-expr","locations":[{"start":{"line":15,"column":16},"end":{"line":15,"column":27}},{"start":{"line":15,"column":31},"end":{"line":15,"column":54}}],"line":15},"2":{"loc":{"start":{"line":16,"column":13},"end":{"line":16,"column":41}},"type":"binary-expr","locations":[{"start":{"line":16,"column":13},"end":{"line":16,"column":21}},{"start":{"line":16,"column":25},"end":{"line":16,"column":41}}],"line":16},"3":{"loc":{"start":{"line":19,"column":2},"end":{"line":23,"column":3}},"type":"if","locations":[{"start":{"line":19,"column":2},"end":{"line":23,"column":3}},{"start":{},"end":{}}],"line":19},"4":{"loc":{"start":{"line":26,"column":2},"end":{"line":31,"column":3}},"type":"if","locations":[{"start":{"line":26,"column":2},"end":{"line":31,"column":3}},{"start":{},"end":{}}],"line":26},"5":{"loc":{"start":{"line":34,"column":2},"end":{"line":38,"column":3}},"type":"if","locations":[{"start":{"line":34,"column":2},"end":{"line":38,"column":3}},{"start":{},"end":{}}],"line":34},"6":{"loc":{"start":{"line":41,"column":2},"end":{"line":45,"column":3}},"type":"if","locations":[{"start":{"line":41,"column":2},"end":{"line":45,"column":3}},{"start":{},"end":{}}],"line":41},"7":{"loc":{"start":{"line":46,"column":2},"end":{"line":50,"column":3}},"type":"if","locations":[{"start":{"line":46,"column":2},"end":{"line":50,"column":3}},{"start":{},"end":{}}],"line":46},"8":{"loc":{"start":{"line":52,"column":2},"end":{"line":54,"column":3}},"type":"if","locations":[{"start":{"line":52,"column":2},"end":{"line":54,"column":3}},{"start":{},"end":{}}],"line":52},"9":{"loc":{"start":{"line":58,"column":11},"end":{"line":58,"column":97}},"type":"cond-expr","locations":[{"start":{"line":58,"column":64},"end":{"line":58,"column":87}},{"start":{"line":58,"column":90},"end":{"line":58,"column":97}}],"line":58},"10":{"loc":{"start":{"line":58,"column":11},"end":{"line":58,"column":61}},"type":"binary-expr","locations":[{"start":{"line":58,"column":11},"end":{"line":58,"column":40}},{"start":{"line":58,"column":44},"end":{"line":58,"column":61}}],"line":58},"11":{"loc":{"start":{"line":59,"column":8},"end":{"line":59,"column":24}},"type":"binary-expr","locations":[{"start":{"line":59,"column":8},"end":{"line":59,"column":12}},{"start":{"line":59,"column":16},"end":{"line":59,"column":24}}],"line":59}},"s":{"0":1,"1":1,"2":1,"3":1,"4":1,"5":1,"6":1,"7":7,"8":7,"9":7,"10":7,"11":1,"12":1,"13":1,"14":1,"15":7,"16":1,"17":1,"18":1,"19":1,"20":7,"21":1,"22":1,"23":1,"24":7,"25":1,"26":1,"27":1,"28":7,"29":1,"30":1,"31":1,"32":7,"33":1,"34":7,"35":1},"f":{"0":1,"1":7,"2":1},"b":{"0":[7,6],"1":[7,5],"2":[7,5],"3":[1,6],"4":[1,6],"5":[1,6],"6":[1,6],"7":[1,6],"8":[1,6],"9":[0,7],"10":[7,0],"11":[7,7]},"_coverageSchema":"1a1c01bbd47fc00a2c39e90264f33305004495a9","hash":"8438ecf9ba1fba1f2c5916c39e7cef76c37c5b17"}
,"/Users/mayank.narula/Documents/Workspace/personal/BloodConnect/backend/middleware/validate.js": {"path":"/Users/mayank.narula/Documents/Workspace/personal/BloodConnect/backend/middleware/validate.js","statementMap":{"0":{"start":{"line":1,"column":42},"end":{"line":1,"column":70}},"1":{"start":{"line":3,"column":31},"end":{"line":10,"column":1}},"2":{"start":{"line":4,"column":17},"end":{"line":4,"column":38}},"3":{"start":{"line":5,"column":2},"end":{"line":8,"column":3}},"4":{"start":{"line":6,"column":21},"end":{"line":6,"column":51}},"5":{"start":{"line":6,"column":45},"end":{"line":6,"column":50}},"6":{"start":{"line":7,"column":4},"end":{"line":7,"column":106}},"7":{"start":{"line":9,"column":2},"end":{"line":9,"column":9}},"8":{"start":{"line":12,"column":21},"end":{"line":12,"column":71}},"9":{"start":{"line":14,"column":22},"end":{"line":27,"column":1}},"10":{"start":{"line":29,"column":19},"end":{"line":33,"column":1}},"11":{"start":{"line":35,"column":27},"end":{"line":39,"column":1}},"12":{"start":{"line":41,"column":28},"end":{"line":44,"column":1}},"13":{"start":{"line":46,"column":27},"end":{"line":55,"column":1}},"14":{"start":{"line":57,"column":27},"end":{"line":64,"column":1}},"15":{"start":{"line":66,"column":27},"end":{"line":69,"column":1}},"16":{"start":{"line":71,"column":27},"end":{"line":80,"column":1}},"17":{"start":{"line":82,"column":23},"end":{"line":86,"column":1}},"18":{"start":{"line":88,"column":25},"end":{"line":92,"column":1}},"19":{"start":{"line":94,"column":25},"end":{"line":97,"column":1}},"20":{"start":{"line":99,"column":25},"end":{"line":102,"column":1}},"21":{"start":{"line":104,"column":0},"end":{"line":117,"column":2}}},"fnMap":{"0":{"name":"(anonymous_0)","decl":{"start":{"line":3,"column":31},"end":{"line":3,"column":32}},"loc":{"start":{"line":3,"column":51},"end":{"line":10,"column":1}},"line":3},"1":{"name":"(anonymous_1)","decl":{"start":{"line":6,"column":40},"end":{"line":6,"column":41}},"loc":{"start":{"line":6,"column":45},"end":{"line":6,"column":50}},"line":6}},"branchMap":{"0":{"loc":{"start":{"line":5,"column":2},"end":{"line":8,"column":3}},"type":"if","locations":[{"start":{"line":5,"column":2},"end":{"line":8,"column":3}},{"start":{},"end":{}}],"line":5}},"s":{"0":2,"1":2,"2":13,"3":13,"4":10,"5":21,"6":10,"7":3,"8":2,"9":2,"10":2,"11":2,"12":2,"13":2,"14":2,"15":2,"16":2,"17":2,"18":2,"19":2,"20":2,"21":2},"f":{"0":13,"1":21},"b":{"0":[10,3]},"_coverageSchema":"1a1c01bbd47fc00a2c39e90264f33305004495a9","hash":"522b4f1f1c81823627e2c439f0f69a70914ff2c9"}
}
