TN:
SF:controllers/auth.js
FN:8,(anonymous_0)
FN:43,(anonymous_1)
FN:63,(anonymous_2)
FN:117,(anonymous_3)
FN:144,(anonymous_4)
FN:169,(anonymous_5)
FN:178,(anonymous_6)
FNF:7
FNH:7
FNDA:4,(anonymous_0)
FNDA:3,(anonymous_1)
FNDA:3,(anonymous_2)
FNDA:2,(anonymous_3)
FNDA:3,(anonymous_4)
FNDA:1,(anonymous_5)
FNDA:3,(anonymous_6)
DA:1,1
DA:2,1
DA:3,1
DA:4,1
DA:5,1
DA:6,1
DA:8,1
DA:9,4
DA:10,4
DA:12,4
DA:14,4
DA:15,1
DA:18,3
DA:19,2
DA:20,1
DA:23,1
DA:25,1
DA:26,1
DA:32,1
DA:33,1
DA:36,1
DA:37,1
DA:39,1
DA:43,1
DA:44,3
DA:45,3
DA:47,3
DA:48,3
DA:49,1
DA:52,2
DA:53,2
DA:54,1
DA:57,1
DA:59,0
DA:63,1
DA:64,3
DA:65,3
DA:67,3
DA:68,1
DA:74,2
DA:76,2
DA:77,1
DA:83,1
DA:84,1
DA:86,1
DA:87,1
DA:90,1
DA:92,1
DA:106,1
DA:108,1
DA:113,0
DA:117,1
DA:118,2
DA:119,2
DA:124,2
DA:129,2
DA:130,1
DA:133,1
DA:134,1
DA:135,1
DA:136,1
DA:138,1
DA:140,0
DA:144,1
DA:145,3
DA:146,3
DA:147,3
DA:148,1
DA:152,2
DA:153,2
DA:155,1
DA:158,1
DA:159,1
DA:160,0
DA:163,1
DA:165,0
DA:169,1
DA:170,1
DA:171,1
DA:172,1
DA:174,0
DA:178,1
DA:179,3
DA:180,3
DA:182,3
DA:183,3
DA:185,3
LF:87
LH:81
BRDA:12,0,0,0
BRDA:12,0,1,4
BRDA:14,1,0,1
BRDA:14,1,1,3
BRDA:14,2,0,4
BRDA:14,2,1,4
BRDA:19,3,0,1
BRDA:19,3,1,1
BRDA:25,4,0,1
BRDA:25,4,1,0
BRDA:25,5,0,1
BRDA:25,5,1,1
BRDA:32,6,0,1
BRDA:32,6,1,0
BRDA:48,7,0,1
BRDA:48,7,1,2
BRDA:53,8,0,1
BRDA:53,8,1,1
BRDA:67,9,0,1
BRDA:67,9,1,2
BRDA:76,10,0,1
BRDA:76,10,1,1
BRDA:86,11,0,1
BRDA:86,11,1,0
BRDA:129,12,0,1
BRDA:129,12,1,1
BRDA:147,13,0,1
BRDA:147,13,1,2
BRDA:159,14,0,0
BRDA:159,14,1,1
BRDA:159,15,0,1
BRDA:159,15,1,1
BRDA:202,16,0,3
BRDA:202,16,1,3
BRDA:203,17,0,3
BRDA:203,17,1,3
BRF:36
BRH:31
end_of_record
TN:
SF:controllers/chats.js
FN:6,(anonymous_0)
FN:37,(anonymous_1)
FN:47,(anonymous_2)
FN:58,(anonymous_3)
FN:65,(anonymous_4)
FN:92,(anonymous_5)
FN:114,(anonymous_6)
FN:125,(anonymous_7)
FNF:8
FNH:8
FNDA:2,(anonymous_0)
FNDA:3,(anonymous_1)
FNDA:2,(anonymous_2)
FNDA:2,(anonymous_3)
FNDA:1,(anonymous_4)
FNDA:2,(anonymous_5)
FNDA:3,(anonymous_6)
FNDA:2,(anonymous_7)
DA:1,1
DA:2,1
DA:3,1
DA:4,1
DA:6,1
DA:7,2
DA:8,2
DA:9,2
DA:10,2
DA:12,2
DA:14,2
DA:24,1
DA:33,1
DA:37,1
DA:38,3
DA:39,3
DA:43,3
DA:44,1
DA:47,2
DA:48,2
DA:49,1
DA:52,1
DA:54,0
DA:58,1
DA:59,2
DA:60,2
DA:61,2
DA:62,1
DA:65,1
DA:66,1
DA:67,0
DA:70,1
DA:71,1
DA:72,1
DA:74,1
DA:79,1
DA:88,0
DA:92,1
DA:93,2
DA:95,2
DA:96,2
DA:101,2
DA:102,1
DA:108,2
DA:110,0
DA:114,1
DA:115,3
DA:116,3
DA:117,3
DA:119,3
DA:120,3
DA:121,1
DA:122,1
DA:125,2
DA:126,2
DA:127,1
DA:128,1
DA:131,1
DA:136,1
DA:138,1
DA:139,1
DA:141,0
DA:142,0
DA:144,3
LF:64
LH:58
BRDA:8,0,0,2
BRDA:8,0,1,2
BRDA:9,1,0,2
BRDA:9,1,1,2
BRDA:43,2,0,1
BRDA:43,2,1,2
BRDA:48,3,0,1
BRDA:48,3,1,1
BRDA:61,4,0,1
BRDA:61,4,1,1
BRDA:66,5,0,0
BRDA:66,5,1,1
BRDA:70,6,0,1
BRDA:70,6,1,1
BRDA:71,7,0,1
BRDA:71,7,1,1
BRDA:98,8,0,2
BRDA:98,8,1,2
BRDA:101,9,0,1
BRDA:101,9,1,1
BRDA:120,10,0,1
BRDA:120,10,1,2
BRDA:126,11,0,1
BRDA:126,11,1,1
BRF:24
BRH:23
end_of_record
TN:
SF:controllers/donors.js
FN:8,(anonymous_0)
FN:47,(anonymous_1)
FN:55,(anonymous_2)
FN:86,(anonymous_3)
FN:100,(anonymous_4)
FN:122,(anonymous_5)
FNF:6
FNH:6
FNDA:3,(anonymous_0)
FNDA:2,(anonymous_1)
FNDA:2,(anonymous_2)
FNDA:2,(anonymous_3)
FNDA:1,(anonymous_4)
FNDA:1,(anonymous_5)
DA:1,1
DA:2,1
DA:3,1
DA:5,1
DA:6,1
DA:8,1
DA:9,3
DA:10,3
DA:11,3
DA:12,3
DA:14,3
DA:21,3
DA:22,1
DA:23,1
DA:24,1
DA:28,3
DA:29,1
DA:30,1
DA:31,1
DA:33,1
DA:34,1
DA:43,3
DA:45,2
DA:46,1
DA:47,2
DA:48,1
DA:49,1
DA:53,2
DA:54,1
DA:55,1
DA:56,2
DA:57,2
DA:59,1
DA:60,1
DA:62,0
DA:65,1
DA:68,2
DA:73,2
DA:82,1
DA:86,1
DA:87,2
DA:88,2
DA:90,2
DA:91,1
DA:94,1
DA:96,0
DA:100,1
DA:101,1
DA:102,1
DA:109,1
DA:118,1
DA:122,1
DA:125,0
LF:53
LH:50
BRDA:10,0,0,3
BRDA:10,0,1,2
BRDA:11,1,0,3
BRDA:11,1,1,2
BRDA:21,2,0,1
BRDA:21,2,1,2
BRDA:23,3,0,1
BRDA:23,3,1,0
BRDA:28,4,0,1
BRDA:28,4,1,2
BRDA:28,5,0,3
BRDA:28,5,1,1
BRDA:31,6,0,1
BRDA:31,6,1,0
BRDA:33,7,0,1
BRDA:33,7,1,0
BRDA:33,8,0,1
BRDA:33,8,1,1
BRDA:33,8,2,1
BRDA:33,8,3,1
BRDA:33,8,4,1
BRDA:33,8,5,1
BRDA:45,9,0,1
BRDA:45,9,1,1
BRDA:48,10,0,1
BRDA:48,10,1,0
BRDA:53,11,0,1
BRDA:53,11,1,1
BRDA:59,12,0,1
BRDA:59,12,1,0
BRDA:90,13,0,1
BRDA:90,13,1,1
BRDA:90,14,0,2
BRDA:90,14,1,1
BRF:34
BRH:29
end_of_record
TN:
SF:controllers/notifications.js
FN:4,(anonymous_0)
FN:29,(anonymous_1)
FNF:2
FNH:2
FNDA:4,(anonymous_0)
FNDA:2,(anonymous_1)
DA:1,1
DA:2,1
DA:4,1
DA:5,4
DA:6,4
DA:8,4
DA:9,1
DA:12,3
DA:13,1
DA:16,2
DA:22,1
DA:23,1
DA:25,1
DA:29,1
DA:30,2
DA:31,2
DA:33,2
DA:34,1
DA:37,1
DA:39,1
DA:40,1
DA:42,0
LF:22
LH:21
BRDA:8,0,0,1
BRDA:8,0,1,3
BRDA:8,1,0,4
BRDA:8,1,1,3
BRDA:12,2,0,1
BRDA:12,2,1,2
BRDA:33,3,0,1
BRDA:33,3,1,1
BRF:8
BRH:8
end_of_record
TN:
SF:controllers/requests.js
FN:7,(anonymous_0)
FN:40,(anonymous_1)
FN:57,(anonymous_2)
FN:65,(anonymous_3)
FN:117,(anonymous_4)
FNF:5
FNH:4
FNDA:1,(anonymous_0)
FNDA:2,(anonymous_1)
FNDA:0,(anonymous_2)
FNDA:4,(anonymous_3)
FNDA:3,(anonymous_4)
DA:1,1
DA:2,1
DA:3,1
DA:4,1
DA:5,1
DA:7,1
DA:8,1
DA:9,1
DA:10,1
DA:11,1
DA:13,1
DA:14,1
DA:15,1
DA:16,1
DA:18,1
DA:27,1
DA:36,0
DA:40,1
DA:41,2
DA:42,2
DA:44,2
DA:55,1
DA:57,1
DA:58,0
DA:61,1
DA:65,1
DA:66,4
DA:67,4
DA:68,4
DA:70,4
DA:71,3
DA:72,1
DA:73,1
DA:76,2
DA:77,1
DA:78,1
DA:81,1
DA:82,1
DA:83,1
DA:84,1
DA:86,1
DA:93,1
DA:94,1
DA:95,1
DA:96,8
DA:97,2
DA:101,1
DA:107,1
DA:108,1
DA:110,1
DA:111,1
DA:113,4
DA:117,1
DA:118,3
DA:119,3
DA:120,3
DA:121,1
DA:124,2
DA:125,1
DA:128,1
DA:129,1
DA:131,0
LF:62
LH:59
BRDA:9,0,0,1
BRDA:9,0,1,1
BRDA:10,1,0,1
BRDA:10,1,1,1
BRDA:14,2,0,1
BRDA:14,2,1,0
BRDA:15,3,0,0
BRDA:15,3,1,1
BRDA:16,4,0,1
BRDA:16,4,1,0
BRDA:71,5,0,1
BRDA:71,5,1,2
BRDA:76,6,0,1
BRDA:76,6,1,1
BRDA:76,7,0,2
BRDA:76,7,1,1
BRDA:81,8,0,1
BRDA:81,8,1,0
BRDA:81,9,0,1
BRDA:81,9,1,1
BRDA:96,10,0,2
BRDA:96,10,1,6
BRDA:120,11,0,1
BRDA:120,11,1,2
BRDA:124,12,0,1
BRDA:124,12,1,1
BRDA:124,13,0,2
BRDA:124,13,1,1
BRF:28
BRH:24
end_of_record
TN:
SF:controllers/users.js
FN:4,(anonymous_0)
FNF:1
FNH:1
FNDA:3,(anonymous_0)
DA:1,1
DA:2,1
DA:4,1
DA:5,3
DA:6,3
DA:11,3
DA:12,3
DA:13,33
DA:14,3
DA:18,3
DA:19,1
DA:20,1
DA:21,1
DA:22,1
DA:29,3
DA:34,2
DA:35,1
DA:38,1
DA:58,1
LF:19
LH:19
BRDA:13,0,0,3
BRDA:13,0,1,30
BRDA:18,1,0,1
BRDA:18,1,1,2
BRDA:18,2,0,3
BRDA:18,2,1,1
BRDA:21,3,0,1
BRDA:21,3,1,0
BRDA:21,4,0,1
BRDA:21,4,1,1
BRDA:34,5,0,1
BRDA:34,5,1,1
BRDA:53,6,0,1
BRDA:53,6,1,1
BRDA:54,7,0,1
BRDA:54,7,1,1
BRF:16
BRH:15
end_of_record
TN:
SF:middleware/auth.js
FN:6,(anonymous_0)
FN:33,(anonymous_1)
FN:34,(anonymous_2)
FNF:3
FNH:3
FNDA:4,(anonymous_0)
FNDA:2,(anonymous_1)
FNDA:2,(anonymous_2)
DA:1,1
DA:2,1
DA:3,1
DA:4,1
DA:6,1
DA:9,4
DA:10,3
DA:13,4
DA:14,1
DA:17,3
DA:18,3
DA:19,2
DA:21,2
DA:22,1
DA:25,1
DA:26,1
DA:28,1
DA:29,1
DA:33,1
DA:34,2
DA:35,2
DA:36,1
DA:41,1
LF:23
LH:23
BRDA:9,0,0,3
BRDA:9,0,1,1
BRDA:9,1,0,4
BRDA:9,1,1,3
BRDA:13,2,0,1
BRDA:13,2,1,3
BRDA:21,3,0,1
BRDA:21,3,1,1
BRDA:35,4,0,1
BRDA:35,4,1,1
BRF:10
BRH:10
end_of_record
TN:
SF:middleware/errorHandler.js
FN:5,(anonymous_0)
FN:13,(anonymous_1)
FN:21,(anonymous_2)
FNF:3
FNH:3
FNDA:1,(anonymous_0)
FNDA:7,(anonymous_1)
FNDA:1,(anonymous_2)
DA:1,1
DA:2,1
DA:6,1
DA:7,1
DA:8,1
DA:9,1
DA:13,1
DA:14,7
DA:15,7
DA:16,7
DA:19,7
DA:20,1
DA:21,1
DA:22,1
DA:26,7
DA:27,1
DA:28,1
DA:29,1
DA:30,1
DA:34,7
DA:35,1
DA:36,1
DA:37,1
DA:41,7
DA:42,1
DA:43,1
DA:44,1
DA:46,7
DA:47,1
DA:48,1
DA:49,1
DA:52,7
DA:53,1
DA:56,7
DA:63,1
LF:35
LH:35
BRDA:14,0,0,7
BRDA:14,0,1,6
BRDA:15,1,0,7
BRDA:15,1,1,5
BRDA:16,2,0,7
BRDA:16,2,1,5
BRDA:19,3,0,1
BRDA:19,3,1,6
BRDA:26,4,0,1
BRDA:26,4,1,6
BRDA:34,5,0,1
BRDA:34,5,1,6
BRDA:41,6,0,1
BRDA:41,6,1,6
BRDA:46,7,0,1
BRDA:46,7,1,6
BRDA:52,8,0,1
BRDA:52,8,1,6
BRDA:58,9,0,0
BRDA:58,9,1,7
BRDA:58,10,0,7
BRDA:58,10,1,0
BRDA:59,11,0,7
BRDA:59,11,1,7
BRF:24
BRH:22
end_of_record
TN:
SF:middleware/validate.js
FN:3,(anonymous_0)
FN:6,(anonymous_1)
FNF:2
FNH:2
FNDA:13,(anonymous_0)
FNDA:21,(anonymous_1)
DA:1,2
DA:3,2
DA:4,13
DA:5,13
DA:6,21
DA:7,10
DA:9,3
DA:12,2
DA:14,2
DA:29,2
DA:35,2
DA:41,2
DA:46,2
DA:57,2
DA:66,2
DA:71,2
DA:82,2
DA:88,2
DA:94,2
DA:99,2
DA:104,2
LF:21
LH:21
BRDA:5,0,0,10
BRDA:5,0,1,3
BRF:2
BRH:2
end_of_record
